[INFO ] 02-10-2024 23:14:28 [main] Log - Test case: DangNhapKhongThanhCong_passnhapkytudacbiet test is starting...
[WARN ] 02-10-2024 23:14:28 [main] Log - Test case: DangNhapKhongThanhCong_passnhapkytudacbiet is skipped.
[INFO ] 02-10-2024 23:14:28 [main] Log - Test case: DangNhapKhongThanhCong_saiemail test is starting...
[WARN ] 02-10-2024 23:14:28 [main] Log - Test case: DangNhapKhongThanhCong_saiemail is skipped.
[INFO ] 02-10-2024 23:14:28 [main] Log - Test case: DangNhapKhongThanhCong_saipass1 test is starting...
[WARN ] 02-10-2024 23:14:28 [main] Log - Test case: DangNhapKhongThanhCong_saipass1 is skipped.
[INFO ] 02-10-2024 23:14:28 [main] Log - Test case: DangNhapThanhCong test is starting...
[WARN ] 02-10-2024 23:14:28 [main] Log - Test case: DangNhapThanhCong is skipped.
[INFO ] 02-10-2024 23:14:28 [main] Log - Test case: DangNhapThanhCong_email21kytudung test is starting...
[WARN ] 02-10-2024 23:14:28 [main] Log - Test case: DangNhapThanhCong_email21kytudung is skipped.
[INFO ] 02-10-2024 23:14:28 [main] Log - Test case: DangNhapThanhCong_email50kytudung test is starting...
[WARN ] 02-10-2024 23:14:28 [main] Log - Test case: DangNhapThanhCong_email50kytudung is skipped.
[INFO ] 02-10-2024 23:14:28 [main] Log - Test case: DangNhapThanhCong_email51kytu test is starting...
[WARN ] 02-10-2024 23:14:28 [main] Log - Test case: DangNhapThanhCong_email51kytu is skipped.
[INFO ] 02-10-2024 23:14:28 [main] Log - End suite testing Suite1
[INFO ] 02-10-2024 23:16:09 [main] Log - Test case: DangNhapKhongThanhCong_passnhapkytudacbiet test is starting...
[WARN ] 02-10-2024 23:16:09 [main] Log - Test case: DangNhapKhongThanhCong_passnhapkytudacbiet is skipped.
[INFO ] 02-10-2024 23:16:09 [main] Log - Test case: DangNhapKhongThanhCong_saiemail test is starting...
[WARN ] 02-10-2024 23:16:09 [main] Log - Test case: DangNhapKhongThanhCong_saiemail is skipped.
[INFO ] 02-10-2024 23:16:09 [main] Log - Test case: DangNhapKhongThanhCong_saipass1 test is starting...
[WARN ] 02-10-2024 23:16:09 [main] Log - Test case: DangNhapKhongThanhCong_saipass1 is skipped.
[INFO ] 02-10-2024 23:16:09 [main] Log - Test case: DangNhapThanhCong test is starting...
[WARN ] 02-10-2024 23:16:09 [main] Log - Test case: DangNhapThanhCong is skipped.
[INFO ] 02-10-2024 23:16:09 [main] Log - Test case: DangNhapThanhCong_email21kytudung test is starting...
[WARN ] 02-10-2024 23:16:09 [main] Log - Test case: DangNhapThanhCong_email21kytudung is skipped.
[INFO ] 02-10-2024 23:16:09 [main] Log - Test case: DangNhapThanhCong_email50kytudung test is starting...
[WARN ] 02-10-2024 23:16:09 [main] Log - Test case: DangNhapThanhCong_email50kytudung is skipped.
[INFO ] 02-10-2024 23:16:09 [main] Log - Test case: DangNhapThanhCong_email51kytu test is starting...
[WARN ] 02-10-2024 23:16:09 [main] Log - Test case: DangNhapThanhCong_email51kytu is skipped.
[INFO ] 02-10-2024 23:16:09 [main] Log - End suite testing Suite1
[INFO ] 02-10-2024 23:19:41 [main] Log - Test case: DangNhapKhongThanhCong_passnhapkytudacbiet test is starting...
[WARN ] 02-10-2024 23:19:41 [main] Log - Test case: DangNhapKhongThanhCong_passnhapkytudacbiet is skipped.
[INFO ] 02-10-2024 23:19:41 [main] Log - Test case: DangNhapKhongThanhCong_saiemail test is starting...
[WARN ] 02-10-2024 23:19:41 [main] Log - Test case: DangNhapKhongThanhCong_saiemail is skipped.
[INFO ] 02-10-2024 23:19:41 [main] Log - Test case: DangNhapKhongThanhCong_saipass1 test is starting...
[WARN ] 02-10-2024 23:19:41 [main] Log - Test case: DangNhapKhongThanhCong_saipass1 is skipped.
[INFO ] 02-10-2024 23:19:41 [main] Log - Test case: DangNhapThanhCong test is starting...
[WARN ] 02-10-2024 23:19:41 [main] Log - Test case: DangNhapThanhCong is skipped.
[INFO ] 02-10-2024 23:19:41 [main] Log - Test case: DangNhapThanhCong_email21kytudung test is starting...
[WARN ] 02-10-2024 23:19:41 [main] Log - Test case: DangNhapThanhCong_email21kytudung is skipped.
[INFO ] 02-10-2024 23:19:41 [main] Log - Test case: DangNhapThanhCong_email50kytudung test is starting...
[WARN ] 02-10-2024 23:19:41 [main] Log - Test case: DangNhapThanhCong_email50kytudung is skipped.
[INFO ] 02-10-2024 23:19:41 [main] Log - Test case: DangNhapThanhCong_email51kytu test is starting...
[WARN ] 02-10-2024 23:19:41 [main] Log - Test case: DangNhapThanhCong_email51kytu is skipped.
[INFO ] 02-10-2024 23:19:41 [main] Log - End suite testing Suite1
[INFO ] 02-10-2024 23:22:51 [main] Log - Test case: DangNhapKhongThanhCong_passnhapkytudacbiet test is starting...
[WARN ] 02-10-2024 23:22:51 [main] Log - Test case: DangNhapKhongThanhCong_passnhapkytudacbiet is skipped.
[INFO ] 02-10-2024 23:22:51 [main] Log - Test case: DangNhapKhongThanhCong_saiemail test is starting...
[WARN ] 02-10-2024 23:22:51 [main] Log - Test case: DangNhapKhongThanhCong_saiemail is skipped.
[INFO ] 02-10-2024 23:22:51 [main] Log - Test case: DangNhapKhongThanhCong_saipass1 test is starting...
[WARN ] 02-10-2024 23:22:51 [main] Log - Test case: DangNhapKhongThanhCong_saipass1 is skipped.
[INFO ] 02-10-2024 23:22:51 [main] Log - Test case: DangNhapThanhCong test is starting...
[WARN ] 02-10-2024 23:22:51 [main] Log - Test case: DangNhapThanhCong is skipped.
[INFO ] 02-10-2024 23:22:51 [main] Log - Test case: DangNhapThanhCong_email21kytudung test is starting...
[WARN ] 02-10-2024 23:22:51 [main] Log - Test case: DangNhapThanhCong_email21kytudung is skipped.
[INFO ] 02-10-2024 23:22:51 [main] Log - Test case: DangNhapThanhCong_email50kytudung test is starting...
[WARN ] 02-10-2024 23:22:51 [main] Log - Test case: DangNhapThanhCong_email50kytudung is skipped.
[INFO ] 02-10-2024 23:22:51 [main] Log - Test case: DangNhapThanhCong_email51kytu test is starting...
[WARN ] 02-10-2024 23:22:51 [main] Log - Test case: DangNhapThanhCong_email51kytu is skipped.
[INFO ] 02-10-2024 23:22:51 [main] Log - End suite testing Suite1
[INFO ] 02-10-2024 23:27:24 [main] Log - Test case: DangNhapKhongThanhCong_passnhapkytudacbiet test is starting...
[WARN ] 02-10-2024 23:27:24 [main] Log - Test case: DangNhapKhongThanhCong_passnhapkytudacbiet is skipped.
[INFO ] 02-10-2024 23:27:24 [main] Log - Test case: DangNhapKhongThanhCong_saiemail test is starting...
[WARN ] 02-10-2024 23:27:24 [main] Log - Test case: DangNhapKhongThanhCong_saiemail is skipped.
[INFO ] 02-10-2024 23:27:24 [main] Log - Test case: DangNhapKhongThanhCong_saipass1 test is starting...
[WARN ] 02-10-2024 23:27:24 [main] Log - Test case: DangNhapKhongThanhCong_saipass1 is skipped.
[INFO ] 02-10-2024 23:27:24 [main] Log - Test case: DangNhapThanhCong test is starting...
[WARN ] 02-10-2024 23:27:24 [main] Log - Test case: DangNhapThanhCong is skipped.
[INFO ] 02-10-2024 23:27:24 [main] Log - Test case: DangNhapThanhCong_email21kytudung test is starting...
[WARN ] 02-10-2024 23:27:24 [main] Log - Test case: DangNhapThanhCong_email21kytudung is skipped.
[INFO ] 02-10-2024 23:27:24 [main] Log - Test case: DangNhapThanhCong_email50kytudung test is starting...
[WARN ] 02-10-2024 23:27:24 [main] Log - Test case: DangNhapThanhCong_email50kytudung is skipped.
[INFO ] 02-10-2024 23:27:24 [main] Log - Test case: DangNhapThanhCong_email51kytu test is starting...
[WARN ] 02-10-2024 23:27:24 [main] Log - Test case: DangNhapThanhCong_email51kytu is skipped.
[INFO ] 02-10-2024 23:27:24 [main] Log - End suite testing Suite1
[INFO ] 02-10-2024 23:30:33 [main] Log - Test case: DangNhapKhongThanhCong_passnhapkytudacbiet test is starting...
[WARN ] 02-10-2024 23:30:33 [main] Log - Test case: DangNhapKhongThanhCong_passnhapkytudacbiet is skipped.
[INFO ] 02-10-2024 23:30:33 [main] Log - Test case: DangNhapKhongThanhCong_saiemail test is starting...
[WARN ] 02-10-2024 23:30:33 [main] Log - Test case: DangNhapKhongThanhCong_saiemail is skipped.
[INFO ] 02-10-2024 23:30:33 [main] Log - Test case: DangNhapKhongThanhCong_saipass1 test is starting...
[WARN ] 02-10-2024 23:30:33 [main] Log - Test case: DangNhapKhongThanhCong_saipass1 is skipped.
[INFO ] 02-10-2024 23:30:33 [main] Log - Test case: DangNhapThanhCong test is starting...
[WARN ] 02-10-2024 23:30:33 [main] Log - Test case: DangNhapThanhCong is skipped.
[INFO ] 02-10-2024 23:30:33 [main] Log - Test case: DangNhapThanhCong_email21kytudung test is starting...
[WARN ] 02-10-2024 23:30:33 [main] Log - Test case: DangNhapThanhCong_email21kytudung is skipped.
[INFO ] 02-10-2024 23:30:33 [main] Log - Test case: DangNhapThanhCong_email50kytudung test is starting...
[WARN ] 02-10-2024 23:30:33 [main] Log - Test case: DangNhapThanhCong_email50kytudung is skipped.
[INFO ] 02-10-2024 23:30:33 [main] Log - Test case: DangNhapThanhCong_email51kytu test is starting...
[WARN ] 02-10-2024 23:30:33 [main] Log - Test case: DangNhapThanhCong_email51kytu is skipped.
[INFO ] 02-10-2024 23:30:33 [main] Log - End suite testing Suite1
[DEBUG] 04-10-2024 13:23:04 [main] TestNG - suiteXmlPath: "/home/minhduc/.cache/JetBrains/IntelliJIdea2023.2/temp-testng-customsuite.xml"
[INFO ] 04-10-2024 13:23:06 [main] Utils - [TestNG] Running:
  /home/minhduc/.cache/JetBrains/IntelliJIdea2023.2/temp-testng-customsuite.xml

[DEBUG] 04-10-2024 13:23:07 [main] ResolutionCache - Resolution chrome=114 in cache (valid until 14:11:12 04/10/2024 ICT)
[DEBUG] 04-10-2024 13:23:07 [main] ResolutionCache - Resolution chrome114=114.0.5735.90 in cache (valid until 09:12:43 05/10/2024 ICT)
[INFO ] 04-10-2024 13:23:07 [main] WebDriverManager - Using chromedriver 114.0.5735.90 (resolved driver for Chrome 114)
[DEBUG] 04-10-2024 13:23:07 [main] WebDriverManager - Driver chromedriver 114.0.5735.90 found in cache
[INFO ] 04-10-2024 13:23:07 [main] WebDriverManager - Exporting webdriver.chrome.driver as /home/minhduc/.cache/selenium/chromedriver/linux64/114.0.5735.90/chromedriver
[INFO ] 04-10-2024 13:23:09 [main] Log - Truy cap trang: https://maybi.com/
[INFO ] 04-10-2024 13:23:15 [main] Log - [Hover] vào By.xpath: /html/body/header/div/div[4]/div/div[1]
[INFO ] 04-10-2024 13:23:15 [main] Log - [Click] vào By.xpath: //a[contains(text(),'Đăng nhập')]
[INFO ] 04-10-2024 13:23:18 [main] Log - [Clear text] của By.id: customer_email
[INFO ] 04-10-2024 13:23:18 [main] Log - [Set text] của By.id: customer_email
[INFO ] 04-10-2024 13:23:18 [main] Log - [Clear text] của By.id: customer_password
[INFO ] 04-10-2024 13:23:18 [main] Log - [Set text] của By.id: customer_password
[INFO ] 04-10-2024 13:23:19 [main] Log - [Click] vào By.xpath: /html/body/section[2]/div/div/div[2]/div/div[1]/div[1]/form/div[2]/div/button
[INFO ] 04-10-2024 13:23:20 [main] Log - [Verify Element text] của: By.xpath: /html/body/section[2]/div/div/div[1]/div/p/span với value: Nguyễn Linh đƠN ẢO
[INFO ] 04-10-2024 13:23:20 [main] Log - [Hover] vào By.xpath: /html/body/header/div/div[4]/div/div[1]
[INFO ] 04-10-2024 13:23:21 [main] Log - [Click] vào By.xpath: //a[contains(text(),'Đăng xuất')]
[DEBUG] 04-10-2024 13:25:28 [main] TestNG - suiteXmlPath: "/home/minhduc/.cache/JetBrains/IntelliJIdea2023.2/temp-testng-customsuite.xml"
[INFO ] 04-10-2024 13:25:29 [main] Utils - [TestNG] Running:
  /home/minhduc/.cache/JetBrains/IntelliJIdea2023.2/temp-testng-customsuite.xml

[DEBUG] 04-10-2024 13:25:30 [main] ResolutionCache - Resolution chrome=114 in cache (valid until 14:11:12 04/10/2024 ICT)
[DEBUG] 04-10-2024 13:25:30 [main] ResolutionCache - Resolution chrome114=114.0.5735.90 in cache (valid until 09:12:43 05/10/2024 ICT)
[INFO ] 04-10-2024 13:25:30 [main] WebDriverManager - Using chromedriver 114.0.5735.90 (resolved driver for Chrome 114)
[DEBUG] 04-10-2024 13:25:30 [main] WebDriverManager - Driver chromedriver 114.0.5735.90 found in cache
[INFO ] 04-10-2024 13:25:30 [main] WebDriverManager - Exporting webdriver.chrome.driver as /home/minhduc/.cache/selenium/chromedriver/linux64/114.0.5735.90/chromedriver
[INFO ] 04-10-2024 13:25:32 [main] Log - Truy cap trang: https://maybi.com/
[INFO ] 04-10-2024 13:25:34 [main] Log - [Hover] vào By.xpath: /html/body/header/div/div[4]/div/div[1]
[INFO ] 04-10-2024 13:25:34 [main] Log - [Click] vào By.xpath: //a[contains(text(),'Đăng nhập')]
[INFO ] 04-10-2024 13:25:37 [main] Log - [Clear text] của By.id: customer_email
[INFO ] 04-10-2024 13:25:37 [main] Log - [Set text] của By.id: customer_email
[INFO ] 04-10-2024 13:25:37 [main] Log - [Clear text] của By.id: customer_password
[INFO ] 04-10-2024 13:25:37 [main] Log - [Set text] của By.id: customer_password
[INFO ] 04-10-2024 13:25:37 [main] Log - [Click] vào By.xpath: /html/body/section[2]/div/div/div[2]/div/div[1]/div[1]/form/div[2]/div/button
[INFO ] 04-10-2024 13:25:39 [main] Log - [Verify Element text] của: By.xpath: /html/body/section[2]/div/div/div[1]/div/p/span với value: Nguyễn Linh đƠN ẢO
[INFO ] 04-10-2024 13:25:39 [main] Log - [Hover] vào By.xpath: /html/body/header/div/div[4]/div/div[1]
[INFO ] 04-10-2024 13:25:39 [main] Log - [Click] vào By.xpath: //a[contains(text(),'Đăng xuất')]
