[INFO ] 03-10-2024 21:30:43 [main] Log - Test case: TimKiemTuKhoaDung test is starting...
[INFO ] 03-10-2024 21:30:43 [main] Log - Truy cap trang: https://maybi.com/
[INFO ] 03-10-2024 21:30:44 [main] Log - [Click] vào By.xpath: /html/body/header[1]/div/div[4]/div/span
[INFO ] 03-10-2024 21:30:45 [main] Log - [Clear text] của By.xpath: /html/body/header[2]/div/div[1]/div[2]/form/input[1]
[INFO ] 03-10-2024 21:30:45 [main] Log - [Set text] của By.xpath: /html/body/header[2]/div/div[1]/div[2]/form/input[1]
[INFO ] 03-10-2024 21:30:46 [main] Log - [Click] vào By.xpath: //div[contains(@class, 'tw-bg-black/40')]
[INFO ] 03-10-2024 21:30:46 [main] Log - [Click] vào By.xpath: /html/body/header[2]/div/div[1]/div[2]/form/span/button
[INFO ] 03-10-2024 21:30:48 [main] Log - [Verify Element text] của: By.xpath: //a[contains(text(),'Áo thun ôm xếp ly vai')] với value: Áo thun ôm xếp ly vai
[INFO ] 03-10-2024 21:30:48 [main] Log - Test case: TimKiemTuKhoaDung is passed.
[INFO ] 03-10-2024 21:30:49 [main] Log - Test case: TimKiemTuKhoaGanDung test is starting...
[INFO ] 03-10-2024 21:30:49 [main] Log - Truy cap trang: https://maybi.com/
[INFO ] 03-10-2024 21:30:52 [main] Log - [Click] vào By.xpath: /html/body/header[1]/div/div[4]/div/span
[INFO ] 03-10-2024 21:30:53 [main] Log - [Clear text] của By.xpath: /html/body/header[2]/div/div[1]/div[2]/form/input[1]
[INFO ] 03-10-2024 21:30:53 [main] Log - [Set text] của By.xpath: /html/body/header[2]/div/div[1]/div[2]/form/input[1]
[INFO ] 03-10-2024 21:30:54 [main] Log - [Click] vào By.xpath: //div[contains(@class, 'tw-bg-black/40')]
[INFO ] 03-10-2024 21:30:54 [main] Log - [Click] vào By.xpath: /html/body/header[2]/div/div[1]/div[2]/form/span/button
[INFO ] 03-10-2024 21:30:57 [main] Log - [Verify Element text] của: By.xpath: //a[contains(text(),'Chân váy midi xoè lưới')] với value: Chân váy midi xoè lưới
[INFO ] 03-10-2024 21:30:57 [main] Log - Test case: TimKiemTuKhoaGanDung is passed.
[INFO ] 03-10-2024 21:30:58 [main] Log - Test case: TimKiemTuKhoaNhapKhongCoTrongDB test is starting...
[INFO ] 03-10-2024 21:30:58 [main] Log - Truy cap trang: https://maybi.com/
[INFO ] 03-10-2024 21:31:01 [main] Log - [Click] vào By.xpath: /html/body/header[1]/div/div[4]/div/span
[INFO ] 03-10-2024 21:31:02 [main] Log - [Clear text] của By.xpath: /html/body/header[2]/div/div[1]/div[2]/form/input[1]
[INFO ] 03-10-2024 21:31:02 [main] Log - [Set text] của By.xpath: /html/body/header[2]/div/div[1]/div[2]/form/input[1]
[INFO ] 03-10-2024 21:31:03 [main] Log - [Click] vào By.xpath: //div[contains(@class, 'tw-bg-black/40')]
[INFO ] 03-10-2024 21:31:03 [main] Log - [Click] vào By.xpath: /html/body/header[2]/div/div[1]/div[2]/form/span/button
[INFO ] 03-10-2024 21:31:04 [main] Log - [Verify Element text] của: By.xpath: //h2[contains(text(),'Không tìm thấy bất kỳ kết quả nào với từ khóa trên.')] với value: Không tìm thấy bất kỳ kết quả nào với từ khóa trên.
[ERROR] 03-10-2024 21:31:04 [main] Log - Đây là test case bị fail: TimKiemTuKhoaNhapKhongCoTrongDB
[ERROR] 03-10-2024 21:31:04 [main] Log - Test case: TimKiemTuKhoaNhapKhongCoTrongDB is failed.
[INFO ] 03-10-2024 21:31:05 [main] Log - Test case: TimKiemTuKhoaNhapKiTuDacBiet test is starting...
[INFO ] 03-10-2024 21:31:05 [main] Log - Truy cap trang: https://maybi.com/
[INFO ] 03-10-2024 21:31:07 [main] Log - [Click] vào By.xpath: /html/body/header[1]/div/div[4]/div/span
[INFO ] 03-10-2024 21:31:08 [main] Log - [Clear text] của By.xpath: /html/body/header[2]/div/div[1]/div[2]/form/input[1]
[INFO ] 03-10-2024 21:31:08 [main] Log - [Set text] của By.xpath: /html/body/header[2]/div/div[1]/div[2]/form/input[1]
[INFO ] 03-10-2024 21:31:09 [main] Log - [Click] vào By.xpath: //div[contains(@class, 'tw-bg-black/40')]
[INFO ] 03-10-2024 21:31:09 [main] Log - [Click] vào By.xpath: /html/body/header[2]/div/div[1]/div[2]/form/span/button
[INFO ] 03-10-2024 21:31:11 [main] Log - [Verify Element text] của: By.xpath: //h2[contains(text(),'Không tìm thấy bất kỳ kết quả nào với từ khóa trên.')] với value: Không tìm thấy bất kỳ kết quả nào với từ khóa trên.
[ERROR] 03-10-2024 21:31:41 [main] Log - Đây là test case bị fail: TimKiemTuKhoaNhapKiTuDacBiet
[ERROR] 03-10-2024 21:31:42 [main] Log - Test case: TimKiemTuKhoaNhapKiTuDacBiet is failed.
[INFO ] 03-10-2024 21:31:43 [main] Log - Test case: TimKiemTuKhoaNhapSo test is starting...
[INFO ] 03-10-2024 21:31:43 [main] Log - Truy cap trang: https://maybi.com/
[INFO ] 03-10-2024 21:31:47 [main] Log - [Click] vào By.xpath: /html/body/header[1]/div/div[4]/div/span
[INFO ] 03-10-2024 21:31:47 [main] Log - [Clear text] của By.xpath: /html/body/header[2]/div/div[1]/div[2]/form/input[1]
[INFO ] 03-10-2024 21:31:48 [main] Log - [Set text] của By.xpath: /html/body/header[2]/div/div[1]/div[2]/form/input[1]
[INFO ] 03-10-2024 21:31:48 [main] Log - [Click] vào By.xpath: //div[contains(@class, 'tw-bg-black/40')]
[INFO ] 03-10-2024 21:31:49 [main] Log - [Click] vào By.xpath: /html/body/header[2]/div/div[1]/div[2]/form/span/button
[INFO ] 03-10-2024 21:31:50 [main] Log - [Verify Element text] của: By.xpath: //h2[contains(text(),'Không tìm thấy bất kỳ kết quả nào với từ khóa trên.')] với value: Không tìm thấy bất kỳ kết quả nào với từ khóa trên.
[ERROR] 03-10-2024 21:31:50 [main] Log - Đây là test case bị fail: TimKiemTuKhoaNhapSo
[ERROR] 03-10-2024 21:31:50 [main] Log - Test case: TimKiemTuKhoaNhapSo is failed.
[INFO ] 03-10-2024 21:31:51 [main] Log - Test case: TimKiemTuKhoachuhoacodau test is starting...
[INFO ] 03-10-2024 21:31:51 [main] Log - Truy cap trang: https://maybi.com/
[INFO ] 03-10-2024 21:31:52 [main] Log - [Click] vào By.xpath: /html/body/header[1]/div/div[4]/div/span
[INFO ] 03-10-2024 21:31:53 [main] Log - [Clear text] của By.xpath: /html/body/header[2]/div/div[1]/div[2]/form/input[1]
[INFO ] 03-10-2024 21:31:53 [main] Log - [Set text] của By.xpath: /html/body/header[2]/div/div[1]/div[2]/form/input[1]
[INFO ] 03-10-2024 21:31:53 [main] Log - [Click] vào By.xpath: //div[contains(@class, 'tw-bg-black/40')]
[INFO ] 03-10-2024 21:31:54 [main] Log - [Click] vào By.xpath: /html/body/header[2]/div/div[1]/div[2]/form/span/button
[INFO ] 03-10-2024 21:31:55 [main] Log - [Verify Element text] của: By.xpath: //a[contains(text(),'Áo Blazer lửng')] với value: Áo Blazer lửng
[ERROR] 03-10-2024 21:32:25 [main] Log - Đây là test case bị fail: TimKiemTuKhoachuhoacodau
[ERROR] 03-10-2024 21:32:26 [main] Log - Test case: TimKiemTuKhoachuhoacodau is failed.
[INFO ] 03-10-2024 21:32:27 [main] Log - Test case: TimKiemTuKhoachuhoakhongdau test is starting...
[INFO ] 03-10-2024 21:32:27 [main] Log - Truy cap trang: https://maybi.com/
[INFO ] 03-10-2024 21:32:28 [main] Log - [Click] vào By.xpath: /html/body/header[1]/div/div[4]/div/span
[INFO ] 03-10-2024 21:32:29 [main] Log - [Clear text] của By.xpath: /html/body/header[2]/div/div[1]/div[2]/form/input[1]
[INFO ] 03-10-2024 21:32:29 [main] Log - [Set text] của By.xpath: /html/body/header[2]/div/div[1]/div[2]/form/input[1]
[INFO ] 03-10-2024 21:32:29 [main] Log - [Click] vào By.xpath: //div[contains(@class, 'tw-bg-black/40')]
[INFO ] 03-10-2024 21:32:30 [main] Log - [Click] vào By.xpath: /html/body/header[2]/div/div[1]/div[2]/form/span/button
[INFO ] 03-10-2024 21:32:32 [main] Log - [Verify Element text] của: By.xpath: //a[contains(text(),'Áo Blazer lửng')] với value: Áo Blazer lửng
[ERROR] 03-10-2024 21:33:02 [main] Log - Đây là test case bị fail: TimKiemTuKhoachuhoakhongdau
[ERROR] 03-10-2024 21:33:03 [main] Log - Test case: TimKiemTuKhoachuhoakhongdau is failed.
[INFO ] 03-10-2024 21:33:03 [main] Log - End suite testing Suite1
