[INFO ] 03-10-2024 07:00:54 [main] Log - Test case: DangNhapKhongThanhCong_passnhapkytudacbiet test is starting...
[INFO ] 03-10-2024 07:00:54 [main] Log - Truy cap trang: https://maybi.com/
[INFO ] 03-10-2024 07:00:57 [main] Log - [Hover] vào By.xpath: /html/body/header/div/div[4]/div/div[1]
[INFO ] 03-10-2024 07:00:57 [main] Log - [Click] vào By.xpath: //a[contains(text(),'Đăng nhập')]
[INFO ] 03-10-2024 07:01:00 [main] Log - [Clear text] của By.id: customer_email
[INFO ] 03-10-2024 07:01:00 [main] Log - [Set text] của By.id: customer_email
[INFO ] 03-10-2024 07:01:00 [main] Log - [Clear text] của By.id: customer_password
[INFO ] 03-10-2024 07:01:00 [main] Log - [Set text] của By.id: customer_password
[INFO ] 03-10-2024 07:01:00 [main] Log - [Click] vào By.xpath: /html/body/section[2]/div/div/div[2]/div/div[1]/div[1]/form/div[2]/div/button
[INFO ] 03-10-2024 07:01:01 [main] Log - [Verify Element text] của: By.xpath: //*[@id="customer_login"]/div[1] với value: Thông tin đăng nhập không hợp lệ.
[ERROR] 03-10-2024 07:01:02 [main] Log - Đây là test case bị fail: DangNhapKhongThanhCong_passnhapkytudacbiet
[ERROR] 03-10-2024 07:01:02 [main] Log - Test case: DangNhapKhongThanhCong_passnhapkytudacbiet is failed.
[INFO ] 03-10-2024 07:01:03 [main] Log - Test case: DangNhapKhongThanhCong_saiemail test is starting...
[INFO ] 03-10-2024 07:01:03 [main] Log - Truy cap trang: https://maybi.com/
[INFO ] 03-10-2024 07:01:08 [main] Log - [Hover] vào By.xpath: /html/body/header/div/div[4]/div/div[1]
[INFO ] 03-10-2024 07:01:08 [main] Log - [Click] vào By.xpath: //a[contains(text(),'Đăng nhập')]
[INFO ] 03-10-2024 07:01:12 [main] Log - [Clear text] của By.id: customer_email
[INFO ] 03-10-2024 07:01:12 [main] Log - [Set text] của By.id: customer_email
[INFO ] 03-10-2024 07:01:13 [main] Log - [Clear text] của By.id: customer_password
[INFO ] 03-10-2024 07:01:13 [main] Log - [Set text] của By.id: customer_password
[INFO ] 03-10-2024 07:01:13 [main] Log - [Click] vào By.xpath: /html/body/section[2]/div/div/div[2]/div/div[1]/div[1]/form/div[2]/div/button
[INFO ] 03-10-2024 07:01:14 [main] Log - [Verify Element text] của: By.xpath: //*[@id="customer_login"]/div[1] với value: Thông tin đăng nhập không hợp lệ.
[INFO ] 03-10-2024 07:01:14 [main] Log - Test case: DangNhapKhongThanhCong_saiemail is passed.
[INFO ] 03-10-2024 07:01:15 [main] Log - Test case: DangNhapKhongThanhCong_saipass1 test is starting...
[INFO ] 03-10-2024 07:01:15 [main] Log - Truy cap trang: https://maybi.com/
[INFO ] 03-10-2024 07:01:19 [main] Log - [Hover] vào By.xpath: /html/body/header/div/div[4]/div/div[1]
[INFO ] 03-10-2024 07:01:20 [main] Log - [Click] vào By.xpath: //a[contains(text(),'Đăng nhập')]
[INFO ] 03-10-2024 07:01:22 [main] Log - [Clear text] của By.id: customer_email
[INFO ] 03-10-2024 07:01:22 [main] Log - [Set text] của By.id: customer_email
[INFO ] 03-10-2024 07:01:22 [main] Log - [Clear text] của By.id: customer_password
[INFO ] 03-10-2024 07:01:22 [main] Log - [Set text] của By.id: customer_password
[INFO ] 03-10-2024 07:01:22 [main] Log - [Click] vào By.xpath: /html/body/section[2]/div/div/div[2]/div/div[1]/div[1]/form/div[2]/div/button
[INFO ] 03-10-2024 07:01:23 [main] Log - [Verify Element text] của: By.xpath: //*[@id="customer_login"]/div[1] với value: Thông tin đăng nhập không hợp lệ.
[INFO ] 03-10-2024 07:01:24 [main] Log - Test case: DangNhapKhongThanhCong_saipass1 is passed.
[INFO ] 03-10-2024 07:01:24 [main] Log - Test case: DangNhapThanhCong test is starting...
[INFO ] 03-10-2024 07:01:24 [main] Log - Truy cap trang: https://maybi.com/
[INFO ] 03-10-2024 07:01:27 [main] Log - [Hover] vào By.xpath: /html/body/header/div/div[4]/div/div[1]
[INFO ] 03-10-2024 07:01:27 [main] Log - [Click] vào By.xpath: //a[contains(text(),'Đăng nhập')]
[INFO ] 03-10-2024 07:01:29 [main] Log - [Clear text] của By.id: customer_email
[INFO ] 03-10-2024 07:01:29 [main] Log - [Set text] của By.id: customer_email
[INFO ] 03-10-2024 07:01:30 [main] Log - [Clear text] của By.id: customer_password
[INFO ] 03-10-2024 07:01:30 [main] Log - [Set text] của By.id: customer_password
[INFO ] 03-10-2024 07:01:30 [main] Log - [Click] vào By.xpath: /html/body/section[2]/div/div/div[2]/div/div[1]/div[1]/form/div[2]/div/button
[INFO ] 03-10-2024 07:01:31 [main] Log - [Verify Element text] của: By.xpath: /html/body/section[2]/div/div/div[1]/div/p/span với value: Nguyễn Linh đƠN ẢO
[ERROR] 03-10-2024 07:02:01 [main] Log - Đây là test case bị fail: DangNhapThanhCong
[ERROR] 03-10-2024 07:02:01 [main] Log - Test case: DangNhapThanhCong is failed.
[INFO ] 03-10-2024 07:02:02 [main] Log - Test case: DangNhapThanhCong_email21kytudung test is starting...
[INFO ] 03-10-2024 07:02:02 [main] Log - Truy cap trang: https://maybi.com/
[INFO ] 03-10-2024 07:02:06 [main] Log - [Hover] vào By.xpath: /html/body/header/div/div[4]/div/div[1]
[INFO ] 03-10-2024 07:02:06 [main] Log - [Click] vào By.xpath: //a[contains(text(),'Đăng nhập')]
