[INFO ] 03-10-2024 00:51:18 [main] Log - Test case: DangNhapKhongThanhCong_passnhapkytudacbiet test is starting...
[INFO ] 03-10-2024 00:51:18 [main] Log - Truy cap trang: https://maybi.com/
[INFO ] 03-10-2024 00:51:24 [main] Log - [Hover] vào By.xpath: /html/body/header/div/div[4]/div/div[1]
[INFO ] 03-10-2024 00:51:25 [main] Log - [Click] vào By.xpath: //a[contains(text(),'Đăng nhập')]
[INFO ] 03-10-2024 00:51:26 [main] Log - [Clear text] của By.id: customer_email
[INFO ] 03-10-2024 00:51:26 [main] Log - [Set text] của By.id: customer_email
[INFO ] 03-10-2024 00:51:26 [main] Log - [Clear text] của By.id: customer_password
[INFO ] 03-10-2024 00:51:26 [main] Log - [Set text] của By.id: customer_password
[INFO ] 03-10-2024 00:51:27 [main] Log - [Click] vào By.xpath: /html/body/section[2]/div/div/div[2]/div/div[1]/div[1]/form/div[2]/div/button
[INFO ] 03-10-2024 00:51:27 [main] Log - [Verify Element text] của: By.xpath: //*[@id="customer_login"]/div[1] với value: Thông tin đăng nhập không hợp lệ.
[INFO ] 03-10-2024 00:51:28 [main] Log - Test case: DangNhapKhongThanhCong_passnhapkytudacbiet is passed.
[INFO ] 03-10-2024 00:51:28 [main] Log - Test case: DangNhapKhongThanhCong_saiemail test is starting...
[INFO ] 03-10-2024 00:51:28 [main] Log - Truy cap trang: https://maybi.com/
[INFO ] 03-10-2024 00:51:30 [main] Log - [Hover] vào By.xpath: /html/body/header/div/div[4]/div/div[1]
[INFO ] 03-10-2024 00:51:30 [main] Log - [Click] vào By.xpath: //a[contains(text(),'Đăng nhập')]
[INFO ] 03-10-2024 00:51:32 [main] Log - [Clear text] của By.id: customer_email
[INFO ] 03-10-2024 00:51:32 [main] Log - [Set text] của By.id: customer_email
[INFO ] 03-10-2024 00:51:33 [main] Log - [Clear text] của By.id: customer_password
[INFO ] 03-10-2024 00:51:33 [main] Log - [Set text] của By.id: customer_password
[INFO ] 03-10-2024 00:51:33 [main] Log - [Click] vào By.xpath: /html/body/section[2]/div/div/div[2]/div/div[1]/div[1]/form/div[2]/div/button
[INFO ] 03-10-2024 00:51:34 [main] Log - [Verify Element text] của: By.xpath: //*[@id="customer_login"]/div[1] với value: Thông tin đăng nhập không hợp lệ.
[INFO ] 03-10-2024 00:51:34 [main] Log - Test case: DangNhapKhongThanhCong_saiemail is passed.
[INFO ] 03-10-2024 00:51:35 [main] Log - Test case: DangNhapKhongThanhCong_saipass1 test is starting...
[INFO ] 03-10-2024 00:51:35 [main] Log - Truy cap trang: https://maybi.com/
[INFO ] 03-10-2024 00:51:36 [main] Log - [Hover] vào By.xpath: /html/body/header/div/div[4]/div/div[1]
[INFO ] 03-10-2024 00:51:37 [main] Log - [Click] vào By.xpath: //a[contains(text(),'Đăng nhập')]
[INFO ] 03-10-2024 00:51:38 [main] Log - [Clear text] của By.id: customer_email
[INFO ] 03-10-2024 00:51:38 [main] Log - [Set text] của By.id: customer_email
[INFO ] 03-10-2024 00:51:39 [main] Log - [Clear text] của By.id: customer_password
[INFO ] 03-10-2024 00:51:39 [main] Log - [Set text] của By.id: customer_password
[INFO ] 03-10-2024 00:51:39 [main] Log - [Click] vào By.xpath: /html/body/section[2]/div/div/div[2]/div/div[1]/div[1]/form/div[2]/div/button
[INFO ] 03-10-2024 00:51:40 [main] Log - [Verify Element text] của: By.xpath: //*[@id="customer_login"]/div[1] với value: Thông tin đăng nhập không hợp lệ.
[INFO ] 03-10-2024 00:51:40 [main] Log - Test case: DangNhapKhongThanhCong_saipass1 is passed.
[INFO ] 03-10-2024 00:51:41 [main] Log - Test case: DangNhapThanhCong test is starting...
[INFO ] 03-10-2024 00:51:41 [main] Log - Truy cap trang: https://maybi.com/
[INFO ] 03-10-2024 00:51:42 [main] Log - [Hover] vào By.xpath: /html/body/header/div/div[4]/div/div[1]
[INFO ] 03-10-2024 00:51:43 [main] Log - [Click] vào By.xpath: //a[contains(text(),'Đăng nhập')]
[INFO ] 03-10-2024 00:51:44 [main] Log - [Clear text] của By.id: customer_email
[INFO ] 03-10-2024 00:51:44 [main] Log - [Set text] của By.id: customer_email
[INFO ] 03-10-2024 00:51:45 [main] Log - [Clear text] của By.id: customer_password
[INFO ] 03-10-2024 00:51:45 [main] Log - [Set text] của By.id: customer_password
[INFO ] 03-10-2024 00:51:45 [main] Log - [Click] vào By.xpath: /html/body/section[2]/div/div/div[2]/div/div[1]/div[1]/form/div[2]/div/button
[INFO ] 03-10-2024 00:51:46 [main] Log - [Verify Element text] của: By.xpath: //span[contains(text(),': LinhNguyễn')] với value: : LinhNguyễn
[ERROR] 03-10-2024 00:52:16 [main] Log - Đây là test case bị fail: DangNhapThanhCong
[ERROR] 03-10-2024 00:52:16 [main] Log - Test case: DangNhapThanhCong is failed.
[INFO ] 03-10-2024 00:52:17 [main] Log - Test case: DangNhapThanhCong_email21kytudung test is starting...
[INFO ] 03-10-2024 00:52:17 [main] Log - Truy cap trang: https://maybi.com/
[INFO ] 03-10-2024 00:52:19 [main] Log - [Hover] vào By.xpath: /html/body/header/div/div[4]/div/div[1]
[INFO ] 03-10-2024 00:52:19 [main] Log - [Click] vào By.xpath: //a[contains(text(),'Đăng nhập')]
[INFO ] 03-10-2024 00:52:21 [main] Log - [Clear text] của By.id: customer_email
[INFO ] 03-10-2024 00:52:21 [main] Log - [Set text] của By.id: customer_email
[INFO ] 03-10-2024 00:52:21 [main] Log - [Clear text] của By.id: customer_password
[INFO ] 03-10-2024 00:52:21 [main] Log - [Set text] của By.id: customer_password
[INFO ] 03-10-2024 00:52:21 [main] Log - [Click] vào By.xpath: /html/body/section[2]/div/div/div[2]/div/div[1]/div[1]/form/div[2]/div/button
[INFO ] 03-10-2024 00:52:23 [main] Log - [Verify Element text] của: By.xpath: //span[contains(text(),': motso')] với value: : motso
[ERROR] 03-10-2024 00:52:53 [main] Log - Đây là test case bị fail: DangNhapThanhCong_email21kytudung
[ERROR] 03-10-2024 00:52:53 [main] Log - Test case: DangNhapThanhCong_email21kytudung is failed.
[INFO ] 03-10-2024 00:52:54 [main] Log - Test case: DangNhapThanhCong_email50kytudung test is starting...
[INFO ] 03-10-2024 00:52:54 [main] Log - Truy cap trang: https://maybi.com/
[INFO ] 03-10-2024 00:52:56 [main] Log - [Hover] vào By.xpath: /html/body/header/div/div[4]/div/div[1]
[INFO ] 03-10-2024 00:52:56 [main] Log - [Click] vào By.xpath: //a[contains(text(),'Đăng nhập')]
[INFO ] 03-10-2024 00:52:57 [main] Log - [Clear text] của By.id: customer_email
[INFO ] 03-10-2024 00:52:57 [main] Log - [Set text] của By.id: customer_email
[INFO ] 03-10-2024 00:52:58 [main] Log - [Clear text] của By.id: customer_password
[INFO ] 03-10-2024 00:52:58 [main] Log - [Set text] của By.id: customer_password
[INFO ] 03-10-2024 00:52:58 [main] Log - [Click] vào By.xpath: /html/body/section[2]/div/div/div[2]/div/div[1]/div[1]/form/div[2]/div/button
[INFO ] 03-10-2024 00:53:00 [main] Log - [Verify Element text] của: By.xpath: //span[contains(text(),': haiso')] với value: : haiso
[ERROR] 03-10-2024 00:53:30 [main] Log - Đây là test case bị fail: DangNhapThanhCong_email50kytudung
[ERROR] 03-10-2024 00:53:30 [main] Log - Test case: DangNhapThanhCong_email50kytudung is failed.
[INFO ] 03-10-2024 00:53:31 [main] Log - Test case: DangNhapThanhCong_email51kytu test is starting...
[INFO ] 03-10-2024 00:53:31 [main] Log - Truy cap trang: https://maybi.com/
