[INFO ] 03-10-2024 07:34:44 [main] Log - Test case: DangKyKhongThanhCong_FailEmail test is starting...
[INFO ] 03-10-2024 07:34:44 [main] Log - Truy cap trang: https://maybi.com/
[INFO ] 03-10-2024 07:34:52 [main] Log - [Hover] vào By.xpath: /html/body/header/div/div[4]/div/div[1]
[INFO ] 03-10-2024 07:34:53 [main] Log - [Click] vào By.xpath: //a[contains(text(),'Đăng ký')]
[INFO ] 03-10-2024 07:34:57 [main] Log - [Clear text] của By.id: lastName
[INFO ] 03-10-2024 07:34:57 [main] Log - [Set text] của By.id: lastName
[INFO ] 03-10-2024 07:34:57 [main] Log - [Clear text] của By.id: firstName
[INFO ] 03-10-2024 07:34:58 [main] Log - [Set text] của By.id: firstName
[INFO ] 03-10-2024 07:34:58 [main] Log - [Clear text] của By.id: email
[INFO ] 03-10-2024 07:34:58 [main] Log - [Set text] của By.id: email
[INFO ] 03-10-2024 07:34:58 [main] Log - [Clear text] của By.id: Phone
[INFO ] 03-10-2024 07:34:58 [main] Log - [Set text] của By.id: Phone
[INFO ] 03-10-2024 07:34:58 [main] Log - [Clear text] của By.id: password
[INFO ] 03-10-2024 07:34:58 [main] Log - [Set text] của By.id: password
[INFO ] 03-10-2024 07:34:58 [main] Log - [Click] vào By.xpath: //body/div[@id='ega-register-page']/div[1]/div[1]/div[1]/div[1]/form[1]/div[2]/input[1]
[ERROR] 03-10-2024 07:35:28 [main] Log - Đây là test case bị fail: DangKyKhongThanhCong_FailEmail
[ERROR] 03-10-2024 07:35:28 [main] Log - Test case: DangKyKhongThanhCong_FailEmail is failed.
[INFO ] 03-10-2024 07:35:29 [main] Log - Test case: DangKyKhongThanhCong_FailEmailDaTonTai test is starting...
[INFO ] 03-10-2024 07:35:29 [main] Log - Truy cap trang: https://maybi.com/
[ERROR] 03-10-2024 07:35:29 [main] Log - Đây là test case bị fail: DangKyKhongThanhCong_FailEmailDaTonTai
[ERROR] 03-10-2024 07:35:30 [main] Log - Test case: DangKyKhongThanhCong_FailEmailDaTonTai is failed.
[INFO ] 03-10-2024 07:35:30 [main] Log - Test case: DangKyKhongThanhCong_FailEmailcochuadaucach test is starting...
[INFO ] 03-10-2024 07:35:30 [main] Log - Truy cap trang: https://maybi.com/
[INFO ] 03-10-2024 07:35:46 [main] Log - [Hover] vào By.xpath: /html/body/header/div/div[4]/div/div[1]
[INFO ] 03-10-2024 07:35:46 [main] Log - [Click] vào By.xpath: //a[contains(text(),'Đăng ký')]
[INFO ] 03-10-2024 07:35:51 [main] Log - [Clear text] của By.id: lastName
[INFO ] 03-10-2024 07:35:51 [main] Log - [Set text] của By.id: lastName
[INFO ] 03-10-2024 07:35:51 [main] Log - [Clear text] của By.id: firstName
[INFO ] 03-10-2024 07:35:52 [main] Log - [Set text] của By.id: firstName
[INFO ] 03-10-2024 07:35:52 [main] Log - [Clear text] của By.id: email
[INFO ] 03-10-2024 07:35:52 [main] Log - [Set text] của By.id: email
[INFO ] 03-10-2024 07:35:52 [main] Log - [Clear text] của By.id: Phone
[INFO ] 03-10-2024 07:35:52 [main] Log - [Set text] của By.id: Phone
[INFO ] 03-10-2024 07:35:52 [main] Log - [Clear text] của By.id: password
[INFO ] 03-10-2024 07:35:52 [main] Log - [Set text] của By.id: password
[INFO ] 03-10-2024 07:35:52 [main] Log - [Click] vào By.xpath: //body/div[@id='ega-register-page']/div[1]/div[1]/div[1]/div[1]/form[1]/div[2]/input[1]
[ERROR] 03-10-2024 07:36:22 [main] Log - Đây là test case bị fail: DangKyKhongThanhCong_FailEmailcochuadaucach
[ERROR] 03-10-2024 07:36:22 [main] Log - Test case: DangKyKhongThanhCong_FailEmailcochuadaucach is failed.
[INFO ] 03-10-2024 07:36:23 [main] Log - Test case: DangKyKhongThanhCong_FailEmailthieudaucham test is starting...
[INFO ] 03-10-2024 07:36:23 [main] Log - Truy cap trang: https://maybi.com/
