[INFO ] 03-10-2024 22:31:42 [main] Log - Truy cap trang: https://maybi.com/
[INFO ] 03-10-2024 22:31:44 [main] Log - [Hover] vào By.xpath: /html/body/header/div/div[4]/div/div[1]
[INFO ] 03-10-2024 22:31:44 [main] Log - [Click] vào By.xpath: //a[contains(text(),'Đăng ký')]
[INFO ] 03-10-2024 22:31:47 [main] Log - [Clear text] của By.id: lastName
[INFO ] 03-10-2024 22:31:47 [main] Log - [Set text] của By.id: lastName
[INFO ] 03-10-2024 22:31:47 [main] Log - [Clear text] của By.id: firstName
[INFO ] 03-10-2024 22:31:47 [main] Log - [Set text] của By.id: firstName
[INFO ] 03-10-2024 22:31:47 [main] Log - [Clear text] của By.id: email
[INFO ] 03-10-2024 22:31:47 [main] Log - [Set text] của By.id: email
[INFO ] 03-10-2024 22:31:47 [main] Log - [Clear text] của By.id: Phone
[INFO ] 03-10-2024 22:31:47 [main] Log - [Set text] của By.id: Phone
[INFO ] 03-10-2024 22:31:47 [main] Log - [Clear text] của By.id: password
[INFO ] 03-10-2024 22:31:48 [main] Log - [Set text] của By.id: password
[INFO ] 03-10-2024 22:31:48 [main] Log - [Click] vào By.xpath: /html/body/section[2]/div/div/div[2]/div/div/div/form/div[2]/div[3]/button
[INFO ] 03-10-2024 22:31:48 [main] Log - [Verify Element text] của: By.xpath: /html/body/section[2]/div/div/div[2]/div/div/div/form/div[2]/div[2]/div[1]/fieldset/input với value: 
[INFO ] 03-10-2024 22:31:49 [main] Log - Truy cap trang: https://maybi.com/
[INFO ] 03-10-2024 22:31:51 [main] Log - [Hover] vào By.xpath: /html/body/header/div/div[4]/div/div[1]
[INFO ] 03-10-2024 22:31:51 [main] Log - [Click] vào By.xpath: //a[contains(text(),'Đăng ký')]
[INFO ] 03-10-2024 22:31:53 [main] Log - [Clear text] của By.id: lastName
[INFO ] 03-10-2024 22:31:53 [main] Log - [Set text] của By.id: lastName
[INFO ] 03-10-2024 22:31:53 [main] Log - [Clear text] của By.id: firstName
[INFO ] 03-10-2024 22:31:53 [main] Log - [Set text] của By.id: firstName
[INFO ] 03-10-2024 22:31:53 [main] Log - [Clear text] của By.id: email
[INFO ] 03-10-2024 22:31:53 [main] Log - [Set text] của By.id: email
[INFO ] 03-10-2024 22:31:54 [main] Log - [Clear text] của By.id: Phone
[INFO ] 03-10-2024 22:31:54 [main] Log - [Set text] của By.id: Phone
[INFO ] 03-10-2024 22:31:54 [main] Log - [Clear text] của By.id: password
[INFO ] 03-10-2024 22:31:54 [main] Log - [Set text] của By.id: password
[INFO ] 03-10-2024 22:31:54 [main] Log - [Click] vào By.xpath: /html/body/section[2]/div/div/div[2]/div/div/div/form/div[2]/div[3]/button
[INFO ] 03-10-2024 22:31:55 [main] Log - [Verify Element text] của: By.xpath: /html/body/section[2]/div/div/div[2]/div/div/div/form/div[1]/div/ul/li với value: Email đã tồn tại. Nếu bạn quên mật khẩu, bạn có thể thiết lập lại mật khẩu tại đây.
[INFO ] 03-10-2024 22:31:56 [main] Log - Truy cap trang: https://maybi.com/
[INFO ] 03-10-2024 22:31:58 [main] Log - [Hover] vào By.xpath: /html/body/header/div/div[4]/div/div[1]
[INFO ] 03-10-2024 22:31:58 [main] Log - [Click] vào By.xpath: //a[contains(text(),'Đăng ký')]
[INFO ] 03-10-2024 22:32:00 [main] Log - [Clear text] của By.id: lastName
[INFO ] 03-10-2024 22:32:00 [main] Log - [Set text] của By.id: lastName
[INFO ] 03-10-2024 22:32:00 [main] Log - [Clear text] của By.id: firstName
[INFO ] 03-10-2024 22:32:00 [main] Log - [Set text] của By.id: firstName
[INFO ] 03-10-2024 22:32:00 [main] Log - [Clear text] của By.id: email
[INFO ] 03-10-2024 22:32:00 [main] Log - [Set text] của By.id: email
[INFO ] 03-10-2024 22:32:01 [main] Log - [Clear text] của By.id: Phone
[INFO ] 03-10-2024 22:32:01 [main] Log - [Set text] của By.id: Phone
[INFO ] 03-10-2024 22:32:01 [main] Log - [Clear text] của By.id: password
[INFO ] 03-10-2024 22:32:01 [main] Log - [Set text] của By.id: password
[INFO ] 03-10-2024 22:32:01 [main] Log - [Click] vào By.xpath: /html/body/section[2]/div/div/div[2]/div/div/div/form/div[2]/div[3]/button
[INFO ] 03-10-2024 22:32:01 [main] Log - [Verify Element text] của: By.xpath: /html/body/section[2]/div/div/div[2]/div/div/div/form/div[2]/div[2]/div[1]/fieldset/input với value: Email không đúng định dạng!
[INFO ] 03-10-2024 22:32:02 [main] Log - Truy cap trang: https://maybi.com/
[INFO ] 03-10-2024 22:32:04 [main] Log - [Hover] vào By.xpath: /html/body/header/div/div[4]/div/div[1]
[INFO ] 03-10-2024 22:32:04 [main] Log - [Click] vào By.xpath: //a[contains(text(),'Đăng ký')]
[INFO ] 03-10-2024 22:32:06 [main] Log - [Clear text] của By.id: lastName
[INFO ] 03-10-2024 22:32:06 [main] Log - [Set text] của By.id: lastName
[INFO ] 03-10-2024 22:32:06 [main] Log - [Clear text] của By.id: firstName
[INFO ] 03-10-2024 22:32:06 [main] Log - [Set text] của By.id: firstName
[INFO ] 03-10-2024 22:32:06 [main] Log - [Clear text] của By.id: email
[INFO ] 03-10-2024 22:32:07 [main] Log - [Set text] của By.id: email
[INFO ] 03-10-2024 22:32:07 [main] Log - [Clear text] của By.id: Phone
[INFO ] 03-10-2024 22:32:07 [main] Log - [Set text] của By.id: Phone
[INFO ] 03-10-2024 22:32:07 [main] Log - [Clear text] của By.id: password
[INFO ] 03-10-2024 22:32:07 [main] Log - [Set text] của By.id: password
[INFO ] 03-10-2024 22:32:07 [main] Log - [Click] vào By.xpath: /html/body/section[2]/div/div/div[2]/div/div/div/form/div[2]/div[3]/button
[INFO ] 03-10-2024 22:32:09 [main] Log - [Verify Element text] của: By.xpath: /html/body/section[2]/div/div/div[2]/div/div/div/form/div[2]/div[2]/div[1]/fieldset/input với value: Email không đúng định dạng!
[INFO ] 03-10-2024 22:32:10 [main] Log - Truy cap trang: https://maybi.com/
[INFO ] 03-10-2024 22:32:11 [main] Log - [Hover] vào By.xpath: /html/body/header/div/div[4]/div/div[1]
[INFO ] 03-10-2024 22:32:12 [main] Log - [Click] vào By.xpath: //a[contains(text(),'Đăng ký')]
[INFO ] 03-10-2024 22:32:14 [main] Log - [Clear text] của By.id: lastName
[INFO ] 03-10-2024 22:32:14 [main] Log - [Set text] của By.id: lastName
[INFO ] 03-10-2024 22:32:14 [main] Log - [Clear text] của By.id: firstName
[INFO ] 03-10-2024 22:32:14 [main] Log - [Set text] của By.id: firstName
[INFO ] 03-10-2024 22:32:14 [main] Log - [Clear text] của By.id: email
[INFO ] 03-10-2024 22:32:14 [main] Log - [Set text] của By.id: email
[INFO ] 03-10-2024 22:32:14 [main] Log - [Clear text] của By.id: Phone
[INFO ] 03-10-2024 22:32:14 [main] Log - [Set text] của By.id: Phone
[INFO ] 03-10-2024 22:32:15 [main] Log - [Clear text] của By.id: password
[INFO ] 03-10-2024 22:32:15 [main] Log - [Set text] của By.id: password
[INFO ] 03-10-2024 22:32:15 [main] Log - [Click] vào By.xpath: /html/body/section[2]/div/div/div[2]/div/div/div/form/div[2]/div[3]/button
[INFO ] 03-10-2024 22:32:15 [main] Log - [Verify Element text] của: By.xpath: /html/body/section[2]/div/div/div[2]/div/div/div/form/div[2]/div[2]/div[1]/fieldset/input với value: Email không đúng định dạng!
[INFO ] 03-10-2024 22:32:16 [main] Log - Truy cap trang: https://maybi.com/
[INFO ] 03-10-2024 22:32:17 [main] Log - [Hover] vào By.xpath: /html/body/header/div/div[4]/div/div[1]
[INFO ] 03-10-2024 22:32:18 [main] Log - [Click] vào By.xpath: //a[contains(text(),'Đăng ký')]
[INFO ] 03-10-2024 22:32:19 [main] Log - [Clear text] của By.id: lastName
[INFO ] 03-10-2024 22:32:19 [main] Log - [Set text] của By.id: lastName
[INFO ] 03-10-2024 22:32:19 [main] Log - [Clear text] của By.id: firstName
[INFO ] 03-10-2024 22:32:19 [main] Log - [Set text] của By.id: firstName
[INFO ] 03-10-2024 22:32:20 [main] Log - [Clear text] của By.id: email
[INFO ] 03-10-2024 22:32:20 [main] Log - [Set text] của By.id: email
[INFO ] 03-10-2024 22:32:20 [main] Log - [Clear text] của By.id: Phone
[INFO ] 03-10-2024 22:32:20 [main] Log - [Set text] của By.id: Phone
[INFO ] 03-10-2024 22:32:20 [main] Log - [Clear text] của By.id: password
[INFO ] 03-10-2024 22:32:20 [main] Log - [Set text] của By.id: password
[INFO ] 03-10-2024 22:32:20 [main] Log - [Click] vào By.xpath: /html/body/section[2]/div/div/div[2]/div/div/div/form/div[2]/div[3]/button
[INFO ] 03-10-2024 22:32:21 [main] Log - [Verify Element text] của: By.xpath: //*[@id="lastName"] với value: 
[INFO ] 03-10-2024 22:32:21 [main] Log - Truy cap trang: https://maybi.com/
[INFO ] 03-10-2024 22:32:23 [main] Log - [Hover] vào By.xpath: /html/body/header/div/div[4]/div/div[1]
[INFO ] 03-10-2024 22:32:23 [main] Log - [Click] vào By.xpath: //a[contains(text(),'Đăng ký')]
[INFO ] 03-10-2024 22:32:25 [main] Log - [Clear text] của By.id: lastName
[INFO ] 03-10-2024 22:32:25 [main] Log - [Set text] của By.id: lastName
[INFO ] 03-10-2024 22:32:25 [main] Log - [Clear text] của By.id: firstName
[INFO ] 03-10-2024 22:32:25 [main] Log - [Set text] của By.id: firstName
[INFO ] 03-10-2024 22:32:26 [main] Log - [Clear text] của By.id: email
[INFO ] 03-10-2024 22:32:26 [main] Log - [Set text] của By.id: email
[INFO ] 03-10-2024 22:32:26 [main] Log - [Clear text] của By.id: Phone
[INFO ] 03-10-2024 22:32:26 [main] Log - [Set text] của By.id: Phone
[INFO ] 03-10-2024 22:32:26 [main] Log - [Clear text] của By.id: password
[INFO ] 03-10-2024 22:32:26 [main] Log - [Set text] của By.id: password
[INFO ] 03-10-2024 22:32:26 [main] Log - [Click] vào By.xpath: /html/body/section[2]/div/div/div[2]/div/div/div/form/div[2]/div[3]/button
[INFO ] 03-10-2024 22:32:26 [main] Log - [Verify Element text] của: By.xpath: /html/body/section[2]/div/div/div[2]/div/div/div/form/div[2]/div[2]/div[2]/fieldset/input với value: 
[INFO ] 03-10-2024 22:32:27 [main] Log - Truy cap trang: https://maybi.com/
[INFO ] 03-10-2024 22:32:29 [main] Log - [Hover] vào By.xpath: /html/body/header/div/div[4]/div/div[1]
[INFO ] 03-10-2024 22:32:29 [main] Log - [Click] vào By.xpath: //a[contains(text(),'Đăng ký')]
[INFO ] 03-10-2024 22:32:31 [main] Log - [Clear text] của By.id: lastName
[INFO ] 03-10-2024 22:32:31 [main] Log - [Set text] của By.id: lastName
[INFO ] 03-10-2024 22:32:31 [main] Log - [Clear text] của By.id: firstName
[INFO ] 03-10-2024 22:32:31 [main] Log - [Set text] của By.id: firstName
[INFO ] 03-10-2024 22:32:31 [main] Log - [Clear text] của By.id: email
[INFO ] 03-10-2024 22:32:31 [main] Log - [Set text] của By.id: email
[INFO ] 03-10-2024 22:32:32 [main] Log - [Clear text] của By.id: Phone
[INFO ] 03-10-2024 22:32:32 [main] Log - [Set text] của By.id: Phone
[INFO ] 03-10-2024 22:32:32 [main] Log - [Clear text] của By.id: password
[INFO ] 03-10-2024 22:32:32 [main] Log - [Set text] của By.id: password
[INFO ] 03-10-2024 22:32:32 [main] Log - [Click] vào By.xpath: /html/body/section[2]/div/div/div[2]/div/div/div/form/div[2]/div[3]/button
[INFO ] 03-10-2024 22:32:32 [main] Log - [Verify Element text] của: By.xpath: /html/body/section[2]/div/div/div[2]/div/div/div/form/div[2]/div[1]/div[2]/fieldset/input với value: 
