[INFO ] 03-10-2024 21:40:08 [main] Log - Test case: TimKiemTuKhoaDung test is starting...
[INFO ] 03-10-2024 21:40:08 [main] Log - Truy cap trang: https://maybi.com/
[INFO ] 03-10-2024 21:40:11 [main] Log - [Click] vào By.xpath: /html/body/header[1]/div/div[4]/div/span
[INFO ] 03-10-2024 21:40:12 [main] Log - [Clear text] của By.xpath: /html/body/header[2]/div/div[1]/div[2]/form/input[1]
[INFO ] 03-10-2024 21:40:12 [main] Log - [Set text] của By.xpath: /html/body/header[2]/div/div[1]/div[2]/form/input[1]
[INFO ] 03-10-2024 21:40:13 [main] Log - [Click] vào By.xpath: //div[contains(@class, 'tw-bg-black/40')]
[INFO ] 03-10-2024 21:40:13 [main] Log - [Click] vào By.xpath: /html/body/header[2]/div/div[1]/div[2]/form/span/button
[INFO ] 03-10-2024 21:40:15 [main] Log - [Verify Element text] của: By.xpath: //a[contains(text(),'Áo thun ôm xếp ly vai')] với value: Áo thun ôm xếp ly vai
[INFO ] 03-10-2024 21:40:15 [main] Log - Test case: TimKiemTuKhoaDung is passed.
[INFO ] 03-10-2024 21:40:16 [main] Log - Test case: TimKiemTuKhoaGanDung test is starting...
[INFO ] 03-10-2024 21:40:16 [main] Log - Truy cap trang: https://maybi.com/
[INFO ] 03-10-2024 21:40:18 [main] Log - [Click] vào By.xpath: /html/body/header[1]/div/div[4]/div/span
[INFO ] 03-10-2024 21:40:19 [main] Log - [Clear text] của By.xpath: /html/body/header[2]/div/div[1]/div[2]/form/input[1]
[INFO ] 03-10-2024 21:40:19 [main] Log - [Set text] của By.xpath: /html/body/header[2]/div/div[1]/div[2]/form/input[1]
[INFO ] 03-10-2024 21:40:20 [main] Log - [Click] vào By.xpath: //div[contains(@class, 'tw-bg-black/40')]
[INFO ] 03-10-2024 21:40:20 [main] Log - [Click] vào By.xpath: /html/body/header[2]/div/div[1]/div[2]/form/span/button
[INFO ] 03-10-2024 21:40:23 [main] Log - [Verify Element text] của: By.xpath: //a[contains(text(),'Chân váy midi xoè lưới')] với value: Chân váy midi xoè lưới
[INFO ] 03-10-2024 21:40:23 [main] Log - Test case: TimKiemTuKhoaGanDung is passed.
[INFO ] 03-10-2024 21:40:23 [main] Log - Test case: TimKiemTuKhoaNhapKhongCoTrongDB test is starting...
[INFO ] 03-10-2024 21:40:23 [main] Log - Truy cap trang: https://maybi.com/
[INFO ] 03-10-2024 21:40:25 [main] Log - [Click] vào By.xpath: /html/body/header[1]/div/div[4]/div/span
[INFO ] 03-10-2024 21:40:25 [main] Log - [Clear text] của By.xpath: /html/body/header[2]/div/div[1]/div[2]/form/input[1]
[INFO ] 03-10-2024 21:40:25 [main] Log - [Set text] của By.xpath: /html/body/header[2]/div/div[1]/div[2]/form/input[1]
[INFO ] 03-10-2024 21:40:26 [main] Log - [Click] vào By.xpath: //div[contains(@class, 'tw-bg-black/40')]
[INFO ] 03-10-2024 21:40:26 [main] Log - [Click] vào By.xpath: /html/body/header[2]/div/div[1]/div[2]/form/span/button
[INFO ] 03-10-2024 21:40:27 [main] Log - [Verify Element text] của: By.xpath: //h2[contains(text(),'Không tìm thấy bất kỳ kết quả nào với từ khóa trên.')] với value: Không tìm thấy bất kỳ kết quả nào với từ khóa trên.
[ERROR] 03-10-2024 21:40:27 [main] Log - Đây là test case bị fail: TimKiemTuKhoaNhapKhongCoTrongDB
[ERROR] 03-10-2024 21:40:27 [main] Log - Test case: TimKiemTuKhoaNhapKhongCoTrongDB is failed.
[INFO ] 03-10-2024 21:40:28 [main] Log - Test case: TimKiemTuKhoaNhapKiTuDacBiet test is starting...
[INFO ] 03-10-2024 21:40:28 [main] Log - Truy cap trang: https://maybi.com/
[INFO ] 03-10-2024 21:40:30 [main] Log - [Click] vào By.xpath: /html/body/header[1]/div/div[4]/div/span
[INFO ] 03-10-2024 21:40:31 [main] Log - [Clear text] của By.xpath: /html/body/header[2]/div/div[1]/div[2]/form/input[1]
[INFO ] 03-10-2024 21:40:31 [main] Log - [Set text] của By.xpath: /html/body/header[2]/div/div[1]/div[2]/form/input[1]
[INFO ] 03-10-2024 21:40:31 [main] Log - [Click] vào By.xpath: //div[contains(@class, 'tw-bg-black/40')]
[INFO ] 03-10-2024 21:40:32 [main] Log - [Click] vào By.xpath: /html/body/header[2]/div/div[1]/div[2]/form/span/button
[INFO ] 03-10-2024 21:40:32 [main] Log - [Verify Element text] của: By.xpath: //h2[contains(text(),'Không tìm thấy bất kỳ kết quả nào với từ khóa trên.')] với value: Không tìm thấy bất kỳ kết quả nào với từ khóa trên.
[ERROR] 03-10-2024 21:40:32 [main] Log - Đây là test case bị fail: TimKiemTuKhoaNhapKiTuDacBiet
[ERROR] 03-10-2024 21:40:33 [main] Log - Test case: TimKiemTuKhoaNhapKiTuDacBiet is failed.
[INFO ] 03-10-2024 21:40:34 [main] Log - Test case: TimKiemTuKhoaNhapSo test is starting...
[INFO ] 03-10-2024 21:40:34 [main] Log - Truy cap trang: https://maybi.com/
[INFO ] 03-10-2024 21:40:41 [main] Log - [Click] vào By.xpath: /html/body/header[1]/div/div[4]/div/span
[INFO ] 03-10-2024 21:40:42 [main] Log - [Clear text] của By.xpath: /html/body/header[2]/div/div[1]/div[2]/form/input[1]
[INFO ] 03-10-2024 21:40:42 [main] Log - [Set text] của By.xpath: /html/body/header[2]/div/div[1]/div[2]/form/input[1]
[INFO ] 03-10-2024 21:40:43 [main] Log - [Click] vào By.xpath: //div[contains(@class, 'tw-bg-black/40')]
[INFO ] 03-10-2024 21:40:43 [main] Log - [Click] vào By.xpath: /html/body/header[2]/div/div[1]/div[2]/form/span/button
[INFO ] 03-10-2024 21:40:45 [main] Log - [Verify Element text] của: By.xpath: //h2[contains(text(),'Không tìm thấy bất kỳ kết quả nào với từ khóa trên.')] với value: Không tìm thấy bất kỳ kết quả nào với từ khóa trên.
[ERROR] 03-10-2024 21:40:45 [main] Log - Đây là test case bị fail: TimKiemTuKhoaNhapSo
[ERROR] 03-10-2024 21:40:45 [main] Log - Test case: TimKiemTuKhoaNhapSo is failed.
[INFO ] 03-10-2024 21:40:46 [main] Log - Test case: TimKiemTuKhoachuhoacodau test is starting...
[INFO ] 03-10-2024 21:40:46 [main] Log - Truy cap trang: https://maybi.com/
[INFO ] 03-10-2024 21:40:47 [main] Log - [Click] vào By.xpath: /html/body/header[1]/div/div[4]/div/span
[INFO ] 03-10-2024 21:40:48 [main] Log - [Clear text] của By.xpath: /html/body/header[2]/div/div[1]/div[2]/form/input[1]
[INFO ] 03-10-2024 21:40:48 [main] Log - [Set text] của By.xpath: /html/body/header[2]/div/div[1]/div[2]/form/input[1]
[INFO ] 03-10-2024 21:40:49 [main] Log - [Click] vào By.xpath: //div[contains(@class, 'tw-bg-black/40')]
[INFO ] 03-10-2024 21:40:49 [main] Log - [Click] vào By.xpath: /html/body/header[2]/div/div[1]/div[2]/form/span/button
[INFO ] 03-10-2024 21:40:51 [main] Log - [Verify Element text] của: By.xpath: //a[contains(text(),'Áo Blazer lửng')] với value: Áo lụa nhún eo
