[INFO ] 03-10-2024 01:02:30 [main] Log - Test case: DangNhapKhongThanhCong_passnhapkytudacbiet test is starting...
[INFO ] 03-10-2024 01:02:30 [main] Log - Truy cap trang: https://maybi.com/
[INFO ] 03-10-2024 01:02:36 [main] Log - [Hover] vào By.xpath: /html/body/header/div/div[4]/div/div[1]
[INFO ] 03-10-2024 01:02:37 [main] Log - [Click] vào By.xpath: //a[contains(text(),'Đăng nhập')]
[INFO ] 03-10-2024 01:02:38 [main] Log - [Clear text] của By.id: customer_email
[INFO ] 03-10-2024 01:02:38 [main] Log - [Set text] của By.id: customer_email
[INFO ] 03-10-2024 01:02:39 [main] Log - [Clear text] của By.id: customer_password
[INFO ] 03-10-2024 01:02:39 [main] Log - [Set text] của By.id: customer_password
[INFO ] 03-10-2024 01:02:39 [main] Log - [Click] vào By.xpath: /html/body/section[2]/div/div/div[2]/div/div[1]/div[1]/form/div[2]/div/button
[INFO ] 03-10-2024 01:02:40 [main] Log - [Verify Element text] của: By.xpath: //*[@id="customer_login"]/div[1] với value: Thông tin đăng nhập không hợp lệ.
[INFO ] 03-10-2024 01:02:40 [main] Log - Test case: DangNhapKhongThanhCong_passnhapkytudacbiet is passed.
[INFO ] 03-10-2024 01:02:41 [main] Log - Test case: DangNhapKhongThanhCong_saiemail test is starting...
[INFO ] 03-10-2024 01:02:41 [main] Log - Truy cap trang: https://maybi.com/
[INFO ] 03-10-2024 01:02:48 [main] Log - [Hover] vào By.xpath: /html/body/header/div/div[4]/div/div[1]
[INFO ] 03-10-2024 01:02:48 [main] Log - [Click] vào By.xpath: //a[contains(text(),'Đăng nhập')]
[INFO ] 03-10-2024 01:02:49 [main] Log - [Clear text] của By.id: customer_email
[INFO ] 03-10-2024 01:02:50 [main] Log - [Set text] của By.id: customer_email
[INFO ] 03-10-2024 01:02:50 [main] Log - [Clear text] của By.id: customer_password
[INFO ] 03-10-2024 01:02:50 [main] Log - [Set text] của By.id: customer_password
[INFO ] 03-10-2024 01:02:50 [main] Log - [Click] vào By.xpath: /html/body/section[2]/div/div/div[2]/div/div[1]/div[1]/form/div[2]/div/button
[INFO ] 03-10-2024 01:02:52 [main] Log - [Verify Element text] của: By.xpath: //*[@id="customer_login"]/div[1] với value: Thông tin đăng nhập không hợp lệ.
[INFO ] 03-10-2024 01:02:52 [main] Log - Test case: DangNhapKhongThanhCong_saiemail is passed.
[INFO ] 03-10-2024 01:02:53 [main] Log - Test case: DangNhapKhongThanhCong_saipass1 test is starting...
[INFO ] 03-10-2024 01:02:53 [main] Log - Truy cap trang: https://maybi.com/
[INFO ] 03-10-2024 01:02:54 [main] Log - [Hover] vào By.xpath: /html/body/header/div/div[4]/div/div[1]
[INFO ] 03-10-2024 01:02:55 [main] Log - [Click] vào By.xpath: //a[contains(text(),'Đăng nhập')]
[INFO ] 03-10-2024 01:02:56 [main] Log - [Clear text] của By.id: customer_email
[INFO ] 03-10-2024 01:02:56 [main] Log - [Set text] của By.id: customer_email
[INFO ] 03-10-2024 01:02:56 [main] Log - [Clear text] của By.id: customer_password
[INFO ] 03-10-2024 01:02:56 [main] Log - [Set text] của By.id: customer_password
[INFO ] 03-10-2024 01:02:57 [main] Log - [Click] vào By.xpath: /html/body/section[2]/div/div/div[2]/div/div[1]/div[1]/form/div[2]/div/button
[INFO ] 03-10-2024 01:02:58 [main] Log - [Verify Element text] của: By.xpath: //*[@id="customer_login"]/div[1] với value: Thông tin đăng nhập không hợp lệ.
[INFO ] 03-10-2024 01:02:58 [main] Log - Test case: DangNhapKhongThanhCong_saipass1 is passed.
[INFO ] 03-10-2024 01:02:59 [main] Log - Test case: DangNhapThanhCong test is starting...
[INFO ] 03-10-2024 01:02:59 [main] Log - Truy cap trang: https://maybi.com/
[INFO ] 03-10-2024 01:03:00 [main] Log - [Hover] vào By.xpath: /html/body/header/div/div[4]/div/div[1]
[INFO ] 03-10-2024 01:03:01 [main] Log - [Click] vào By.xpath: //a[contains(text(),'Đăng nhập')]
[INFO ] 03-10-2024 01:03:02 [main] Log - [Clear text] của By.id: customer_email
[INFO ] 03-10-2024 01:03:02 [main] Log - [Set text] của By.id: customer_email
[INFO ] 03-10-2024 01:03:03 [main] Log - [Clear text] của By.id: customer_password
[INFO ] 03-10-2024 01:03:03 [main] Log - [Set text] của By.id: customer_password
[INFO ] 03-10-2024 01:03:03 [main] Log - [Click] vào By.xpath: /html/body/section[2]/div/div/div[2]/div/div[1]/div[1]/form/div[2]/div/button
[INFO ] 03-10-2024 01:03:04 [main] Log - [Verify Element text] của: By.xpath: /html/body/section[2]/div/div/div[1]/div/p/span với value: Nguyễn Linh đƠN ẢO 
[ERROR] 03-10-2024 01:03:04 [main] Log - Đây là test case bị fail: DangNhapThanhCong
[ERROR] 03-10-2024 01:03:04 [main] Log - Test case: DangNhapThanhCong is failed.
[INFO ] 03-10-2024 01:03:05 [main] Log - Test case: DangNhapThanhCong_email21kytudung test is starting...
[INFO ] 03-10-2024 01:03:05 [main] Log - Truy cap trang: https://maybi.com/
[INFO ] 03-10-2024 01:03:06 [main] Log - [Hover] vào By.xpath: /html/body/header/div/div[4]/div/div[1]
[INFO ] 03-10-2024 01:03:07 [main] Log - [Click] vào By.xpath: //a[contains(text(),'Đăng nhập')]
[INFO ] 03-10-2024 01:03:08 [main] Log - [Clear text] của By.id: customer_email
[INFO ] 03-10-2024 01:03:08 [main] Log - [Set text] của By.id: customer_email
[INFO ] 03-10-2024 01:03:09 [main] Log - [Clear text] của By.id: customer_password
[INFO ] 03-10-2024 01:03:09 [main] Log - [Set text] của By.id: customer_password
[INFO ] 03-10-2024 01:03:09 [main] Log - [Click] vào By.xpath: /html/body/section[2]/div/div/div[2]/div/div[1]/div[1]/form/div[2]/div/button
[INFO ] 03-10-2024 01:03:10 [main] Log - [Verify Element text] của: By.xpath: /html/body/section[2]/div/div/div[1]/div/p/span với value: so mot
[INFO ] 03-10-2024 01:03:10 [main] Log - [Hover] vào By.xpath: /html/body/header/div/div[4]/div/div[1]
[INFO ] 03-10-2024 01:03:10 [main] Log - [Click] vào By.xpath: //a[contains(text(),'Đăng xuất')]
[INFO ] 03-10-2024 01:03:12 [main] Log - Test case: DangNhapThanhCong_email21kytudung is passed.
[INFO ] 03-10-2024 01:03:13 [main] Log - Test case: DangNhapThanhCong_email50kytudung test is starting...
[INFO ] 03-10-2024 01:03:13 [main] Log - Truy cap trang: https://maybi.com/
[INFO ] 03-10-2024 01:03:14 [main] Log - [Hover] vào By.xpath: /html/body/header/div/div[4]/div/div[1]
[INFO ] 03-10-2024 01:03:14 [main] Log - [Click] vào By.xpath: //a[contains(text(),'Đăng nhập')]
[INFO ] 03-10-2024 01:03:16 [main] Log - [Clear text] của By.id: customer_email
[INFO ] 03-10-2024 01:03:16 [main] Log - [Set text] của By.id: customer_email
[INFO ] 03-10-2024 01:03:17 [main] Log - [Clear text] của By.id: customer_password
[INFO ] 03-10-2024 01:03:17 [main] Log - [Set text] của By.id: customer_password
[INFO ] 03-10-2024 01:03:17 [main] Log - [Click] vào By.xpath: /html/body/section[2]/div/div/div[2]/div/div[1]/div[1]/form/div[2]/div/button
[INFO ] 03-10-2024 01:03:19 [main] Log - [Verify Element text] của: By.xpath: /html/body/section[2]/div/div/div[1]/div/p/span với value: so hai
[INFO ] 03-10-2024 01:03:19 [main] Log - [Hover] vào By.xpath: /html/body/header/div/div[4]/div/div[1]
[INFO ] 03-10-2024 01:03:19 [main] Log - [Click] vào By.xpath: //a[contains(text(),'Đăng xuất')]
[INFO ] 03-10-2024 01:03:21 [main] Log - Test case: DangNhapThanhCong_email50kytudung is passed.
[INFO ] 03-10-2024 01:03:22 [main] Log - Test case: DangNhapThanhCong_email51kytu test is starting...
[INFO ] 03-10-2024 01:03:22 [main] Log - Truy cap trang: https://maybi.com/
[INFO ] 03-10-2024 01:03:23 [main] Log - [Hover] vào By.xpath: /html/body/header/div/div[4]/div/div[1]
[INFO ] 03-10-2024 01:03:24 [main] Log - [Click] vào By.xpath: //a[contains(text(),'Đăng nhập')]
[INFO ] 03-10-2024 01:03:26 [main] Log - [Clear text] của By.id: customer_email
[INFO ] 03-10-2024 01:03:26 [main] Log - [Set text] của By.id: customer_email
[INFO ] 03-10-2024 01:03:26 [main] Log - [Clear text] của By.id: customer_password
[INFO ] 03-10-2024 01:03:26 [main] Log - [Set text] của By.id: customer_password
[INFO ] 03-10-2024 01:03:26 [main] Log - [Click] vào By.xpath: /html/body/section[2]/div/div/div[2]/div/div[1]/div[1]/form/div[2]/div/button
[INFO ] 03-10-2024 01:03:27 [main] Log - [Verify Element text] của: By.xpath: /html/body/section[2]/div/div/div[1]/div/p/span với value: so bay
[INFO ] 03-10-2024 01:03:27 [main] Log - [Hover] vào By.xpath: /html/body/header/div/div[4]/div/div[1]
[INFO ] 03-10-2024 01:03:27 [main] Log - [Click] vào By.xpath: //a[contains(text(),'Đăng xuất')]
[INFO ] 03-10-2024 01:03:30 [main] Log - Test case: DangNhapThanhCong_email51kytu is passed.
[INFO ] 03-10-2024 01:03:30 [main] Log - End suite testing Suite1
