[INFO ] 03-10-2024 17:06:38 [main] Log - Test case: TimKiemTuKhoaDung test is starting...
[INFO ] 03-10-2024 17:06:38 [main] Log - Truy cap trang: https://maybi.com/
[INFO ] 03-10-2024 17:06:39 [main] Log - [Click] vào By.xpath: /html/body/header[1]/div/div[4]/div/span
[INFO ] 03-10-2024 17:06:40 [main] Log - [Clear text] của By.xpath: /html/body/header[2]/div/div[1]/div[2]/form/input[1]
[INFO ] 03-10-2024 17:06:40 [main] Log - [Set text] của By.xpath: /html/body/header[2]/div/div[1]/div[2]/form/input[1]
[INFO ] 03-10-2024 17:06:41 [main] Log - [Click] vào By.xpath: /html/body/header[2]/div/div[1]/div[2]/form/span/button
[INFO ] 03-10-2024 17:06:42 [main] Log - [Verify Element text] của: By.xpath: //a[contains(text(),'Áo thun ôm xếp ly vai')] với value: Áo thun ôm xếp ly vai
[INFO ] 03-10-2024 17:06:42 [main] Log - Test case: TimKiemTuKhoaDung is passed.
[INFO ] 03-10-2024 17:06:43 [main] Log - Test case: TimKiemTuKhoaGanDung test is starting...
[INFO ] 03-10-2024 17:06:43 [main] Log - Truy cap trang: https://maybi.com/
[INFO ] 03-10-2024 17:06:44 [main] Log - [Click] vào By.xpath: /html/body/header[1]/div/div[4]/div/span
[INFO ] 03-10-2024 17:06:45 [main] Log - [Clear text] của By.xpath: /html/body/header[2]/div/div[1]/div[2]/form/input[1]
[INFO ] 03-10-2024 17:06:45 [main] Log - [Set text] của By.xpath: /html/body/header[2]/div/div[1]/div[2]/form/input[1]
[INFO ] 03-10-2024 17:06:45 [main] Log - [Click] vào By.xpath: /html/body/header[2]/div/div[1]/div[2]/form/span/button
[INFO ] 03-10-2024 17:06:47 [main] Log - [Verify Element text] của: By.xpath: //a[contains(text(),'Chân váy midi xoè lưới')] với value: Chân váy midi xoè lưới
[ERROR] 03-10-2024 17:07:17 [main] Log - Đây là test case bị fail: TimKiemTuKhoaGanDung
[ERROR] 03-10-2024 17:07:18 [main] Log - Test case: TimKiemTuKhoaGanDung is failed.
[INFO ] 03-10-2024 17:07:19 [main] Log - Test case: TimKiemTuKhoaNhapKhongCoTrongDB test is starting...
[INFO ] 03-10-2024 17:07:19 [main] Log - Truy cap trang: https://maybi.com/
[INFO ] 03-10-2024 17:07:20 [main] Log - [Click] vào By.xpath: /html/body/header[1]/div/div[4]/div/span
[INFO ] 03-10-2024 17:07:21 [main] Log - [Clear text] của By.xpath: /html/body/header[2]/div/div[1]/div[2]/form/input[1]
[INFO ] 03-10-2024 17:07:21 [main] Log - [Set text] của By.xpath: /html/body/header[2]/div/div[1]/div[2]/form/input[1]
[INFO ] 03-10-2024 17:07:21 [main] Log - [Click] vào By.xpath: /html/body/header[2]/div/div[1]/div[2]/form/span/button
[INFO ] 03-10-2024 17:07:22 [main] Log - [Verify Element text] của: By.xpath: //h2[contains(text(),'Không tìm thấy bất kỳ kết quả nào với từ khóa trên.')] với value: Không tìm thấy kết quả
