[INFO ] 03-10-2024 21:47:09 [main] Log - Test case: TimKiemTuKhoaDung test is starting...
[INFO ] 03-10-2024 21:47:09 [main] Log - Truy cap trang: https://maybi.com/
[INFO ] 03-10-2024 21:47:11 [main] Log - [Click] vào By.xpath: /html/body/header[1]/div/div[4]/div/span
[INFO ] 03-10-2024 21:47:12 [main] Log - [Clear text] của By.xpath: /html/body/header[2]/div/div[1]/div[2]/form/input[1]
[INFO ] 03-10-2024 21:47:12 [main] Log - [Set text] của By.xpath: /html/body/header[2]/div/div[1]/div[2]/form/input[1]
[INFO ] 03-10-2024 21:47:13 [main] Log - [Click] vào By.xpath: //div[contains(@class, 'tw-bg-black/40')]
[INFO ] 03-10-2024 21:47:13 [main] Log - [Click] vào By.xpath: /html/body/header[2]/div/div[1]/div[2]/form/span/button
[INFO ] 03-10-2024 21:47:15 [main] Log - [Verify Element text] của: By.xpath: //a[contains(text(),'Áo thun ôm xếp ly vai')] với value: Áo thun ôm xếp ly vai
[INFO ] 03-10-2024 21:47:15 [main] Log - Test case: TimKiemTuKhoaDung is passed.
[INFO ] 03-10-2024 21:47:16 [main] Log - Test case: TimKiemTuKhoaGanDung test is starting...
[INFO ] 03-10-2024 21:47:16 [main] Log - Truy cap trang: https://maybi.com/
[INFO ] 03-10-2024 21:47:17 [main] Log - [Click] vào By.xpath: /html/body/header[1]/div/div[4]/div/span
[INFO ] 03-10-2024 21:47:18 [main] Log - [Clear text] của By.xpath: /html/body/header[2]/div/div[1]/div[2]/form/input[1]
[INFO ] 03-10-2024 21:47:18 [main] Log - [Set text] của By.xpath: /html/body/header[2]/div/div[1]/div[2]/form/input[1]
[INFO ] 03-10-2024 21:47:19 [main] Log - [Click] vào By.xpath: //div[contains(@class, 'tw-bg-black/40')]
[INFO ] 03-10-2024 21:47:19 [main] Log - [Click] vào By.xpath: /html/body/header[2]/div/div[1]/div[2]/form/span/button
[INFO ] 03-10-2024 21:47:21 [main] Log - [Verify Element text] của: By.xpath: //a[contains(text(),'Chân váy midi xoè lưới')] với value: Chân váy midi xoè lưới
[INFO ] 03-10-2024 21:47:21 [main] Log - Test case: TimKiemTuKhoaGanDung is passed.
[INFO ] 03-10-2024 21:47:22 [main] Log - Test case: TimKiemTuKhoaNhapKhongCoTrongDB test is starting...
[INFO ] 03-10-2024 21:47:22 [main] Log - Truy cap trang: https://maybi.com/
[INFO ] 03-10-2024 21:47:24 [main] Log - [Click] vào By.xpath: /html/body/header[1]/div/div[4]/div/span
[INFO ] 03-10-2024 21:47:25 [main] Log - [Clear text] của By.xpath: /html/body/header[2]/div/div[1]/div[2]/form/input[1]
[INFO ] 03-10-2024 21:47:25 [main] Log - [Set text] của By.xpath: /html/body/header[2]/div/div[1]/div[2]/form/input[1]
[INFO ] 03-10-2024 21:47:26 [main] Log - [Click] vào By.xpath: //div[contains(@class, 'tw-bg-black/40')]
[INFO ] 03-10-2024 21:47:26 [main] Log - [Click] vào By.xpath: /html/body/header[2]/div/div[1]/div[2]/form/span/button
[INFO ] 03-10-2024 21:47:28 [main] Log - [Verify Element text] của: By.xpath: //*[@id="template-search"]/section[2]/div/div/div[3]/h2 với value: Không tìm thấy bất kỳ kết quả nào với từ khóa trên.
[INFO ] 03-10-2024 21:47:28 [main] Log - Test case: TimKiemTuKhoaNhapKhongCoTrongDB is passed.
[INFO ] 03-10-2024 21:47:28 [main] Log - Test case: TimKiemTuKhoaNhapKiTuDacBiet test is starting...
[INFO ] 03-10-2024 21:47:28 [main] Log - Truy cap trang: https://maybi.com/
[INFO ] 03-10-2024 21:47:30 [main] Log - [Click] vào By.xpath: /html/body/header[1]/div/div[4]/div/span
[INFO ] 03-10-2024 21:47:30 [main] Log - [Clear text] của By.xpath: /html/body/header[2]/div/div[1]/div[2]/form/input[1]
[INFO ] 03-10-2024 21:47:30 [main] Log - [Set text] của By.xpath: /html/body/header[2]/div/div[1]/div[2]/form/input[1]
[INFO ] 03-10-2024 21:47:31 [main] Log - [Click] vào By.xpath: //div[contains(@class, 'tw-bg-black/40')]
[INFO ] 03-10-2024 21:47:31 [main] Log - [Click] vào By.xpath: /html/body/header[2]/div/div[1]/div[2]/form/span/button
[INFO ] 03-10-2024 21:47:33 [main] Log - [Verify Element text] của: By.xpath: //*[@id="template-search"]/section[2]/div/div/div[3]/h2 với value: Không tìm thấy bất kỳ kết quả nào với từ khóa trên.
[INFO ] 03-10-2024 21:47:33 [main] Log - Test case: TimKiemTuKhoaNhapKiTuDacBiet is passed.
[INFO ] 03-10-2024 21:47:34 [main] Log - Test case: TimKiemTuKhoaNhapSo test is starting...
[INFO ] 03-10-2024 21:47:34 [main] Log - Truy cap trang: https://maybi.com/
[INFO ] 03-10-2024 21:47:35 [main] Log - [Click] vào By.xpath: /html/body/header[1]/div/div[4]/div/span
[INFO ] 03-10-2024 21:47:36 [main] Log - [Clear text] của By.xpath: /html/body/header[2]/div/div[1]/div[2]/form/input[1]
[INFO ] 03-10-2024 21:47:36 [main] Log - [Set text] của By.xpath: /html/body/header[2]/div/div[1]/div[2]/form/input[1]
[INFO ] 03-10-2024 21:47:36 [main] Log - [Click] vào By.xpath: //div[contains(@class, 'tw-bg-black/40')]
[INFO ] 03-10-2024 21:47:37 [main] Log - [Click] vào By.xpath: /html/body/header[2]/div/div[1]/div[2]/form/span/button
[INFO ] 03-10-2024 21:47:38 [main] Log - [Verify Element text] của: By.xpath: //*[@id="template-search"]/section[2]/div/div/div[3]/h2 với value: Không tìm thấy bất kỳ kết quả nào với từ khóa trên.
[INFO ] 03-10-2024 21:47:38 [main] Log - Test case: TimKiemTuKhoaNhapSo is passed.
[INFO ] 03-10-2024 21:47:38 [main] Log - Test case: TimKiemTuKhoachuhoacodau test is starting...
[INFO ] 03-10-2024 21:47:38 [main] Log - Truy cap trang: https://maybi.com/
[INFO ] 03-10-2024 21:47:40 [main] Log - [Click] vào By.xpath: /html/body/header[1]/div/div[4]/div/span
[INFO ] 03-10-2024 21:47:41 [main] Log - [Clear text] của By.xpath: /html/body/header[2]/div/div[1]/div[2]/form/input[1]
[INFO ] 03-10-2024 21:47:41 [main] Log - [Set text] của By.xpath: /html/body/header[2]/div/div[1]/div[2]/form/input[1]
[INFO ] 03-10-2024 21:47:42 [main] Log - [Click] vào By.xpath: //div[contains(@class, 'tw-bg-black/40')]
[INFO ] 03-10-2024 21:47:42 [main] Log - [Click] vào By.xpath: /html/body/header[2]/div/div[1]/div[2]/form/span/button
[INFO ] 03-10-2024 21:47:45 [main] Log - [Verify Element text] của: By.xpath: //a[contains(text(),'Áo lụa nhún eo')] với value: Áo lụa nhún eo
[INFO ] 03-10-2024 21:47:45 [main] Log - Test case: TimKiemTuKhoachuhoacodau is passed.
[INFO ] 03-10-2024 21:47:46 [main] Log - Test case: TimKiemTuKhoachuhoakhongdau test is starting...
[INFO ] 03-10-2024 21:47:46 [main] Log - Truy cap trang: https://maybi.com/
[INFO ] 03-10-2024 21:47:47 [main] Log - [Click] vào By.xpath: /html/body/header[1]/div/div[4]/div/span
[INFO ] 03-10-2024 21:47:48 [main] Log - [Clear text] của By.xpath: /html/body/header[2]/div/div[1]/div[2]/form/input[1]
[INFO ] 03-10-2024 21:47:48 [main] Log - [Set text] của By.xpath: /html/body/header[2]/div/div[1]/div[2]/form/input[1]
[INFO ] 03-10-2024 21:47:49 [main] Log - [Click] vào By.xpath: //div[contains(@class, 'tw-bg-black/40')]
[INFO ] 03-10-2024 21:47:49 [main] Log - [Click] vào By.xpath: /html/body/header[2]/div/div[1]/div[2]/form/span/button
[INFO ] 03-10-2024 21:47:52 [main] Log - [Verify Element text] của: By.xpath: //a[contains(text(),'Áo lụa nhún eo')] với value: Áo lụa nhún eo
[INFO ] 03-10-2024 21:47:52 [main] Log - Test case: TimKiemTuKhoachuhoakhongdau is passed.
[INFO ] 03-10-2024 21:47:52 [main] Log - End suite testing Suite1
