[INFO ] 03-10-2024 07:37:23 [main] Log - Test case: DangKyKhongThanhCong_FailEmail test is starting...
[INFO ] 03-10-2024 07:37:24 [main] Log - Truy cap trang: https://maybi.com/
[INFO ] 03-10-2024 07:37:29 [main] Log - [Hover] vào By.xpath: /html/body/header/div/div[4]/div/div[1]
[INFO ] 03-10-2024 07:37:30 [main] Log - [Click] vào By.xpath: //a[contains(text(),'Đăng ký')]
[INFO ] 03-10-2024 07:37:34 [main] Log - [Clear text] của By.id: lastName
[INFO ] 03-10-2024 07:37:34 [main] Log - [Set text] của By.id: lastName
[INFO ] 03-10-2024 07:37:34 [main] Log - [Clear text] của By.id: firstName
[INFO ] 03-10-2024 07:37:34 [main] Log - [Set text] của By.id: firstName
[INFO ] 03-10-2024 07:37:35 [main] Log - [Clear text] của By.id: email
[INFO ] 03-10-2024 07:37:35 [main] Log - [Set text] của By.id: email
[INFO ] 03-10-2024 07:37:35 [main] Log - [Clear text] của By.id: Phone
[INFO ] 03-10-2024 07:37:35 [main] Log - [Set text] của By.id: Phone
[INFO ] 03-10-2024 07:37:35 [main] Log - [Clear text] của By.id: password
[INFO ] 03-10-2024 07:37:35 [main] Log - [Set text] của By.id: password
[INFO ] 03-10-2024 07:37:35 [main] Log - [Click] vào By.xpath: /html/body/section[2]/div/div/div[2]/div/div/div/form/div[2]/div[3]/button
[INFO ] 03-10-2024 07:37:35 [main] Log - [Verify Element text] của: By.xpath: /html/body/section[2]/div/div/div[2]/div/div/div/form/div[2]/div[2]/div[1]/fieldset/input với value: Email không đúng định dạng!
[ERROR] 03-10-2024 07:37:35 [main] Log - Đây là test case bị fail: DangKyKhongThanhCong_FailEmail
[ERROR] 03-10-2024 07:37:36 [main] Log - Test case: DangKyKhongThanhCong_FailEmail is failed.
[INFO ] 03-10-2024 07:37:36 [main] Log - Test case: DangKyKhongThanhCong_FailEmailDaTonTai test is starting...
[INFO ] 03-10-2024 07:37:36 [main] Log - Truy cap trang: https://maybi.com/
[INFO ] 03-10-2024 07:37:43 [main] Log - [Hover] vào By.xpath: /html/body/header/div/div[4]/div/div[1]
[INFO ] 03-10-2024 07:37:43 [main] Log - [Click] vào By.xpath: //a[contains(text(),'Đăng ký')]
[INFO ] 03-10-2024 07:37:47 [main] Log - [Clear text] của By.id: lastName
[INFO ] 03-10-2024 07:37:47 [main] Log - [Set text] của By.id: lastName
[INFO ] 03-10-2024 07:37:47 [main] Log - [Clear text] của By.id: firstName
[INFO ] 03-10-2024 07:37:47 [main] Log - [Set text] của By.id: firstName
[INFO ] 03-10-2024 07:37:47 [main] Log - [Clear text] của By.id: email
[INFO ] 03-10-2024 07:37:47 [main] Log - [Set text] của By.id: email
[INFO ] 03-10-2024 07:37:47 [main] Log - [Clear text] của By.id: Phone
[INFO ] 03-10-2024 07:37:47 [main] Log - [Set text] của By.id: Phone
[INFO ] 03-10-2024 07:37:48 [main] Log - [Clear text] của By.id: password
[INFO ] 03-10-2024 07:37:48 [main] Log - [Set text] của By.id: password
[INFO ] 03-10-2024 07:37:48 [main] Log - [Click] vào By.xpath: /html/body/section[2]/div/div/div[2]/div/div/div/form/div[2]/div[3]/button
[INFO ] 03-10-2024 07:37:49 [main] Log - [Verify Element text] của: By.xpath: //body/div[@id='ega-register-page']/div[1]/div[1]/div[1]/div[1]/form[1]/div[1]/ul[1]/li[1] với value: Email đã tồn tại. Nếu bạn quên mật khẩu, bạn có thể thiết lập lại mật khẩu tại đây.
