[INFO ] 03-10-2024 00:58:58 [main] Log - Test case: DangNhapKhongThanhCong_passnhapkytudacbiet test is starting...
[INFO ] 03-10-2024 00:58:58 [main] Log - Truy cap trang: https://maybi.com/
[INFO ] 03-10-2024 00:59:04 [main] Log - [Hover] vào By.xpath: /html/body/header/div/div[4]/div/div[1]
[INFO ] 03-10-2024 00:59:05 [main] Log - [Click] vào By.xpath: //a[contains(text(),'Đăng nhập')]
[INFO ] 03-10-2024 00:59:06 [main] Log - [Clear text] của By.id: customer_email
[INFO ] 03-10-2024 00:59:06 [main] Log - [Set text] của By.id: customer_email
[INFO ] 03-10-2024 00:59:07 [main] Log - [Clear text] của By.id: customer_password
[INFO ] 03-10-2024 00:59:07 [main] Log - [Set text] của By.id: customer_password
[INFO ] 03-10-2024 00:59:07 [main] Log - [Click] vào By.xpath: /html/body/section[2]/div/div/div[2]/div/div[1]/div[1]/form/div[2]/div/button
[INFO ] 03-10-2024 00:59:08 [main] Log - [Verify Element text] của: By.xpath: //*[@id="customer_login"]/div[1] với value: Thông tin đăng nhập không hợp lệ.
[INFO ] 03-10-2024 00:59:08 [main] Log - Test case: DangNhapKhongThanhCong_passnhapkytudacbiet is passed.
[INFO ] 03-10-2024 00:59:10 [main] Log - Test case: DangNhapKhongThanhCong_saiemail test is starting...
[INFO ] 03-10-2024 00:59:10 [main] Log - Truy cap trang: https://maybi.com/
[INFO ] 03-10-2024 00:59:11 [main] Log - [Hover] vào By.xpath: /html/body/header/div/div[4]/div/div[1]
[INFO ] 03-10-2024 00:59:11 [main] Log - [Click] vào By.xpath: //a[contains(text(),'Đăng nhập')]
[INFO ] 03-10-2024 00:59:13 [main] Log - [Clear text] của By.id: customer_email
[INFO ] 03-10-2024 00:59:13 [main] Log - [Set text] của By.id: customer_email
[INFO ] 03-10-2024 00:59:13 [main] Log - [Clear text] của By.id: customer_password
[INFO ] 03-10-2024 00:59:14 [main] Log - [Set text] của By.id: customer_password
[INFO ] 03-10-2024 00:59:14 [main] Log - [Click] vào By.xpath: /html/body/section[2]/div/div/div[2]/div/div[1]/div[1]/form/div[2]/div/button
[INFO ] 03-10-2024 00:59:15 [main] Log - [Verify Element text] của: By.xpath: //*[@id="customer_login"]/div[1] với value: Thông tin đăng nhập không hợp lệ.
[INFO ] 03-10-2024 00:59:15 [main] Log - Test case: DangNhapKhongThanhCong_saiemail is passed.
[INFO ] 03-10-2024 00:59:16 [main] Log - Test case: DangNhapKhongThanhCong_saipass1 test is starting...
[INFO ] 03-10-2024 00:59:16 [main] Log - Truy cap trang: https://maybi.com/
[INFO ] 03-10-2024 00:59:17 [main] Log - [Hover] vào By.xpath: /html/body/header/div/div[4]/div/div[1]
[INFO ] 03-10-2024 00:59:18 [main] Log - [Click] vào By.xpath: //a[contains(text(),'Đăng nhập')]
[INFO ] 03-10-2024 00:59:19 [main] Log - [Clear text] của By.id: customer_email
[INFO ] 03-10-2024 00:59:19 [main] Log - [Set text] của By.id: customer_email
[INFO ] 03-10-2024 00:59:20 [main] Log - [Clear text] của By.id: customer_password
[INFO ] 03-10-2024 00:59:20 [main] Log - [Set text] của By.id: customer_password
[INFO ] 03-10-2024 00:59:20 [main] Log - [Click] vào By.xpath: /html/body/section[2]/div/div/div[2]/div/div[1]/div[1]/form/div[2]/div/button
[INFO ] 03-10-2024 00:59:22 [main] Log - [Verify Element text] của: By.xpath: //*[@id="customer_login"]/div[1] với value: Thông tin đăng nhập không hợp lệ.
[INFO ] 03-10-2024 00:59:22 [main] Log - Test case: DangNhapKhongThanhCong_saipass1 is passed.
[INFO ] 03-10-2024 00:59:23 [main] Log - Test case: DangNhapThanhCong test is starting...
[INFO ] 03-10-2024 00:59:23 [main] Log - Truy cap trang: https://maybi.com/
[INFO ] 03-10-2024 00:59:24 [main] Log - [Hover] vào By.xpath: /html/body/header/div/div[4]/div/div[1]
[INFO ] 03-10-2024 00:59:25 [main] Log - [Click] vào By.xpath: //a[contains(text(),'Đăng nhập')]
[INFO ] 03-10-2024 00:59:26 [main] Log - [Clear text] của By.id: customer_email
[INFO ] 03-10-2024 00:59:27 [main] Log - [Set text] của By.id: customer_email
[INFO ] 03-10-2024 00:59:27 [main] Log - [Clear text] của By.id: customer_password
[INFO ] 03-10-2024 00:59:27 [main] Log - [Set text] của By.id: customer_password
[INFO ] 03-10-2024 00:59:27 [main] Log - [Click] vào By.xpath: /html/body/section[2]/div/div/div[2]/div/div[1]/div[1]/form/div[2]/div/button
[INFO ] 03-10-2024 00:59:28 [main] Log - [Verify Element text] của: By.xpath: /html/body/section[2]/div/div/div[1]/div/p/span với value: : Nguyễn Linh đƠN ẢO 
[ERROR] 03-10-2024 00:59:28 [main] Log - Đây là test case bị fail: DangNhapThanhCong
[ERROR] 03-10-2024 00:59:29 [main] Log - Test case: DangNhapThanhCong is failed.
[INFO ] 03-10-2024 00:59:29 [main] Log - Test case: DangNhapThanhCong_email21kytudung test is starting...
[INFO ] 03-10-2024 00:59:29 [main] Log - Truy cap trang: https://maybi.com/
[INFO ] 03-10-2024 00:59:31 [main] Log - [Hover] vào By.xpath: /html/body/header/div/div[4]/div/div[1]
[INFO ] 03-10-2024 00:59:31 [main] Log - [Click] vào By.xpath: //a[contains(text(),'Đăng nhập')]
[INFO ] 03-10-2024 00:59:33 [main] Log - [Clear text] của By.id: customer_email
[INFO ] 03-10-2024 00:59:33 [main] Log - [Set text] của By.id: customer_email
[INFO ] 03-10-2024 00:59:33 [main] Log - [Clear text] của By.id: customer_password
[INFO ] 03-10-2024 00:59:33 [main] Log - [Set text] của By.id: customer_password
[INFO ] 03-10-2024 00:59:33 [main] Log - [Click] vào By.xpath: /html/body/section[2]/div/div/div[2]/div/div[1]/div[1]/form/div[2]/div/button
[INFO ] 03-10-2024 00:59:34 [main] Log - [Verify Element text] của: By.xpath: /html/body/section[2]/div/div/div[1]/div/p/span với value: :so mot
[ERROR] 03-10-2024 00:59:34 [main] Log - Đây là test case bị fail: DangNhapThanhCong_email21kytudung
[ERROR] 03-10-2024 00:59:34 [main] Log - Test case: DangNhapThanhCong_email21kytudung is failed.
[INFO ] 03-10-2024 00:59:35 [main] Log - Test case: DangNhapThanhCong_email50kytudung test is starting...
[INFO ] 03-10-2024 00:59:35 [main] Log - Truy cap trang: https://maybi.com/
[INFO ] 03-10-2024 00:59:37 [main] Log - [Hover] vào By.xpath: /html/body/header/div/div[4]/div/div[1]
[INFO ] 03-10-2024 00:59:37 [main] Log - [Click] vào By.xpath: //a[contains(text(),'Đăng nhập')]
[INFO ] 03-10-2024 00:59:39 [main] Log - [Clear text] của By.id: customer_email
[INFO ] 03-10-2024 00:59:39 [main] Log - [Set text] của By.id: customer_email
[INFO ] 03-10-2024 00:59:39 [main] Log - [Clear text] của By.id: customer_password
[INFO ] 03-10-2024 00:59:39 [main] Log - [Set text] của By.id: customer_password
[INFO ] 03-10-2024 00:59:39 [main] Log - [Click] vào By.xpath: /html/body/section[2]/div/div/div[2]/div/div[1]/div[1]/form/div[2]/div/button
[INFO ] 03-10-2024 00:59:41 [main] Log - [Verify Element text] của: By.xpath: /html/body/section[2]/div/div/div[1]/div/p/span với value: :so hai
[ERROR] 03-10-2024 00:59:41 [main] Log - Đây là test case bị fail: DangNhapThanhCong_email50kytudung
[ERROR] 03-10-2024 00:59:41 [main] Log - Test case: DangNhapThanhCong_email50kytudung is failed.
[INFO ] 03-10-2024 00:59:42 [main] Log - Test case: DangNhapThanhCong_email51kytu test is starting...
[INFO ] 03-10-2024 00:59:42 [main] Log - Truy cap trang: https://maybi.com/
[INFO ] 03-10-2024 00:59:44 [main] Log - [Hover] vào By.xpath: /html/body/header/div/div[4]/div/div[1]
[INFO ] 03-10-2024 00:59:44 [main] Log - [Click] vào By.xpath: //a[contains(text(),'Đăng nhập')]
[INFO ] 03-10-2024 00:59:46 [main] Log - [Clear text] của By.id: customer_email
[INFO ] 03-10-2024 00:59:46 [main] Log - [Set text] của By.id: customer_email
[INFO ] 03-10-2024 00:59:46 [main] Log - [Clear text] của By.id: customer_password
[INFO ] 03-10-2024 00:59:46 [main] Log - [Set text] của By.id: customer_password
[INFO ] 03-10-2024 00:59:46 [main] Log - [Click] vào By.xpath: /html/body/section[2]/div/div/div[2]/div/div[1]/div[1]/form/div[2]/div/button
[INFO ] 03-10-2024 00:59:47 [main] Log - [Verify Element text] của: By.xpath: /html/body/section[2]/div/div/div[1]/div/p/span với value: so bay
[INFO ] 03-10-2024 00:59:47 [main] Log - [Hover] vào By.xpath: /html/body/header/div/div[4]/div/div[1]
[INFO ] 03-10-2024 00:59:48 [main] Log - [Click] vào By.xpath: //a[contains(text(),'Đăng xuất')]
[INFO ] 03-10-2024 00:59:50 [main] Log - Test case: DangNhapThanhCong_email51kytu is passed.
[INFO ] 03-10-2024 00:59:50 [main] Log - End suite testing Suite1
