[INFO ] 03-10-2024 23:23:33 [main] Log - Test case: DangNhapKhongThanhCong_passnhapkytudacbiet test is starting...
[INFO ] 03-10-2024 23:23:33 [main] Log - Truy cap trang: https://maybi.com/
[INFO ] 03-10-2024 23:23:35 [main] Log - [Hover] vào By.xpath: /html/body/header/div/div[4]/div/div[1]
[INFO ] 03-10-2024 23:23:35 [main] Log - [Click] vào By.xpath: //a[contains(text(),'Đăng nhập')]
[INFO ] 03-10-2024 23:23:37 [main] Log - [Clear text] của By.id: customer_email
[INFO ] 03-10-2024 23:23:37 [main] Log - [Set text] của By.id: customer_email
[INFO ] 03-10-2024 23:23:38 [main] Log - [Clear text] của By.id: customer_password
[INFO ] 03-10-2024 23:23:38 [main] Log - [Set text] của By.id: customer_password
[INFO ] 03-10-2024 23:23:38 [main] Log - [Click] vào By.xpath: /html/body/section[2]/div/div/div[2]/div/div[1]/div[1]/form/div[2]/div/button
[INFO ] 03-10-2024 23:23:39 [main] Log - [Verify Element text] của: By.xpath: //*[@id="customer_login"]/div[1] với value: Thông tin đăng nhập không hợp lệ.
[INFO ] 03-10-2024 23:23:39 [main] Log - Test case: DangNhapKhongThanhCong_passnhapkytudacbiet is passed.
[INFO ] 03-10-2024 23:23:40 [main] Log - Test case: DangNhapKhongThanhCong_saiemail test is starting...
[INFO ] 03-10-2024 23:23:40 [main] Log - Truy cap trang: https://maybi.com/
[INFO ] 03-10-2024 23:23:42 [main] Log - [Hover] vào By.xpath: /html/body/header/div/div[4]/div/div[1]
[INFO ] 03-10-2024 23:23:42 [main] Log - [Click] vào By.xpath: //a[contains(text(),'Đăng nhập')]
[INFO ] 03-10-2024 23:23:44 [main] Log - [Clear text] của By.id: customer_email
[INFO ] 03-10-2024 23:23:44 [main] Log - [Set text] của By.id: customer_email
[INFO ] 03-10-2024 23:23:44 [main] Log - [Clear text] của By.id: customer_password
[INFO ] 03-10-2024 23:23:44 [main] Log - [Set text] của By.id: customer_password
[INFO ] 03-10-2024 23:23:44 [main] Log - [Click] vào By.xpath: /html/body/section[2]/div/div/div[2]/div/div[1]/div[1]/form/div[2]/div/button
[INFO ] 03-10-2024 23:23:45 [main] Log - [Verify Element text] của: By.xpath: //*[@id="customer_login"]/div[1] với value: Thông tin đăng nhập không hợp lệ.
[ERROR] 03-10-2024 23:23:45 [main] Log - Đây là test case bị fail: DangNhapKhongThanhCong_saiemail
[ERROR] 03-10-2024 23:23:46 [main] Log - Test case: DangNhapKhongThanhCong_saiemail is failed.
[INFO ] 03-10-2024 23:23:47 [main] Log - Test case: DangNhapKhongThanhCong_saipass1 test is starting...
[INFO ] 03-10-2024 23:23:47 [main] Log - Truy cap trang: https://maybi.com/
[INFO ] 03-10-2024 23:23:48 [main] Log - [Hover] vào By.xpath: /html/body/header/div/div[4]/div/div[1]
[INFO ] 03-10-2024 23:23:48 [main] Log - [Click] vào By.xpath: //a[contains(text(),'Đăng nhập')]
[INFO ] 03-10-2024 23:23:50 [main] Log - [Clear text] của By.id: customer_email
[INFO ] 03-10-2024 23:23:50 [main] Log - [Set text] của By.id: customer_email
[INFO ] 03-10-2024 23:23:50 [main] Log - [Clear text] của By.id: customer_password
[INFO ] 03-10-2024 23:23:51 [main] Log - [Set text] của By.id: customer_password
[INFO ] 03-10-2024 23:23:51 [main] Log - [Click] vào By.xpath: /html/body/section[2]/div/div/div[2]/div/div[1]/div[1]/form/div[2]/div/button
[INFO ] 03-10-2024 23:23:52 [main] Log - [Verify Element text] của: By.xpath: //*[@id="customer_login"]/div[1] với value: Thông tin đăng nhập không hợp lệ.
[ERROR] 03-10-2024 23:23:52 [main] Log - Đây là test case bị fail: DangNhapKhongThanhCong_saipass1
[ERROR] 03-10-2024 23:23:52 [main] Log - Test case: DangNhapKhongThanhCong_saipass1 is failed.
[INFO ] 03-10-2024 23:23:53 [main] Log - Test case: DangNhapThanhCong test is starting...
[INFO ] 03-10-2024 23:23:53 [main] Log - Truy cap trang: https://maybi.com/
[INFO ] 03-10-2024 23:23:55 [main] Log - [Hover] vào By.xpath: /html/body/header/div/div[4]/div/div[1]
[INFO ] 03-10-2024 23:23:55 [main] Log - [Click] vào By.xpath: //a[contains(text(),'Đăng nhập')]
[INFO ] 03-10-2024 23:23:57 [main] Log - [Clear text] của By.id: customer_email
[INFO ] 03-10-2024 23:23:57 [main] Log - [Set text] của By.id: customer_email
[INFO ] 03-10-2024 23:23:57 [main] Log - [Clear text] của By.id: customer_password
[INFO ] 03-10-2024 23:23:57 [main] Log - [Set text] của By.id: customer_password
[INFO ] 03-10-2024 23:23:58 [main] Log - [Click] vào By.xpath: /html/body/section[2]/div/div/div[2]/div/div[1]/div[1]/form/div[2]/div/button
[INFO ] 03-10-2024 23:23:59 [main] Log - [Verify Element text] của: By.xpath: /html/body/section[2]/div/div/div[1]/div/p/span với value: Nguyễn Linh đƠN ẢO
