[INFO ] 04-10-2024 13:11:15 [main] Log - Test case: DangNhapKhongThanhCong_passnhapkytudacbiet test is starting...
[INFO ] 04-10-2024 13:11:15 [main] Log - Truy cap trang: https://maybi.com/
[INFO ] 04-10-2024 13:11:19 [main] Log - [Hover] vào By.xpath: /html/body/header/div/div[4]/div/div[1]
[INFO ] 04-10-2024 13:11:19 [main] Log - [Click] vào By.xpath: //a[contains(text(),'Đăng nhập')]
[INFO ] 04-10-2024 13:11:21 [main] Log - [Clear text] của By.id: customer_email
[INFO ] 04-10-2024 13:11:21 [main] Log - [Set text] của By.id: customer_email
[INFO ] 04-10-2024 13:11:21 [main] Log - [Clear text] của By.id: customer_password
[INFO ] 04-10-2024 13:11:21 [main] Log - [Set text] của By.id: customer_password
[INFO ] 04-10-2024 13:11:21 [main] Log - [Click] vào By.xpath: /html/body/section[2]/div/div/div[2]/div/div[1]/div[1]/form/div[2]/div/button
[INFO ] 04-10-2024 13:11:23 [main] Log - [Verify Element text] của: By.xpath: //*[@id="customer_login"]/div[1] với value: Thông tin đăng nhập không hợp lệ.
[ERROR] 04-10-2024 13:11:23 [main] Log - Đây là test case bị fail: DangNhapKhongThanhCong_passnhapkytudacbiet
[ERROR] 04-10-2024 13:11:23 [main] Log - Test case: DangNhapKhongThanhCong_passnhapkytudacbiet is failed.
[INFO ] 04-10-2024 13:11:24 [main] Log - Test case: DangNhapKhongThanhCong_saiemail test is starting...
[INFO ] 04-10-2024 13:11:24 [main] Log - Truy cap trang: https://maybi.com/
[INFO ] 04-10-2024 13:11:26 [main] Log - [Hover] vào By.xpath: /html/body/header/div/div[4]/div/div[1]
[INFO ] 04-10-2024 13:11:26 [main] Log - [Click] vào By.xpath: //a[contains(text(),'Đăng nhập')]
[INFO ] 04-10-2024 13:11:28 [main] Log - [Clear text] của By.id: customer_email
[INFO ] 04-10-2024 13:11:28 [main] Log - [Set text] của By.id: customer_email
[INFO ] 04-10-2024 13:11:28 [main] Log - [Clear text] của By.id: customer_password
[INFO ] 04-10-2024 13:11:29 [main] Log - [Set text] của By.id: customer_password
[INFO ] 04-10-2024 13:11:29 [main] Log - [Click] vào By.xpath: /html/body/section[2]/div/div/div[2]/div/div[1]/div[1]/form/div[2]/div/button
[INFO ] 04-10-2024 13:11:30 [main] Log - [Verify Element text] của: By.xpath: //*[@id="customer_login"]/div[1] với value: Thông tin đăng nhập không hợp lệ.
[INFO ] 04-10-2024 13:11:30 [main] Log - Test case: DangNhapKhongThanhCong_saiemail is passed.
[INFO ] 04-10-2024 13:11:31 [main] Log - Test case: DangNhapKhongThanhCong_saipass1 test is starting...
[INFO ] 04-10-2024 13:11:31 [main] Log - Truy cap trang: https://maybi.com/
[INFO ] 04-10-2024 13:11:34 [main] Log - [Hover] vào By.xpath: /html/body/header/div/div[4]/div/div[1]
