[INFO ] 03-10-2024 00:48:28 [main] Log - Test case: DangNhapKhongThanhCong_passnhapkytudacbiet test is starting...
[INFO ] 03-10-2024 00:48:28 [main] Log - Truy cap trang: https://maybi.com/
[INFO ] 03-10-2024 00:48:29 [main] Log - [Hover] vào By.xpath: /html/body/header/div/div[4]/div/div[1]
[INFO ] 03-10-2024 00:48:30 [main] Log - [Click] vào By.xpath: //a[contains(text(),'Đăng nhập')]
[INFO ] 03-10-2024 00:48:31 [main] Log - [Clear text] của By.id: customer_email
[INFO ] 03-10-2024 00:48:32 [main] Log - [Set text] của By.id: customer_email
[INFO ] 03-10-2024 00:48:32 [main] Log - [Clear text] của By.id: customer_password
[INFO ] 03-10-2024 00:48:32 [main] Log - [Set text] của By.id: customer_password
[INFO ] 03-10-2024 00:48:32 [main] Log - [Click] vào By.xpath: /html/body/section[2]/div/div/div[2]/div/div[1]/div[1]/form/div[2]/div/button
[INFO ] 03-10-2024 00:48:33 [main] Log - [Verify Element text] của: By.xpath: //li[contains(text(),'Thông tin đăng nhập không hợp lệ.')] với value: Thông tin đăng nhập không hợp lệ.
[ERROR] 03-10-2024 00:49:03 [main] Log - Đây là test case bị fail: DangNhapKhongThanhCong_passnhapkytudacbiet
[ERROR] 03-10-2024 00:49:03 [main] Log - Test case: DangNhapKhongThanhCong_passnhapkytudacbiet is failed.
[INFO ] 03-10-2024 00:49:04 [main] Log - Test case: DangNhapKhongThanhCong_saiemail test is starting...
[INFO ] 03-10-2024 00:49:04 [main] Log - Truy cap trang: https://maybi.com/
[INFO ] 03-10-2024 00:49:06 [main] Log - [Hover] vào By.xpath: /html/body/header/div/div[4]/div/div[1]
[INFO ] 03-10-2024 00:49:07 [main] Log - [Click] vào By.xpath: //a[contains(text(),'Đăng nhập')]
[INFO ] 03-10-2024 00:49:08 [main] Log - [Clear text] của By.id: customer_email
[INFO ] 03-10-2024 00:49:08 [main] Log - [Set text] của By.id: customer_email
[INFO ] 03-10-2024 00:49:08 [main] Log - [Clear text] của By.id: customer_password
[INFO ] 03-10-2024 00:49:08 [main] Log - [Set text] của By.id: customer_password
[INFO ] 03-10-2024 00:49:08 [main] Log - [Click] vào By.xpath: /html/body/section[2]/div/div/div[2]/div/div[1]/div[1]/form/div[2]/div/button
[INFO ] 03-10-2024 00:49:10 [main] Log - [Verify Element text] của: By.xpath: //li[contains(text(),'Thông tin đăng nhập không hợp lệ.')] với value: Thông tin đăng nhập không hợp lệ.
[ERROR] 03-10-2024 00:49:40 [main] Log - Đây là test case bị fail: DangNhapKhongThanhCong_saiemail
[ERROR] 03-10-2024 00:49:40 [main] Log - Test case: DangNhapKhongThanhCong_saiemail is failed.
[INFO ] 03-10-2024 00:49:41 [main] Log - Test case: DangNhapKhongThanhCong_saipass1 test is starting...
[INFO ] 03-10-2024 00:49:41 [main] Log - Truy cap trang: https://maybi.com/
[INFO ] 03-10-2024 00:49:44 [main] Log - [Hover] vào By.xpath: /html/body/header/div/div[4]/div/div[1]
[INFO ] 03-10-2024 00:49:44 [main] Log - [Click] vào By.xpath: //a[contains(text(),'Đăng nhập')]
[INFO ] 03-10-2024 00:49:45 [main] Log - [Clear text] của By.id: customer_email
[INFO ] 03-10-2024 00:49:45 [main] Log - [Set text] của By.id: customer_email
[INFO ] 03-10-2024 00:49:46 [main] Log - [Clear text] của By.id: customer_password
[INFO ] 03-10-2024 00:49:46 [main] Log - [Set text] của By.id: customer_password
[INFO ] 03-10-2024 00:49:46 [main] Log - [Click] vào By.xpath: /html/body/section[2]/div/div/div[2]/div/div[1]/div[1]/form/div[2]/div/button
