#
# There is insufficient memory for the Java Runtime Environment to continue.
# Native memory allocation (malloc) failed to allocate 564272 bytes for Chunk::new
# Possible reasons:
#   The system is out of physical RAM or swap space
#   The process is running with CompressedOops enabled, and the Java Heap may be blocking the growth of the native heap
# Possible solutions:
#   Reduce memory load on the system
#   Increase physical memory or swap space
#   Check if swap backing store is full
#   Decrease Java heap size (-Xmx/-Xms)
#   Decrease number of Java threads
#   Decrease Java thread stack sizes (-Xss)
#   Set larger code cache with -XX:ReservedCodeCacheSize=
#   JVM is running with Unscaled Compressed Oops mode in which the Java heap is
#     placed in the first 4GB address space. The Java Heap base address is the
#     maximum limit for the native heap growth. Please use -XX:HeapBaseMinAddress
#     to set the Java Heap base and to place the Java Heap above 4GB virtual address.
# This output file may be truncated or incomplete.
#
#  Out of Memory Error (arena.cpp:184), pid=616, tid=10048
#
# JRE version: OpenJDK Runtime Environment (18.0.1.1+2) (build 18.0.1.1+2-6)
# Java VM: OpenJDK 64-Bit Server VM (18.0.1.1+2-6, mixed mode, sharing, tiered, compressed oops, compressed class ptrs, g1 gc, windows-amd64)
# No core dump will be written. Minidumps are not enabled by default on client versions of Windows
#

---------------  S U M M A R Y ------------

Command Line: -ea -javaagent:C:\Users\Admin\.m2\repository/org/aspectj/aspectjweaver/1.9.6/aspectjweaver-1.9.6.jar -Didea.test.cyclic.buffer.size=1048576 -javaagent:C:\Program Files\JetBrains\IntelliJ IDEA Community Edition 2022.1\lib\idea_rt.jar=63869:C:\Program Files\JetBrains\IntelliJ IDEA Community Edition 2022.1\bin -Dfile.encoding=UTF-8 com.intellij.rt.testng.RemoteTestNGStarter -usedefaultlisteners false -socket63868 @w@C:\Users\Admin\AppData\Local\Temp\idea_working_dirs_testng.tmp -temp C:\Users\Admin\AppData\Local\Temp\idea_testng.tmp

Host: Intel(R) Core(TM) i5-10210U CPU @ 1.60GHz, 8 cores, 7G,  Windows 11 , 64 bit Build 22000 (10.0.22000.708)
Time: Mon Jun 20 17:29:11 2022 SE Asia Standard Time elapsed time: 74.390409 seconds (0d 0h 1m 14s)

---------------  T H R E A D  ---------------

Current thread (0x0000022c7f7f0830):  JavaThread "C2 CompilerThread0" daemon [_thread_in_native, id=10048, stack(0x000000e3fcc00000,0x000000e3fcd00000)]


Current CompileTask:
C2:  74390 6562       4       io.netty.util.Recycler::get (54 bytes)

Stack: [0x000000e3fcc00000,0x000000e3fcd00000]
Native frames: (J=compiled Java code, j=interpreted, Vv=VM code, C=native code)
V  [jvm.dll+0x69887a]
V  [jvm.dll+0x7f38bd]
V  [jvm.dll+0x7f51ce]
V  [jvm.dll+0x7f5883]
V  [jvm.dll+0x25ca3f]
V  [jvm.dll+0xb8c2f]
V  [jvm.dll+0xb8fa5]
V  [jvm.dll+0x385a6b]
V  [jvm.dll+0x34f811]
V  [jvm.dll+0x34ecaa]
V  [jvm.dll+0x22fc21]
V  [jvm.dll+0x22eff1]
V  [jvm.dll+0x1b9cfc]
V  [jvm.dll+0x23e8ca]
V  [jvm.dll+0x23cbb5]
V  [jvm.dll+0x7a5fb1]
V  [jvm.dll+0x7a03ea]
V  [jvm.dll+0x697725]
C  [ucrtbase.dll+0x26c0c]
C  [KERNEL32.DLL+0x154e0]
C  [ntdll.dll+0x485b]


---------------  P R O C E S S  ---------------

Threads class SMR info:
_java_thread_list=0x0000022c08f0fca0, length=41, elements={
0x0000022c616eecf0, 0x0000022c7f7cd140, 0x0000022c7f7cdda0, 0x0000022c7f7e7960,
0x0000022c7f7e8300, 0x0000022c7f7e8ca0, 0x0000022c7f7ea650, 0x0000022c7f7f0830,
0x0000022c7f7fa140, 0x0000022c7f80d200, 0x0000022c7f86e440, 0x0000022c04e464f0,
0x0000022c047b4600, 0x0000022c0568e3e0, 0x0000022c0658dca0, 0x0000022c069a7440,
0x0000022c05049dd0, 0x0000022c055c3180, 0x0000022c05661bb0, 0x0000022c051474d0,
0x0000022c050af700, 0x0000022c050b0a40, 0x0000022c050ada20, 0x0000022c08610640,
0x0000022c08613b30, 0x0000022c08610b10, 0x0000022c08612320, 0x0000022c08613660,
0x0000022c08613190, 0x0000022c086127f0, 0x0000022c050ae3c0, 0x0000022c050aed60,
0x0000022c086114b0, 0x0000022c08611980, 0x0000022c05fb9740, 0x0000022c05fbaa80,
0x0000022c05fbd100, 0x0000022c05fb8da0, 0x0000022c05fbe910, 0x0000022c05fbc290,
0x0000022c05fbdaa0
}

Java Threads: ( => current thread )
  0x0000022c616eecf0 JavaThread "Forwarding clearElement on session cab9dfdbbfcc637cf97231e367bd4c10 to remote" [_thread_blocked, id=7948, stack(0x000000e3fbf00000,0x000000e3fc000000)]
  0x0000022c7f7cd140 JavaThread "Reference Handler" daemon [_thread_blocked, id=7044, stack(0x000000e3fc600000,0x000000e3fc700000)]
  0x0000022c7f7cdda0 JavaThread "Finalizer" daemon [_thread_blocked, id=12352, stack(0x000000e3fc700000,0x000000e3fc800000)]
  0x0000022c7f7e7960 JavaThread "Signal Dispatcher" daemon [_thread_blocked, id=6420, stack(0x000000e3fc800000,0x000000e3fc900000)]
  0x0000022c7f7e8300 JavaThread "Attach Listener" daemon [_thread_blocked, id=18712, stack(0x000000e3fc900000,0x000000e3fca00000)]
  0x0000022c7f7e8ca0 JavaThread "Service Thread" daemon [_thread_blocked, id=8648, stack(0x000000e3fca00000,0x000000e3fcb00000)]
  0x0000022c7f7ea650 JavaThread "Monitor Deflation Thread" daemon [_thread_blocked, id=14920, stack(0x000000e3fcb00000,0x000000e3fcc00000)]
=>0x0000022c7f7f0830 JavaThread "C2 CompilerThread0" daemon [_thread_in_native, id=10048, stack(0x000000e3fcc00000,0x000000e3fcd00000)]
  0x0000022c7f7fa140 JavaThread "C1 CompilerThread0" daemon [_thread_blocked, id=13716, stack(0x000000e3fcd00000,0x000000e3fce00000)]
  0x0000022c7f80d200 JavaThread "Sweeper thread" daemon [_thread_blocked, id=16736, stack(0x000000e3fce00000,0x000000e3fcf00000)]
  0x0000022c7f86e440 JavaThread "Common-Cleaner" daemon [_thread_blocked, id=11724, stack(0x000000e3fcf00000,0x000000e3fd000000)]
  0x0000022c04e464f0 JavaThread "Monitor Ctrl-Break" daemon [_thread_in_native, id=12772, stack(0x000000e3fd500000,0x000000e3fd600000)]
  0x0000022c047b4600 JavaThread "Notification Thread" daemon [_thread_blocked, id=1672, stack(0x000000e3fd600000,0x000000e3fd700000)]
  0x0000022c0568e3e0 JavaThread "ForkJoinPool.commonPool-worker-1" daemon [_thread_blocked, id=11668, stack(0x000000e3fdc00000,0x000000e3fdd00000)]
  0x0000022c0658dca0 JavaThread "ForkJoinPool.commonPool-worker-2" daemon [_thread_blocked, id=8956, stack(0x000000e3fdd00000,0x000000e3fde00000)]
  0x0000022c069a7440 JavaThread "ForkJoinPool.commonPool-worker-3" daemon [_thread_blocked, id=9632, stack(0x000000e3fde00000,0x000000e3fdf00000)]
  0x0000022c05049dd0 JavaThread "ForkJoinPool.commonPool-worker-4" daemon [_thread_blocked, id=12032, stack(0x000000e3fdf00000,0x000000e3fe000000)]
  0x0000022c055c3180 JavaThread "ForkJoinPool.commonPool-worker-5" daemon [_thread_blocked, id=8516, stack(0x000000e3fe000000,0x000000e3fe100000)]
  0x0000022c05661bb0 JavaThread "ForkJoinPool.commonPool-worker-6" daemon [_thread_blocked, id=324, stack(0x000000e3fe100000,0x000000e3fe200000)]
  0x0000022c051474d0 JavaThread "ForkJoinPool.commonPool-worker-7" daemon [_thread_blocked, id=16640, stack(0x000000e3fe200000,0x000000e3fe300000)]
  0x0000022c050af700 JavaThread "AsyncHttpClient-1-1" daemon [_thread_blocked, id=10520, stack(0x000000e3fe400000,0x000000e3fe500000)]
  0x0000022c050b0a40 JavaThread "netty-client-timer-3-1" daemon [_thread_blocked, id=12048, stack(0x000000e3fe500000,0x000000e3fe600000)]
  0x0000022c050ada20 JavaThread "UrlChecker-2" daemon [_thread_blocked, id=12360, stack(0x000000e3fe700000,0x000000e3fe800000)]
  0x0000022c08610640 JavaThread "AsyncHttpClient-1-2" daemon [_thread_in_native, id=3284, stack(0x000000e3fec00000,0x000000e3fed00000)]
  0x0000022c08613b30 JavaThread "AsyncHttpClient-1-3" daemon [_thread_in_native, id=5096, stack(0x000000e3feb00000,0x000000e3fec00000)]
  0x0000022c08610b10 JavaThread "AsyncHttpClient-1-4" daemon [_thread_in_native, id=8152, stack(0x000000e3fed00000,0x000000e3fee00000)]
  0x0000022c08612320 JavaThread "AsyncHttpClient-1-5" daemon [_thread_in_native, id=9576, stack(0x000000e3fe900000,0x000000e3fea00000)]
  0x0000022c08613660 JavaThread "AsyncHttpClient-1-6" daemon [_thread_in_native, id=5544, stack(0x000000e3fee00000,0x000000e3fef00000)]
  0x0000022c08613190 JavaThread "AsyncHttpClient-1-7" daemon [_thread_in_native, id=10408, stack(0x000000e3fef00000,0x000000e3ff000000)]
  0x0000022c086127f0 JavaThread "AsyncHttpClient-1-8" daemon [_thread_in_native, id=13640, stack(0x000000e3ff000000,0x000000e3ff100000)]
  0x0000022c050ae3c0 JavaThread "AsyncHttpClient-1-9" daemon [_thread_in_native, id=1652, stack(0x000000e3ff100000,0x000000e3ff200000)]
  0x0000022c050aed60 JavaThread "AsyncHttpClient-1-10" daemon [_thread_in_native, id=2872, stack(0x000000e3ff200000,0x000000e3ff300000)]
  0x0000022c086114b0 JavaThread "AsyncHttpClient-1-11" daemon [_thread_in_native, id=7344, stack(0x000000e3fe600000,0x000000e3fe700000)]
  0x0000022c08611980 JavaThread "AsyncHttpClient-1-12" daemon [_thread_in_native, id=19404, stack(0x000000e3fe800000,0x000000e3fe900000)]
  0x0000022c05fb9740 JavaThread "AsyncHttpClient-1-13" daemon [_thread_in_native, id=6872, stack(0x000000e3ff400000,0x000000e3ff500000)]
  0x0000022c05fbaa80 JavaThread "Exec Default Executor" daemon [_thread_in_native, id=11180, stack(0x000000e3fbd00000,0x000000e3fbe00000)]
  0x0000022c05fbd100 JavaThread "Exec Stream Pumper" daemon [_thread_in_native, id=17388, stack(0x000000e3fbe00000,0x000000e3fbf00000)]
  0x0000022c05fb8da0 JavaThread "Exec Stream Pumper" daemon [_thread_in_native, id=1204, stack(0x000000e3fd800000,0x000000e3fd900000)]
  0x0000022c05fbe910 JavaThread "AsyncHttpClient-1-14" daemon [_thread_in_native, id=6892, stack(0x000000e3ff500000,0x000000e3ff600000)]
  0x0000022c05fbc290 JavaThread "AsyncHttpClient-1-15" daemon [_thread_in_native, id=18788, stack(0x000000e3ff600000,0x000000e3ff700000)]
  0x0000022c05fbdaa0 JavaThread "AsyncHttpClient-1-16" daemon [_thread_in_native, id=17520, stack(0x000000e3ff700000,0x000000e3ff800000)]

Other Threads:
  0x0000022c6176c8a0 VMThread "VM Thread" [stack: 0x000000e3fc500000,0x000000e3fc600000] [id=13108]
  0x0000022c04e469b0 WatcherThread "VM Periodic Task Thread" [stack: 0x000000e3fd700000,0x000000e3fd800000] [id=15596]
  0x0000022c6174d960 WorkerThread "GC Thread#0" [stack: 0x000000e3fc000000,0x000000e3fc100000] [id=18944]
  0x0000022c046dff40 WorkerThread "GC Thread#1" [stack: 0x000000e3fd100000,0x000000e3fd200000] [id=6548]
  0x0000022c7fc99490 WorkerThread "GC Thread#2" [stack: 0x000000e3fd200000,0x000000e3fd300000] [id=7676]
  0x0000022c04507600 WorkerThread "GC Thread#3" [stack: 0x000000e3fd300000,0x000000e3fd400000] [id=13592]
  0x0000022c04d5eb00 WorkerThread "GC Thread#4" [stack: 0x000000e3fd400000,0x000000e3fd500000] [id=18200]
  0x0000022c055c4b30 WorkerThread "GC Thread#5" [stack: 0x000000e3fd900000,0x000000e3fda00000] [id=11996]
  0x0000022c0519db90 WorkerThread "GC Thread#6" [stack: 0x000000e3fda00000,0x000000e3fdb00000] [id=5408]
  0x0000022c05f34520 WorkerThread "GC Thread#7" [stack: 0x000000e3fdb00000,0x000000e3fdc00000] [id=13668]
  0x0000022c6175dd00 ConcurrentGCThread "G1 Main Marker" [stack: 0x000000e3fc100000,0x000000e3fc200000] [id=8224]
  0x0000022c5f66e500 WorkerThread "G1 Conc#0" [stack: 0x000000e3fc200000,0x000000e3fc300000] [id=17120]
  0x0000022c05f34a60 WorkerThread "G1 Conc#1" [stack: 0x000000e3fe300000,0x000000e3fe400000] [id=15824]
  0x0000022c6179ec90 ConcurrentGCThread "G1 Refine#0" [stack: 0x000000e3fc300000,0x000000e3fc400000] [id=13160]
  0x0000022c7f67f730 ConcurrentGCThread "G1 Service" [stack: 0x000000e3fc400000,0x000000e3fc500000] [id=16872]

Threads with active compile tasks:
C2 CompilerThread0    74415 6562       4       io.netty.util.Recycler::get (54 bytes)

VM state: not at safepoint (normal execution)

VM Mutex/Monitor currently owned by a thread: None

Heap address: 0x0000000082600000, size: 2010 MB, Compressed Oops mode: 32-bit

CDS archive(s) mapped at: [0x0000000800000000-0x0000000800b90000-0x0000000800b90000), size 12124160, SharedBaseAddress: 0x0000000800000000, ArchiveRelocationMode: 0.
Compressed class space mapped at: 0x0000000800c00000-0x0000000840c00000, reserved size: 1073741824
Narrow klass base: 0x0000000800000000, Narrow klass shift: 0, Narrow klass range: 0x100000000

GC Precious Log:
 CardTable entry size: 512
 Card Set container configuration: InlinePtr #cards 5 size 8 Array Of Cards #cards 12 size 40 Howl #buckets 4 coarsen threshold 1843 Howl Bitmap #cards 512 size 80 coarsen threshold 460 Card regions per heap region 1 cards per card region 2048
 CPUs: 8 total, 8 available
 Memory: 8032M
 Large Page Support: Disabled
 NUMA Support: Disabled
 Compressed Oops: Enabled (32-bit)
 Heap Region Size: 1M
 Heap Min Capacity: 8M
 Heap Initial Capacity: 126M
 Heap Max Capacity: 2010M
 Pre-touch: Disabled
 Parallel Workers: 8
 Concurrent Workers: 2
 Concurrent Refinement Workers: 8
 Periodic GC: Disabled

Heap:
 garbage-first heap   total 203776K, used 197595K [0x0000000082600000, 0x0000000100000000)
  region size 1024K, 47 young (48128K), 3 survivors (3072K)
 Metaspace       used 40618K, committed 40960K, reserved 1114112K
  class space    used 4446K, committed 4608K, reserved 1048576K

Heap Regions: E=young(eden), S=young(survivor), O=old, HS=humongous(starts), HC=humongous(continues), CS=collection set, F=free, OA=open archive, CA=closed archive, TAMS=top-at-mark-start (previous, next)
|   0|0x0000000082600000, 0x0000000082700000, 0x0000000082700000|100%|HS|  |TAMS 0x0000000082700000, 0x0000000082600000| Complete 
|   1|0x0000000082700000, 0x0000000082800000, 0x0000000082800000|100%| O|  |TAMS 0x0000000082800000, 0x0000000082700000| Untracked 
|   2|0x0000000082800000, 0x0000000082900000, 0x0000000082900000|100%| O|  |TAMS 0x0000000082900000, 0x0000000082800000| Untracked 
|   3|0x0000000082900000, 0x0000000082a00000, 0x0000000082a00000|100%| O|  |TAMS 0x0000000082a00000, 0x0000000082900000| Untracked 
|   4|0x0000000082a00000, 0x0000000082b00000, 0x0000000082b00000|100%| O|  |TAMS 0x0000000082b00000, 0x0000000082a00000| Untracked 
|   5|0x0000000082b00000, 0x0000000082c00000, 0x0000000082c00000|100%| O|  |TAMS 0x0000000082c00000, 0x0000000082b00000| Untracked 
|   6|0x0000000082c00000, 0x0000000082d00000, 0x0000000082d00000|100%| O|  |TAMS 0x0000000082d00000, 0x0000000082c00000| Untracked 
|   7|0x0000000082d00000, 0x0000000082e00000, 0x0000000082e00000|100%| O|  |TAMS 0x0000000082e00000, 0x0000000082d00000| Untracked 
|   8|0x0000000082e00000, 0x0000000082f00000, 0x0000000082f00000|100%| O|  |TAMS 0x0000000082f00000, 0x0000000082e00000| Untracked 
|   9|0x0000000082f00000, 0x0000000083000000, 0x0000000083000000|100%| O|  |TAMS 0x0000000083000000, 0x0000000082f00000| Untracked 
|  10|0x0000000083000000, 0x0000000083100000, 0x0000000083100000|100%| O|  |TAMS 0x0000000083100000, 0x0000000083000000| Untracked 
|  11|0x0000000083100000, 0x0000000083200000, 0x0000000083200000|100%| O|  |TAMS 0x0000000083200000, 0x0000000083100000| Untracked 
|  12|0x0000000083200000, 0x0000000083300000, 0x0000000083300000|100%| O|  |TAMS 0x0000000083300000, 0x0000000083200000| Untracked 
|  13|0x0000000083300000, 0x0000000083400000, 0x0000000083400000|100%| O|  |TAMS 0x0000000083400000, 0x0000000083300000| Untracked 
|  14|0x0000000083400000, 0x0000000083500000, 0x0000000083500000|100%| O|  |TAMS 0x0000000083500000, 0x0000000083400000| Untracked 
|  15|0x0000000083500000, 0x0000000083600000, 0x0000000083600000|100%| O|  |TAMS 0x0000000083600000, 0x0000000083500000| Untracked 
|  16|0x0000000083600000, 0x0000000083700000, 0x0000000083700000|100%| O|  |TAMS 0x0000000083700000, 0x0000000083600000| Untracked 
|  17|0x0000000083700000, 0x0000000083800000, 0x0000000083800000|100%| O|  |TAMS 0x0000000083800000, 0x0000000083700000| Untracked 
|  18|0x0000000083800000, 0x0000000083900000, 0x0000000083900000|100%| O|  |TAMS 0x0000000083900000, 0x0000000083800000| Untracked 
|  19|0x0000000083900000, 0x0000000083a00000, 0x0000000083a00000|100%| O|  |TAMS 0x0000000083a00000, 0x0000000083900000| Untracked 
|  20|0x0000000083a00000, 0x0000000083b00000, 0x0000000083b00000|100%| O|  |TAMS 0x0000000083b00000, 0x0000000083a00000| Untracked 
|  21|0x0000000083b00000, 0x0000000083c00000, 0x0000000083c00000|100%| O|  |TAMS 0x0000000083c00000, 0x0000000083b00000| Untracked 
|  22|0x0000000083c00000, 0x0000000083d00000, 0x0000000083d00000|100%| O|  |TAMS 0x0000000083d00000, 0x0000000083c00000| Untracked 
|  23|0x0000000083d00000, 0x0000000083e00000, 0x0000000083e00000|100%| O|  |TAMS 0x0000000083e00000, 0x0000000083d00000| Untracked 
|  24|0x0000000083e00000, 0x0000000083f00000, 0x0000000083f00000|100%| O|  |TAMS 0x0000000083f00000, 0x0000000083e00000| Untracked 
|  25|0x0000000083f00000, 0x0000000084000000, 0x0000000084000000|100%| O|  |TAMS 0x0000000084000000, 0x0000000083f00000| Untracked 
|  26|0x0000000084000000, 0x0000000084000000, 0x0000000084100000|  0%| F|  |TAMS 0x0000000084000000, 0x0000000084000000| Untracked 
|  27|0x0000000084100000, 0x0000000084200000, 0x0000000084200000|100%| O|  |TAMS 0x0000000084200000, 0x0000000084100000| Untracked 
|  28|0x0000000084200000, 0x0000000084300000, 0x0000000084300000|100%| O|  |TAMS 0x0000000084300000, 0x0000000084200000| Untracked 
|  29|0x0000000084300000, 0x0000000084400000, 0x0000000084400000|100%| O|  |TAMS 0x0000000084400000, 0x0000000084300000| Untracked 
|  30|0x0000000084400000, 0x0000000084500000, 0x0000000084500000|100%| O|  |TAMS 0x0000000084500000, 0x0000000084400000| Untracked 
|  31|0x0000000084500000, 0x0000000084600000, 0x0000000084600000|100%| O|  |TAMS 0x0000000084600000, 0x0000000084500000| Untracked 
|  32|0x0000000084600000, 0x0000000084700000, 0x0000000084700000|100%| O|  |TAMS 0x0000000084700000, 0x0000000084600000| Untracked 
|  33|0x0000000084700000, 0x0000000084800000, 0x0000000084800000|100%| O|  |TAMS 0x0000000084800000, 0x0000000084700000| Untracked 
|  34|0x0000000084800000, 0x0000000084900000, 0x0000000084900000|100%| O|  |TAMS 0x0000000084900000, 0x0000000084800000| Untracked 
|  35|0x0000000084900000, 0x0000000084a00000, 0x0000000084a00000|100%| O|  |TAMS 0x0000000084a00000, 0x0000000084900000| Untracked 
|  36|0x0000000084a00000, 0x0000000084aae400, 0x0000000084b00000| 68%| O|  |TAMS 0x0000000084aae400, 0x0000000084a00000| Untracked 
|  37|0x0000000084b00000, 0x0000000084c00000, 0x0000000084c00000|100%| O|  |TAMS 0x0000000084c00000, 0x0000000084b00000| Untracked 
|  38|0x0000000084c00000, 0x0000000084d00000, 0x0000000084d00000|100%| O|  |TAMS 0x0000000084d00000, 0x0000000084c00000| Untracked 
|  39|0x0000000084d00000, 0x0000000084e00000, 0x0000000084e00000|100%| O|  |TAMS 0x0000000084e00000, 0x0000000084d00000| Untracked 
|  40|0x0000000084e00000, 0x0000000084f00000, 0x0000000084f00000|100%| O|  |TAMS 0x0000000084f00000, 0x0000000084e00000| Untracked 
|  41|0x0000000084f00000, 0x0000000085000000, 0x0000000085000000|100%| O|  |TAMS 0x0000000085000000, 0x0000000084f00000| Untracked 
|  42|0x0000000085000000, 0x0000000085100000, 0x0000000085100000|100%| O|  |TAMS 0x0000000085100000, 0x0000000085000000| Untracked 
|  43|0x0000000085100000, 0x0000000085200000, 0x0000000085200000|100%| O|  |TAMS 0x0000000085200000, 0x0000000085100000| Untracked 
|  44|0x0000000085200000, 0x0000000085300000, 0x0000000085300000|100%| O|  |TAMS 0x0000000085300000, 0x0000000085200000| Untracked 
|  45|0x0000000085300000, 0x0000000085400000, 0x0000000085400000|100%| O|  |TAMS 0x0000000085400000, 0x0000000085300000| Untracked 
|  46|0x0000000085400000, 0x0000000085500000, 0x0000000085500000|100%| O|  |TAMS 0x0000000085500000, 0x0000000085400000| Untracked 
|  47|0x0000000085500000, 0x0000000085600000, 0x0000000085600000|100%| O|  |TAMS 0x0000000085600000, 0x0000000085500000| Untracked 
|  48|0x0000000085600000, 0x0000000085700000, 0x0000000085700000|100%| O|  |TAMS 0x0000000085700000, 0x0000000085600000| Untracked 
|  49|0x0000000085700000, 0x0000000085800000, 0x0000000085800000|100%| O|  |TAMS 0x0000000085800000, 0x0000000085700000| Untracked 
|  50|0x0000000085800000, 0x0000000085900000, 0x0000000085900000|100%| O|  |TAMS 0x0000000085900000, 0x0000000085800000| Untracked 
|  51|0x0000000085900000, 0x0000000085a00000, 0x0000000085a00000|100%|HS|  |TAMS 0x0000000085a00000, 0x0000000085900000| Complete 
|  52|0x0000000085a00000, 0x0000000085b00000, 0x0000000085b00000|100%|HC|  |TAMS 0x0000000085b00000, 0x0000000085a00000| Complete 
|  53|0x0000000085b00000, 0x0000000085c00000, 0x0000000085c00000|100%|HC|  |TAMS 0x0000000085c00000, 0x0000000085b00000| Complete 
|  54|0x0000000085c00000, 0x0000000085d00000, 0x0000000085d00000|100%|HC|  |TAMS 0x0000000085d00000, 0x0000000085c00000| Complete 
|  55|0x0000000085d00000, 0x0000000085e00000, 0x0000000085e00000|100%|HC|  |TAMS 0x0000000085e00000, 0x0000000085d00000| Complete 
|  56|0x0000000085e00000, 0x0000000085f00000, 0x0000000085f00000|100%|HC|  |TAMS 0x0000000085f00000, 0x0000000085e00000| Complete 
|  57|0x0000000085f00000, 0x0000000086000000, 0x0000000086000000|100%|HC|  |TAMS 0x0000000086000000, 0x0000000085f00000| Complete 
|  58|0x0000000086000000, 0x0000000086100000, 0x0000000086100000|100%|HC|  |TAMS 0x0000000086100000, 0x0000000086000000| Complete 
|  59|0x0000000086100000, 0x0000000086200000, 0x0000000086200000|100%|HC|  |TAMS 0x0000000086200000, 0x0000000086100000| Complete 
|  60|0x0000000086200000, 0x0000000086300000, 0x0000000086300000|100%|HC|  |TAMS 0x0000000086300000, 0x0000000086200000| Complete 
|  61|0x0000000086300000, 0x0000000086400000, 0x0000000086400000|100%|HC|  |TAMS 0x0000000086400000, 0x0000000086300000| Complete 
|  62|0x0000000086400000, 0x0000000086500000, 0x0000000086500000|100%|HC|  |TAMS 0x0000000086500000, 0x0000000086400000| Complete 
|  63|0x0000000086500000, 0x0000000086600000, 0x0000000086600000|100%|HC|  |TAMS 0x0000000086600000, 0x0000000086500000| Complete 
|  64|0x0000000086600000, 0x0000000086700000, 0x0000000086700000|100%|HC|  |TAMS 0x0000000086700000, 0x0000000086600000| Complete 
|  65|0x0000000086700000, 0x0000000086800000, 0x0000000086800000|100%|HC|  |TAMS 0x0000000086800000, 0x0000000086700000| Complete 
|  66|0x0000000086800000, 0x0000000086900000, 0x0000000086900000|100%|HC|  |TAMS 0x0000000086900000, 0x0000000086800000| Complete 
|  67|0x0000000086900000, 0x0000000086a00000, 0x0000000086a00000|100%|HC|  |TAMS 0x0000000086a00000, 0x0000000086900000| Complete 
|  68|0x0000000086a00000, 0x0000000086b00000, 0x0000000086b00000|100%| O|  |TAMS 0x0000000086b00000, 0x0000000086a00000| Complete 
|  69|0x0000000086b00000, 0x0000000086c00000, 0x0000000086c00000|100%| O|  |TAMS 0x0000000086c00000, 0x0000000086b00000| Untracked 
|  70|0x0000000086c00000, 0x0000000086d00000, 0x0000000086d00000|100%| O|  |TAMS 0x0000000086d00000, 0x0000000086c00000| Untracked 
|  71|0x0000000086d00000, 0x0000000086e00000, 0x0000000086e00000|100%| O|  |TAMS 0x0000000086e00000, 0x0000000086d00000| Untracked 
|  72|0x0000000086e00000, 0x0000000086f00000, 0x0000000086f00000|100%| O|  |TAMS 0x0000000086f00000, 0x0000000086e00000| Untracked 
|  73|0x0000000086f00000, 0x0000000087000000, 0x0000000087000000|100%| O|  |TAMS 0x0000000087000000, 0x0000000086f00000| Untracked 
|  74|0x0000000087000000, 0x0000000087100000, 0x0000000087100000|100%| O|  |TAMS 0x0000000087100000, 0x0000000087000000| Untracked 
|  75|0x0000000087100000, 0x0000000087200000, 0x0000000087200000|100%| O|  |TAMS 0x0000000087200000, 0x0000000087100000| Untracked 
|  76|0x0000000087200000, 0x0000000087300000, 0x0000000087300000|100%| O|  |TAMS 0x0000000087300000, 0x0000000087200000| Untracked 
|  77|0x0000000087300000, 0x0000000087400000, 0x0000000087400000|100%| O|  |TAMS 0x0000000087400000, 0x0000000087300000| Untracked 
|  78|0x0000000087400000, 0x0000000087500000, 0x0000000087500000|100%| O|  |TAMS 0x0000000087500000, 0x0000000087400000| Untracked 
|  79|0x0000000087500000, 0x0000000087600000, 0x0000000087600000|100%| O|  |TAMS 0x0000000087600000, 0x0000000087500000| Untracked 
|  80|0x0000000087600000, 0x0000000087700000, 0x0000000087700000|100%| O|  |TAMS 0x0000000087700000, 0x0000000087600000| Untracked 
|  81|0x0000000087700000, 0x0000000087800000, 0x0000000087800000|100%| O|  |TAMS 0x0000000087800000, 0x0000000087700000| Untracked 
|  82|0x0000000087800000, 0x0000000087900000, 0x0000000087900000|100%|HS|  |TAMS 0x0000000087900000, 0x0000000087800000| Complete 
|  83|0x0000000087900000, 0x0000000087a00000, 0x0000000087a00000|100%|HC|  |TAMS 0x0000000087a00000, 0x0000000087900000| Complete 
|  84|0x0000000087a00000, 0x0000000087b00000, 0x0000000087b00000|100%|HC|  |TAMS 0x0000000087b00000, 0x0000000087a00000| Complete 
|  85|0x0000000087b00000, 0x0000000087c00000, 0x0000000087c00000|100%|HC|  |TAMS 0x0000000087c00000, 0x0000000087b00000| Complete 
|  86|0x0000000087c00000, 0x0000000087d00000, 0x0000000087d00000|100%|HC|  |TAMS 0x0000000087d00000, 0x0000000087c00000| Complete 
|  87|0x0000000087d00000, 0x0000000087e00000, 0x0000000087e00000|100%|HC|  |TAMS 0x0000000087e00000, 0x0000000087d00000| Complete 
|  88|0x0000000087e00000, 0x0000000087f00000, 0x0000000087f00000|100%|HC|  |TAMS 0x0000000087f00000, 0x0000000087e00000| Complete 
|  89|0x0000000087f00000, 0x0000000088000000, 0x0000000088000000|100%|HC|  |TAMS 0x0000000088000000, 0x0000000087f00000| Complete 
|  90|0x0000000088000000, 0x0000000088100000, 0x0000000088100000|100%|HC|  |TAMS 0x0000000088100000, 0x0000000088000000| Complete 
|  91|0x0000000088100000, 0x0000000088200000, 0x0000000088200000|100%|HC|  |TAMS 0x0000000088200000, 0x0000000088100000| Complete 
|  92|0x0000000088200000, 0x0000000088300000, 0x0000000088300000|100%|HC|  |TAMS 0x0000000088300000, 0x0000000088200000| Complete 
|  93|0x0000000088300000, 0x0000000088400000, 0x0000000088400000|100%|HC|  |TAMS 0x0000000088400000, 0x0000000088300000| Complete 
|  94|0x0000000088400000, 0x0000000088500000, 0x0000000088500000|100%|HC|  |TAMS 0x0000000088500000, 0x0000000088400000| Complete 
|  95|0x0000000088500000, 0x0000000088600000, 0x0000000088600000|100%|HC|  |TAMS 0x0000000088600000, 0x0000000088500000| Complete 
|  96|0x0000000088600000, 0x0000000088700000, 0x0000000088700000|100%|HC|  |TAMS 0x0000000088700000, 0x0000000088600000| Complete 
|  97|0x0000000088700000, 0x0000000088800000, 0x0000000088800000|100%|HC|  |TAMS 0x0000000088800000, 0x0000000088700000| Complete 
|  98|0x0000000088800000, 0x0000000088900000, 0x0000000088900000|100%|HC|  |TAMS 0x0000000088900000, 0x0000000088800000| Complete 
|  99|0x0000000088900000, 0x0000000088a00000, 0x0000000088a00000|100%|HS|  |TAMS 0x0000000088900000, 0x0000000088900000| Complete 
| 100|0x0000000088a00000, 0x0000000088b00000, 0x0000000088b00000|100%|HC|  |TAMS 0x0000000088a00000, 0x0000000088a00000| Complete 
| 101|0x0000000088b00000, 0x0000000088c00000, 0x0000000088c00000|100%|HC|  |TAMS 0x0000000088b00000, 0x0000000088b00000| Complete 
| 102|0x0000000088c00000, 0x0000000088d00000, 0x0000000088d00000|100%|HC|  |TAMS 0x0000000088c00000, 0x0000000088c00000| Complete 
| 103|0x0000000088d00000, 0x0000000088e00000, 0x0000000088e00000|100%|HC|  |TAMS 0x0000000088d00000, 0x0000000088d00000| Complete 
| 104|0x0000000088e00000, 0x0000000088f00000, 0x0000000088f00000|100%|HC|  |TAMS 0x0000000088e00000, 0x0000000088e00000| Complete 
| 105|0x0000000088f00000, 0x0000000089000000, 0x0000000089000000|100%|HC|  |TAMS 0x0000000088f00000, 0x0000000088f00000| Complete 
| 106|0x0000000089000000, 0x0000000089100000, 0x0000000089100000|100%|HC|  |TAMS 0x0000000089000000, 0x0000000089000000| Complete 
| 107|0x0000000089100000, 0x0000000089200000, 0x0000000089200000|100%|HC|  |TAMS 0x0000000089100000, 0x0000000089100000| Complete 
| 108|0x0000000089200000, 0x0000000089300000, 0x0000000089300000|100%|HC|  |TAMS 0x0000000089200000, 0x0000000089200000| Complete 
| 109|0x0000000089300000, 0x0000000089400000, 0x0000000089400000|100%|HC|  |TAMS 0x0000000089300000, 0x0000000089300000| Complete 
| 110|0x0000000089400000, 0x0000000089500000, 0x0000000089500000|100%|HC|  |TAMS 0x0000000089400000, 0x0000000089400000| Complete 
| 111|0x0000000089500000, 0x0000000089600000, 0x0000000089600000|100%|HC|  |TAMS 0x0000000089500000, 0x0000000089500000| Complete 
| 112|0x0000000089600000, 0x0000000089700000, 0x0000000089700000|100%|HC|  |TAMS 0x0000000089600000, 0x0000000089600000| Complete 
| 113|0x0000000089700000, 0x0000000089800000, 0x0000000089800000|100%|HC|  |TAMS 0x0000000089700000, 0x0000000089700000| Complete 
| 114|0x0000000089800000, 0x0000000089900000, 0x0000000089900000|100%|HC|  |TAMS 0x0000000089800000, 0x0000000089800000| Complete 
| 115|0x0000000089900000, 0x0000000089a00000, 0x0000000089a00000|100%|HC|  |TAMS 0x0000000089900000, 0x0000000089900000| Complete 
| 116|0x0000000089a00000, 0x0000000089b00000, 0x0000000089b00000|100%|HS|  |TAMS 0x0000000089a00000, 0x0000000089a00000| Complete 
| 117|0x0000000089b00000, 0x0000000089c00000, 0x0000000089c00000|100%|HC|  |TAMS 0x0000000089b00000, 0x0000000089b00000| Complete 
| 118|0x0000000089c00000, 0x0000000089d00000, 0x0000000089d00000|100%|HC|  |TAMS 0x0000000089c00000, 0x0000000089c00000| Complete 
| 119|0x0000000089d00000, 0x0000000089e00000, 0x0000000089e00000|100%|HC|  |TAMS 0x0000000089d00000, 0x0000000089d00000| Complete 
| 120|0x0000000089e00000, 0x0000000089f00000, 0x0000000089f00000|100%|HC|  |TAMS 0x0000000089e00000, 0x0000000089e00000| Complete 
| 121|0x0000000089f00000, 0x000000008a000000, 0x000000008a000000|100%|HC|  |TAMS 0x0000000089f00000, 0x0000000089f00000| Complete 
| 122|0x000000008a000000, 0x000000008a100000, 0x000000008a100000|100%|HC|  |TAMS 0x000000008a000000, 0x000000008a000000| Complete 
| 123|0x000000008a100000, 0x000000008a200000, 0x000000008a200000|100%|HC|  |TAMS 0x000000008a100000, 0x000000008a100000| Complete 
| 124|0x000000008a200000, 0x000000008a300000, 0x000000008a300000|100%|HC|  |TAMS 0x000000008a200000, 0x000000008a200000| Complete 
| 125|0x000000008a300000, 0x000000008a400000, 0x000000008a400000|100%|HC|  |TAMS 0x000000008a300000, 0x000000008a300000| Complete 
| 126|0x000000008a400000, 0x000000008a500000, 0x000000008a500000|100%|HC|  |TAMS 0x000000008a400000, 0x000000008a400000| Complete 
| 127|0x000000008a500000, 0x000000008a600000, 0x000000008a600000|100%|HC|  |TAMS 0x000000008a500000, 0x000000008a500000| Complete 
| 128|0x000000008a600000, 0x000000008a700000, 0x000000008a700000|100%|HC|  |TAMS 0x000000008a600000, 0x000000008a600000| Complete 
| 129|0x000000008a700000, 0x000000008a800000, 0x000000008a800000|100%|HC|  |TAMS 0x000000008a700000, 0x000000008a700000| Complete 
| 130|0x000000008a800000, 0x000000008a900000, 0x000000008a900000|100%|HC|  |TAMS 0x000000008a800000, 0x000000008a800000| Complete 
| 131|0x000000008a900000, 0x000000008aa00000, 0x000000008aa00000|100%|HC|  |TAMS 0x000000008a900000, 0x000000008a900000| Complete 
| 132|0x000000008aa00000, 0x000000008ab00000, 0x000000008ab00000|100%|HC|  |TAMS 0x000000008aa00000, 0x000000008aa00000| Complete 
| 133|0x000000008ab00000, 0x000000008ac00000, 0x000000008ac00000|100%|HS|  |TAMS 0x000000008ab00000, 0x000000008ab00000| Complete 
| 134|0x000000008ac00000, 0x000000008ad00000, 0x000000008ad00000|100%|HC|  |TAMS 0x000000008ac00000, 0x000000008ac00000| Complete 
| 135|0x000000008ad00000, 0x000000008ae00000, 0x000000008ae00000|100%|HC|  |TAMS 0x000000008ad00000, 0x000000008ad00000| Complete 
| 136|0x000000008ae00000, 0x000000008af00000, 0x000000008af00000|100%|HC|  |TAMS 0x000000008ae00000, 0x000000008ae00000| Complete 
| 137|0x000000008af00000, 0x000000008b000000, 0x000000008b000000|100%|HC|  |TAMS 0x000000008af00000, 0x000000008af00000| Complete 
| 138|0x000000008b000000, 0x000000008b100000, 0x000000008b100000|100%|HC|  |TAMS 0x000000008b000000, 0x000000008b000000| Complete 
| 139|0x000000008b100000, 0x000000008b200000, 0x000000008b200000|100%|HC|  |TAMS 0x000000008b100000, 0x000000008b100000| Complete 
| 140|0x000000008b200000, 0x000000008b300000, 0x000000008b300000|100%|HC|  |TAMS 0x000000008b200000, 0x000000008b200000| Complete 
| 141|0x000000008b300000, 0x000000008b400000, 0x000000008b400000|100%|HC|  |TAMS 0x000000008b300000, 0x000000008b300000| Complete 
| 142|0x000000008b400000, 0x000000008b500000, 0x000000008b500000|100%|HC|  |TAMS 0x000000008b400000, 0x000000008b400000| Complete 
| 143|0x000000008b500000, 0x000000008b600000, 0x000000008b600000|100%|HC|  |TAMS 0x000000008b500000, 0x000000008b500000| Complete 
| 144|0x000000008b600000, 0x000000008b700000, 0x000000008b700000|100%|HC|  |TAMS 0x000000008b600000, 0x000000008b600000| Complete 
| 145|0x000000008b700000, 0x000000008b800000, 0x000000008b800000|100%|HC|  |TAMS 0x000000008b700000, 0x000000008b700000| Complete 
| 146|0x000000008b800000, 0x000000008b900000, 0x000000008b900000|100%|HC|  |TAMS 0x000000008b800000, 0x000000008b800000| Complete 
| 147|0x000000008b900000, 0x000000008ba00000, 0x000000008ba00000|100%|HC|  |TAMS 0x000000008b900000, 0x000000008b900000| Complete 
| 148|0x000000008ba00000, 0x000000008bb00000, 0x000000008bb00000|100%|HC|  |TAMS 0x000000008ba00000, 0x000000008ba00000| Complete 
| 149|0x000000008bb00000, 0x000000008bc00000, 0x000000008bc00000|100%|HC|  |TAMS 0x000000008bb00000, 0x000000008bb00000| Complete 
| 150|0x000000008bc00000, 0x000000008bc00000, 0x000000008bd00000|  0%| F|  |TAMS 0x000000008bc00000, 0x000000008bc00000| Untracked 
| 151|0x000000008bd00000, 0x000000008bd00000, 0x000000008be00000|  0%| F|  |TAMS 0x000000008bd00000, 0x000000008bd00000| Untracked 
| 152|0x000000008be00000, 0x000000008be80800, 0x000000008bf00000| 50%| E|  |TAMS 0x000000008be00000, 0x000000008be00000| Complete 
| 153|0x000000008bf00000, 0x000000008c000000, 0x000000008c000000|100%| E|CS|TAMS 0x000000008bf00000, 0x000000008bf00000| Complete 
| 154|0x000000008c000000, 0x000000008c100000, 0x000000008c100000|100%| E|CS|TAMS 0x000000008c000000, 0x000000008c000000| Complete 
| 155|0x000000008c100000, 0x000000008c200000, 0x000000008c200000|100%| E|CS|TAMS 0x000000008c100000, 0x000000008c100000| Complete 
| 156|0x000000008c200000, 0x000000008c300000, 0x000000008c300000|100%| E|CS|TAMS 0x000000008c200000, 0x000000008c200000| Complete 
| 157|0x000000008c300000, 0x000000008c400000, 0x000000008c400000|100%| E|CS|TAMS 0x000000008c300000, 0x000000008c300000| Complete 
| 158|0x000000008c400000, 0x000000008c448940, 0x000000008c500000| 28%| S|CS|TAMS 0x000000008c400000, 0x000000008c400000| Complete 
| 159|0x000000008c500000, 0x000000008c600000, 0x000000008c600000|100%| S|CS|TAMS 0x000000008c500000, 0x000000008c500000| Complete 
| 160|0x000000008c600000, 0x000000008c700000, 0x000000008c700000|100%| S|CS|TAMS 0x000000008c600000, 0x000000008c600000| Complete 
| 161|0x000000008c700000, 0x000000008c800000, 0x000000008c800000|100%| E|CS|TAMS 0x000000008c700000, 0x000000008c700000| Complete 
| 162|0x000000008c800000, 0x000000008c900000, 0x000000008c900000|100%| E|CS|TAMS 0x000000008c800000, 0x000000008c800000| Complete 
| 163|0x000000008c900000, 0x000000008ca00000, 0x000000008ca00000|100%| E|CS|TAMS 0x000000008c900000, 0x000000008c900000| Complete 
| 164|0x000000008ca00000, 0x000000008cb00000, 0x000000008cb00000|100%| E|CS|TAMS 0x000000008ca00000, 0x000000008ca00000| Complete 
| 165|0x000000008cb00000, 0x000000008cc00000, 0x000000008cc00000|100%| E|CS|TAMS 0x000000008cb00000, 0x000000008cb00000| Complete 
| 166|0x000000008cc00000, 0x000000008cd00000, 0x000000008cd00000|100%| E|CS|TAMS 0x000000008cc00000, 0x000000008cc00000| Complete 
| 167|0x000000008cd00000, 0x000000008ce00000, 0x000000008ce00000|100%| E|CS|TAMS 0x000000008cd00000, 0x000000008cd00000| Complete 
| 168|0x000000008ce00000, 0x000000008cf00000, 0x000000008cf00000|100%| E|CS|TAMS 0x000000008ce00000, 0x000000008ce00000| Complete 
| 169|0x000000008cf00000, 0x000000008d000000, 0x000000008d000000|100%| E|CS|TAMS 0x000000008cf00000, 0x000000008cf00000| Complete 
| 170|0x000000008d000000, 0x000000008d100000, 0x000000008d100000|100%| E|CS|TAMS 0x000000008d000000, 0x000000008d000000| Complete 
| 171|0x000000008d100000, 0x000000008d200000, 0x000000008d200000|100%| E|CS|TAMS 0x000000008d100000, 0x000000008d100000| Complete 
| 172|0x000000008d200000, 0x000000008d300000, 0x000000008d300000|100%| E|CS|TAMS 0x000000008d200000, 0x000000008d200000| Complete 
| 173|0x000000008d300000, 0x000000008d400000, 0x000000008d400000|100%| E|CS|TAMS 0x000000008d300000, 0x000000008d300000| Complete 
| 174|0x000000008d400000, 0x000000008d500000, 0x000000008d500000|100%| E|CS|TAMS 0x000000008d400000, 0x000000008d400000| Complete 
| 175|0x000000008d500000, 0x000000008d600000, 0x000000008d600000|100%| E|CS|TAMS 0x000000008d500000, 0x000000008d500000| Complete 
| 176|0x000000008d600000, 0x000000008d700000, 0x000000008d700000|100%| E|CS|TAMS 0x000000008d600000, 0x000000008d600000| Complete 
| 177|0x000000008d700000, 0x000000008d800000, 0x000000008d800000|100%| E|CS|TAMS 0x000000008d700000, 0x000000008d700000| Complete 
| 178|0x000000008d800000, 0x000000008d900000, 0x000000008d900000|100%| E|CS|TAMS 0x000000008d800000, 0x000000008d800000| Complete 
| 179|0x000000008d900000, 0x000000008da00000, 0x000000008da00000|100%| E|CS|TAMS 0x000000008d900000, 0x000000008d900000| Complete 
| 180|0x000000008da00000, 0x000000008db00000, 0x000000008db00000|100%| E|CS|TAMS 0x000000008da00000, 0x000000008da00000| Complete 
| 181|0x000000008db00000, 0x000000008dc00000, 0x000000008dc00000|100%| E|  |TAMS 0x000000008db00000, 0x000000008db00000| Complete 
| 182|0x000000008dc00000, 0x000000008dd00000, 0x000000008dd00000|100%| E|CS|TAMS 0x000000008dc00000, 0x000000008dc00000| Complete 
| 183|0x000000008dd00000, 0x000000008de00000, 0x000000008de00000|100%| E|CS|TAMS 0x000000008dd00000, 0x000000008dd00000| Complete 
| 184|0x000000008de00000, 0x000000008df00000, 0x000000008df00000|100%| E|CS|TAMS 0x000000008de00000, 0x000000008de00000| Complete 
| 185|0x000000008df00000, 0x000000008e000000, 0x000000008e000000|100%| E|CS|TAMS 0x000000008df00000, 0x000000008df00000| Complete 
| 186|0x000000008e000000, 0x000000008e100000, 0x000000008e100000|100%| E|CS|TAMS 0x000000008e000000, 0x000000008e000000| Complete 
| 187|0x000000008e100000, 0x000000008e200000, 0x000000008e200000|100%| E|CS|TAMS 0x000000008e100000, 0x000000008e100000| Complete 
| 188|0x000000008e200000, 0x000000008e300000, 0x000000008e300000|100%| E|CS|TAMS 0x000000008e200000, 0x000000008e200000| Complete 
| 189|0x000000008e300000, 0x000000008e400000, 0x000000008e400000|100%| E|CS|TAMS 0x000000008e300000, 0x000000008e300000| Complete 
| 190|0x000000008e400000, 0x000000008e500000, 0x000000008e500000|100%| E|CS|TAMS 0x000000008e400000, 0x000000008e400000| Complete 
| 191|0x000000008e500000, 0x000000008e600000, 0x000000008e600000|100%| E|CS|TAMS 0x000000008e500000, 0x000000008e500000| Complete 
| 192|0x000000008e600000, 0x000000008e700000, 0x000000008e700000|100%| E|CS|TAMS 0x000000008e600000, 0x000000008e600000| Complete 
| 193|0x000000008e700000, 0x000000008e800000, 0x000000008e800000|100%| E|CS|TAMS 0x000000008e700000, 0x000000008e700000| Complete 
| 194|0x000000008e800000, 0x000000008e900000, 0x000000008e900000|100%| E|CS|TAMS 0x000000008e800000, 0x000000008e800000| Complete 
| 195|0x000000008e900000, 0x000000008ea00000, 0x000000008ea00000|100%| E|CS|TAMS 0x000000008e900000, 0x000000008e900000| Complete 
| 196|0x000000008ea00000, 0x000000008eb00000, 0x000000008eb00000|100%| E|CS|TAMS 0x000000008ea00000, 0x000000008ea00000| Complete 
| 197|0x000000008eb00000, 0x000000008ec00000, 0x000000008ec00000|100%| E|CS|TAMS 0x000000008eb00000, 0x000000008eb00000| Complete 
| 198|0x000000008ec00000, 0x000000008ed00000, 0x000000008ed00000|100%| E|CS|TAMS 0x000000008ec00000, 0x000000008ec00000| Complete 

Card table byte_map: [0x0000022c78730000,0x0000022c78b20000] _byte_map_base: 0x0000022c7831d000

Marking Bits (Prev, Next): (CMBitMap*) 0x0000022c5f66cfa0, (CMBitMap*) 0x0000022c5f66cf60
 Prev Bits: [0x0000022c7ae80000, 0x0000022c7cde8000)
 Next Bits: [0x0000022c78f10000, 0x0000022c7ae78000)

Polling page: 0x0000022c5f560000

Metaspace:

Usage:
  Non-class:     35.32 MB used.
      Class:      4.34 MB used.
       Both:     39.67 MB used.

Virtual space:
  Non-class space:       64.00 MB reserved,      35.50 MB ( 55%) committed,  1 nodes.
      Class space:        1.00 GB reserved,       4.50 MB ( <1%) committed,  1 nodes.
             Both:        1.06 GB reserved,      40.00 MB (  4%) committed. 

Chunk freelists:
   Non-Class:  176.00 KB
       Class:  3.39 MB
        Both:  3.56 MB

MaxMetaspaceSize: unlimited
CompressedClassSpaceSize: 1.00 GB
Initial GC threshold: 21.00 MB
Current GC threshold: 65.88 MB
CDS: on
MetaspaceReclaimPolicy: balanced
 - commit_granule_bytes: 65536.
 - commit_granule_words: 8192.
 - virtual_space_node_default_size: 8388608.
 - enlarge_chunks_in_place: 1.
 - new_chunks_are_fully_committed: 0.
 - uncommit_free_chunks: 1.
 - use_allocation_guard: 0.


Internal statistics:

num_allocs_failed_limit: 3.
num_arena_births: 362.
num_arena_deaths: 2.
num_vsnodes_births: 2.
num_vsnodes_deaths: 0.
num_space_committed: 640.
num_space_uncommitted: 0.
num_chunks_returned_to_freelist: 6.
num_chunks_taken_from_freelist: 1405.
num_chunk_merges: 3.
num_chunk_splits: 1060.
num_chunks_enlarged: 902.
num_inconsistent_stats: 0.

CodeHeap 'non-profiled nmethods': size=120000Kb used=3938Kb max_used=3938Kb free=116061Kb
 bounds [0x0000022c70ae0000, 0x0000022c70ec0000, 0x0000022c78010000]
CodeHeap 'profiled nmethods': size=120000Kb used=12279Kb max_used=12279Kb free=107721Kb
 bounds [0x0000022c695b0000, 0x0000022c6a1b0000, 0x0000022c70ae0000]
CodeHeap 'non-nmethods': size=5760Kb used=1346Kb max_used=1467Kb free=4413Kb
 bounds [0x0000022c69010000, 0x0000022c69280000, 0x0000022c695b0000]
 total_blobs=6594 nmethods=5932 adapters=573
 compilation: enabled
              stopped_count=0, restarted_count=0
 full_count=0

Compilation events (20 events):
Event: 69.486 Thread 0x0000022c7f7fa140 nmethod 6554 0x0000022c6a1aa910 code [0x0000022c6a1aab40, 0x0000022c6a1ab278]
Event: 69.486 Thread 0x0000022c7f7fa140 6555       3       java.lang.Character::isDigit (5 bytes)
Event: 69.487 Thread 0x0000022c7f7fa140 nmethod 6555 0x0000022c6a1ab590 code [0x0000022c6a1ab740, 0x0000022c6a1ab998]
Event: 69.487 Thread 0x0000022c7f7fa140 6556       3       java.lang.Character::isDigit (9 bytes)
Event: 69.487 Thread 0x0000022c7f7fa140 nmethod 6556 0x0000022c6a1aba90 code [0x0000022c6a1abc40, 0x0000022c6a1abe38]
Event: 70.451 Thread 0x0000022c7f7f0830 6557       4       io.netty.util.internal.shaded.org.jctools.queues.MpscUnboundedArrayQueue::poll (5 bytes)
Event: 70.454 Thread 0x0000022c7f7f0830 nmethod 6557 0x0000022c70eb7110 code [0x0000022c70eb7280, 0x0000022c70eb7418]
Event: 73.195 Thread 0x0000022c7f7fa140 6558       3       sun.util.locale.LocaleUtils::isAlphaNumericString (33 bytes)
Event: 73.196 Thread 0x0000022c7f7fa140 nmethod 6558 0x0000022c6a1abf10 code [0x0000022c6a1ac160, 0x0000022c6a1acc38]
Event: 73.205 Thread 0x0000022c7f7f0830 6559 %     4       sun.security.provider.SHA2::implCompress0 @ 220 (490 bytes)
Event: 73.214 Thread 0x0000022c7f7f0830 nmethod 6559% 0x0000022c70eb7590 code [0x0000022c70eb7720, 0x0000022c70eb7fb8]
Event: 73.352 Thread 0x0000022c7f7fa140 6560       3       java.lang.StringLatin1::inflate (10 bytes)
Event: 73.352 Thread 0x0000022c7f7fa140 nmethod 6560 0x0000022c6a1ad010 code [0x0000022c6a1ad1a0, 0x0000022c6a1ad2a8]
Event: 74.266 Thread 0x0000022c7f7f0830 6561       4       java.lang.Character::isHighSurrogate (18 bytes)
Event: 74.266 Thread 0x0000022c7f7f0830 nmethod 6561 0x0000022c70eb8210 code [0x0000022c70eb8380, 0x0000022c70eb83f8]
Event: 74.351 Thread 0x0000022c7f7f0830 6562       4       io.netty.util.Recycler::get (54 bytes)
Event: 74.352 Thread 0x0000022c7f7fa140 6563       3       sun.nio.ch.SocketDispatcher::write (8 bytes)
Event: 74.352 Thread 0x0000022c7f7fa140 nmethod 6563 0x0000022c6a1ad390 code [0x0000022c6a1ad520, 0x0000022c6a1ad668]
Event: 74.366 Thread 0x0000022c7f7fa140 6565       3       com.google.common.collect.SingletonImmutableBiMap::get (20 bytes)
Event: 74.367 Thread 0x0000022c7f7fa140 nmethod 6565 0x0000022c6a1ad710 code [0x0000022c6a1ad8c0, 0x0000022c6a1adb28]

GC Heap History (20 events):
Event: 2.620 GC heap before
{Heap before GC invocations=5 (full 0):
 garbage-first heap   total 129024K, used 42496K [0x0000000082600000, 0x0000000100000000)
  region size 1024K, 13 young (13312K), 7 survivors (7168K)
 Metaspace       used 21371K, committed 21504K, reserved 1114112K
  class space    used 2051K, committed 2112K, reserved 1048576K
}
Event: 2.627 GC heap after
{Heap after GC invocations=6 (full 0):
 garbage-first heap   total 155648K, used 39454K [0x0000000082600000, 0x0000000100000000)
  region size 1024K, 2 young (2048K), 2 survivors (2048K)
 Metaspace       used 21371K, committed 21504K, reserved 1114112K
  class space    used 2051K, committed 2112K, reserved 1048576K
}
Event: 3.113 GC heap before
{Heap before GC invocations=7 (full 0):
 garbage-first heap   total 140288K, used 103966K [0x0000000082600000, 0x0000000100000000)
  region size 1024K, 65 young (66560K), 2 survivors (2048K)
 Metaspace       used 26023K, committed 26240K, reserved 1114112K
  class space    used 2616K, committed 2688K, reserved 1048576K
}
Event: 3.120 GC heap after
{Heap after GC invocations=8 (full 0):
 garbage-first heap   total 140288K, used 46412K [0x0000000082600000, 0x0000000100000000)
  region size 1024K, 9 young (9216K), 9 survivors (9216K)
 Metaspace       used 26023K, committed 26240K, reserved 1114112K
  class space    used 2616K, committed 2688K, reserved 1048576K
}
Event: 3.896 GC heap before
{Heap before GC invocations=8 (full 0):
 garbage-first heap   total 140288K, used 98636K [0x0000000082600000, 0x0000000100000000)
  region size 1024K, 60 young (61440K), 9 survivors (9216K)
 Metaspace       used 29364K, committed 29632K, reserved 1114112K
  class space    used 3092K, committed 3200K, reserved 1048576K
}
Event: 3.907 GC heap after
{Heap after GC invocations=9 (full 0):
 garbage-first heap   total 140288K, used 51198K [0x0000000082600000, 0x0000000100000000)
  region size 1024K, 5 young (5120K), 5 survivors (5120K)
 Metaspace       used 29364K, committed 29632K, reserved 1114112K
  class space    used 3092K, committed 3200K, reserved 1048576K
}
Event: 4.142 GC heap before
{Heap before GC invocations=9 (full 0):
 garbage-first heap   total 140288K, used 77822K [0x0000000082600000, 0x0000000100000000)
  region size 1024K, 32 young (32768K), 5 survivors (5120K)
 Metaspace       used 30917K, committed 31232K, reserved 1114112K
  class space    used 3308K, committed 3456K, reserved 1048576K
}
Event: 4.148 GC heap after
{Heap after GC invocations=10 (full 0):
 garbage-first heap   total 140288K, used 54389K [0x0000000082600000, 0x0000000100000000)
  region size 1024K, 3 young (3072K), 3 survivors (3072K)
 Metaspace       used 30917K, committed 31232K, reserved 1114112K
  class space    used 3308K, committed 3456K, reserved 1048576K
}
Event: 5.656 GC heap before
{Heap before GC invocations=10 (full 0):
 garbage-first heap   total 140288K, used 122997K [0x0000000082600000, 0x0000000100000000)
  region size 1024K, 53 young (54272K), 3 survivors (3072K)
 Metaspace       used 33950K, committed 34304K, reserved 1114112K
  class space    used 3696K, committed 3840K, reserved 1048576K
}
Event: 5.665 GC heap after
{Heap after GC invocations=11 (full 0):
 garbage-first heap   total 140288K, used 77133K [0x0000000082600000, 0x0000000100000000)
  region size 1024K, 7 young (7168K), 7 survivors (7168K)
 Metaspace       used 33950K, committed 34304K, reserved 1114112K
  class space    used 3696K, committed 3840K, reserved 1048576K
}
Event: 5.907 GC heap before
{Heap before GC invocations=11 (full 0):
 garbage-first heap   total 140288K, used 111949K [0x0000000082600000, 0x0000000100000000)
  region size 1024K, 41 young (41984K), 7 survivors (7168K)
 Metaspace       used 35316K, committed 35584K, reserved 1114112K
  class space    used 3900K, committed 4032K, reserved 1048576K
}
Event: 5.915 GC heap after
{Heap after GC invocations=12 (full 0):
 garbage-first heap   total 140288K, used 81265K [0x0000000082600000, 0x0000000100000000)
  region size 1024K, 4 young (4096K), 4 survivors (4096K)
 Metaspace       used 35316K, committed 35584K, reserved 1114112K
  class space    used 3900K, committed 4032K, reserved 1048576K
}
Event: 6.233 GC heap before
{Heap before GC invocations=13 (full 0):
 garbage-first heap   total 158720K, used 111985K [0x0000000082600000, 0x0000000100000000)
  region size 1024K, 34 young (34816K), 4 survivors (4096K)
 Metaspace       used 37208K, committed 37632K, reserved 1114112K
  class space    used 4158K, committed 4352K, reserved 1048576K
}
Event: 6.239 GC heap after
{Heap after GC invocations=14 (full 0):
 garbage-first heap   total 158720K, used 83833K [0x0000000082600000, 0x0000000100000000)
  region size 1024K, 3 young (3072K), 3 survivors (3072K)
 Metaspace       used 37208K, committed 37632K, reserved 1114112K
  class space    used 4158K, committed 4352K, reserved 1048576K
}
Event: 6.338 GC heap before
{Heap before GC invocations=14 (full 0):
 garbage-first heap   total 158720K, used 87929K [0x0000000082600000, 0x0000000100000000)
  region size 1024K, 7 young (7168K), 3 survivors (3072K)
 Metaspace       used 38401K, committed 38720K, reserved 1114112K
  class space    used 4296K, committed 4416K, reserved 1048576K
}
Event: 6.343 GC heap after
{Heap after GC invocations=15 (full 0):
 garbage-first heap   total 190464K, used 83511K [0x0000000082600000, 0x0000000100000000)
  region size 1024K, 1 young (1024K), 1 survivors (1024K)
 Metaspace       used 38401K, committed 38720K, reserved 1114112K
  class space    used 4296K, committed 4416K, reserved 1048576K
}
Event: 14.742 GC heap before
{Heap before GC invocations=15 (full 0):
 garbage-first heap   total 190464K, used 116279K [0x0000000082600000, 0x0000000100000000)
  region size 1024K, 35 young (35840K), 1 survivors (1024K)
 Metaspace       used 39656K, committed 40000K, reserved 1114112K
  class space    used 4425K, committed 4608K, reserved 1048576K
}
Event: 14.748 GC heap after
{Heap after GC invocations=16 (full 0):
 garbage-first heap   total 190464K, used 84317K [0x0000000082600000, 0x0000000100000000)
  region size 1024K, 2 young (2048K), 2 survivors (2048K)
 Metaspace       used 39656K, committed 40000K, reserved 1114112K
  class space    used 4425K, committed 4608K, reserved 1048576K
}
Event: 25.786 GC heap before
{Heap before GC invocations=16 (full 0):
 garbage-first heap   total 190464K, used 126301K [0x0000000082600000, 0x0000000100000000)
  region size 1024K, 27 young (27648K), 2 survivors (2048K)
 Metaspace       used 40069K, committed 40448K, reserved 1114112K
  class space    used 4434K, committed 4608K, reserved 1048576K
}
Event: 25.789 GC heap after
{Heap after GC invocations=17 (full 0):
 garbage-first heap   total 190464K, used 102363K [0x0000000082600000, 0x0000000100000000)
  region size 1024K, 3 young (3072K), 3 survivors (3072K)
 Metaspace       used 40069K, committed 40448K, reserved 1114112K
  class space    used 4434K, committed 4608K, reserved 1048576K
}

Deoptimization events (20 events):
Event: 68.441 Thread 0x0000022c616eecf0 DEOPT PACKING pc=0x0000022c6a003431 sp=0x000000e3fbffd9a0
Event: 68.441 Thread 0x0000022c616eecf0 DEOPT UNPACKING pc=0x0000022c69062b43 sp=0x000000e3fbffce58 mode 0
Event: 68.443 Thread 0x0000022c616eecf0 DEOPT PACKING pc=0x0000022c6a003431 sp=0x000000e3fbffda50
Event: 68.443 Thread 0x0000022c616eecf0 DEOPT UNPACKING pc=0x0000022c69062b43 sp=0x000000e3fbffcf08 mode 0
Event: 69.330 Thread 0x0000022c616eecf0 Uncommon trap: trap_request=0xffffffbe fr.pc=0x0000022c70e97d94 relative=0x00000000000002d4
Event: 69.330 Thread 0x0000022c616eecf0 Uncommon trap: reason=profile_predicate action=maybe_recompile pc=0x0000022c70e97d94 method=com.google.common.base.CharMatcher.indexIn(Ljava/lang/CharSequence;I)I @ 19 c2
Event: 69.330 Thread 0x0000022c616eecf0 DEOPT PACKING pc=0x0000022c70e97d94 sp=0x000000e3fbffd480
Event: 69.330 Thread 0x0000022c616eecf0 DEOPT UNPACKING pc=0x0000022c690623a3 sp=0x000000e3fbffd410 mode 2
Event: 69.330 Thread 0x0000022c616eecf0 Uncommon trap: trap_request=0xffffffbe fr.pc=0x0000022c70e97d94 relative=0x00000000000002d4
Event: 69.330 Thread 0x0000022c616eecf0 Uncommon trap: reason=profile_predicate action=maybe_recompile pc=0x0000022c70e97d94 method=com.google.common.base.CharMatcher.indexIn(Ljava/lang/CharSequence;I)I @ 19 c2
Event: 69.330 Thread 0x0000022c616eecf0 DEOPT PACKING pc=0x0000022c70e97d94 sp=0x000000e3fbffd480
Event: 69.330 Thread 0x0000022c616eecf0 DEOPT UNPACKING pc=0x0000022c690623a3 sp=0x000000e3fbffd410 mode 2
Event: 69.330 Thread 0x0000022c616eecf0 Uncommon trap: trap_request=0xffffffbe fr.pc=0x0000022c70e97d94 relative=0x00000000000002d4
Event: 69.330 Thread 0x0000022c616eecf0 Uncommon trap: reason=profile_predicate action=maybe_recompile pc=0x0000022c70e97d94 method=com.google.common.base.CharMatcher.indexIn(Ljava/lang/CharSequence;I)I @ 19 c2
Event: 69.330 Thread 0x0000022c616eecf0 DEOPT PACKING pc=0x0000022c70e97d94 sp=0x000000e3fbffd490
Event: 69.330 Thread 0x0000022c616eecf0 DEOPT UNPACKING pc=0x0000022c690623a3 sp=0x000000e3fbffd420 mode 2
Event: 69.330 Thread 0x0000022c616eecf0 Uncommon trap: trap_request=0xffffffbe fr.pc=0x0000022c70e97d94 relative=0x00000000000002d4
Event: 69.330 Thread 0x0000022c616eecf0 Uncommon trap: reason=profile_predicate action=maybe_recompile pc=0x0000022c70e97d94 method=com.google.common.base.CharMatcher.indexIn(Ljava/lang/CharSequence;I)I @ 19 c2
Event: 69.330 Thread 0x0000022c616eecf0 DEOPT PACKING pc=0x0000022c70e97d94 sp=0x000000e3fbffd490
Event: 69.330 Thread 0x0000022c616eecf0 DEOPT UNPACKING pc=0x0000022c690623a3 sp=0x000000e3fbffd420 mode 2

Classes loaded (20 events):
Event: 11.067 Loading class java/net/URLEncoder
Event: 11.068 Loading class java/net/URLEncoder done
Event: 11.068 Loading class java/io/CharArrayWriter
Event: 11.068 Loading class java/io/CharArrayWriter done
Event: 13.859 Loading class java/lang/Math$RandomNumberGeneratorHolder
Event: 13.859 Loading class java/lang/Math$RandomNumberGeneratorHolder done
Event: 13.861 Loading class java/util/concurrent/ConcurrentLinkedQueue$Itr
Event: 13.861 Loading class java/util/concurrent/ConcurrentLinkedQueue$Itr done
Event: 13.885 Loading class sun/net/ConnectionResetException
Event: 13.885 Loading class sun/net/ConnectionResetException done
Event: 23.803 Loading class java/util/stream/SortedOps$RefSortingSink
Event: 23.803 Loading class java/util/stream/SortedOps$RefSortingSink done
Event: 23.809 Loading class sun/misc/SharedSecrets
Event: 23.810 Loading class sun/misc/SharedSecrets done
Event: 60.925 Loading class java/lang/Throwable$WrappedPrintWriter
Event: 60.926 Loading class java/lang/Throwable$PrintStreamOrWriter
Event: 60.926 Loading class java/lang/Throwable$PrintStreamOrWriter done
Event: 60.926 Loading class java/lang/Throwable$WrappedPrintWriter done
Event: 60.927 Loading class java/lang/invoke/WrongMethodTypeException
Event: 60.928 Loading class java/lang/invoke/WrongMethodTypeException done

Classes unloaded (1 events):
Event: 2.653 Thread 0x0000022c6176c8a0 Unloading class 0x0000000800ca0400 'java/lang/invoke/LambdaForm$DMH+0x0000000800ca0400'

Classes redefined (0 events):
No events

Internal exceptions (20 events):
Event: 61.316 Thread 0x0000022c050ada20 Exception <a 'java/net/ConnectException'{0x000000008e294128}: Connection refused: no further information> (0x000000008e294128) 
thrown [s\open\src\hotspot\share\prims\jni.cpp, line 535]
Event: 61.317 Thread 0x0000022c050ada20 Exception <a 'java/net/SocketException'{0x000000008e294460}: Socket is not connected: shutdown> (0x000000008e294460) 
thrown [s\open\src\hotspot\share\prims\jni.cpp, line 535]
Event: 62.222 Thread 0x0000022c616eecf0 Exception <a 'sun/nio/fs/WindowsException'{0x000000008dd10a58}> (0x000000008dd10a58) 
thrown [s\open\src\hotspot\share\prims\jni.cpp, line 516]
Event: 68.274 Thread 0x0000022c616eecf0 Exception <a 'sun/nio/fs/WindowsException'{0x000000008ca86590}> (0x000000008ca86590) 
thrown [s\open\src\hotspot\share\prims\jni.cpp, line 516]
Event: 68.335 Thread 0x0000022c08611980 Exception <a 'sun/net/ConnectionResetException'{0x000000008de65db0}: Connection reset> (0x000000008de65db0) 
thrown [s\open\src\hotspot\share\prims\jni.cpp, line 535]
Event: 68.433 Thread 0x0000022c050ada20 Exception <a 'java/net/ConnectException'{0x000000008e011b28}: Connection refused: no further information> (0x000000008e011b28) 
thrown [s\open\src\hotspot\share\prims\jni.cpp, line 535]
Event: 68.433 Thread 0x0000022c050ada20 Exception <a 'java/net/SocketException'{0x000000008e011e60}: Socket is not connected: shutdown> (0x000000008e011e60) 
thrown [s\open\src\hotspot\share\prims\jni.cpp, line 535]
Event: 68.434 Thread 0x0000022c616eecf0 Exception <a 'sun/nio/fs/WindowsException'{0x000000008ca8aca8}> (0x000000008ca8aca8) 
thrown [s\open\src\hotspot\share\prims\jni.cpp, line 516]
Event: 68.449 Thread 0x0000022c616eecf0 Exception <a 'java/net/SocketException'{0x000000008c97f690}: Socket is not connected: shutdown> (0x000000008c97f690) 
thrown [s\open\src\hotspot\share\prims\jni.cpp, line 535]
Event: 68.452 Thread 0x0000022c050ada20 Exception <a 'java/net/ConnectException'{0x000000008e012ec8}: Connection refused: no further information> (0x000000008e012ec8) 
thrown [s\open\src\hotspot\share\prims\jni.cpp, line 535]
Event: 68.452 Thread 0x0000022c050ada20 Exception <a 'java/net/SocketException'{0x000000008e013200}: Socket is not connected: shutdown> (0x000000008e013200) 
thrown [s\open\src\hotspot\share\prims\jni.cpp, line 535]
Event: 68.463 Thread 0x0000022c050ada20 Exception <a 'java/net/ConnectException'{0x000000008e014248}: Connection refused: no further information> (0x000000008e014248) 
thrown [s\open\src\hotspot\share\prims\jni.cpp, line 535]
Event: 68.463 Thread 0x0000022c050ada20 Exception <a 'java/net/SocketException'{0x000000008e014580}: Socket is not connected: shutdown> (0x000000008e014580) 
thrown [s\open\src\hotspot\share\prims\jni.cpp, line 535]
Event: 68.486 Thread 0x0000022c050ada20 Exception <a 'java/net/ConnectException'{0x000000008e0155c8}: Connection refused: no further information> (0x000000008e0155c8) 
thrown [s\open\src\hotspot\share\prims\jni.cpp, line 535]
Event: 68.486 Thread 0x0000022c050ada20 Exception <a 'java/net/SocketException'{0x000000008e015900}: Socket is not connected: shutdown> (0x000000008e015900) 
thrown [s\open\src\hotspot\share\prims\jni.cpp, line 535]
Event: 68.528 Thread 0x0000022c050ada20 Exception <a 'java/net/ConnectException'{0x000000008e016948}: Connection refused: no further information> (0x000000008e016948) 
thrown [s\open\src\hotspot\share\prims\jni.cpp, line 535]
Event: 68.528 Thread 0x0000022c050ada20 Exception <a 'java/net/SocketException'{0x000000008e016c80}: Socket is not connected: shutdown> (0x000000008e016c80) 
thrown [s\open\src\hotspot\share\prims\jni.cpp, line 535]
Event: 68.610 Thread 0x0000022c050ada20 Exception <a 'java/net/ConnectException'{0x000000008e017cc8}: Connection refused: no further information> (0x000000008e017cc8) 
thrown [s\open\src\hotspot\share\prims\jni.cpp, line 535]
Event: 68.610 Thread 0x0000022c050ada20 Exception <a 'java/net/SocketException'{0x000000008e018000}: Socket is not connected: shutdown> (0x000000008e018000) 
thrown [s\open\src\hotspot\share\prims\jni.cpp, line 535]
Event: 69.483 Thread 0x0000022c616eecf0 Exception <a 'sun/nio/fs/WindowsException'{0x000000008c353298}> (0x000000008c353298) 
thrown [s\open\src\hotspot\share\prims\jni.cpp, line 516]

VM Operations (20 events):
Event: 59.883 Executing VM operation: Cleanup
Event: 59.884 Executing VM operation: Cleanup done
Event: 61.884 Executing VM operation: Cleanup
Event: 61.885 Executing VM operation: Cleanup done
Event: 62.885 Executing VM operation: Cleanup
Event: 62.885 Executing VM operation: Cleanup done
Event: 65.886 Executing VM operation: Cleanup
Event: 65.886 Executing VM operation: Cleanup done
Event: 66.887 Executing VM operation: Cleanup
Event: 66.887 Executing VM operation: Cleanup done
Event: 67.887 Executing VM operation: Cleanup
Event: 67.887 Executing VM operation: Cleanup done
Event: 68.887 Executing VM operation: Cleanup
Event: 68.887 Executing VM operation: Cleanup done
Event: 69.888 Executing VM operation: Cleanup
Event: 69.888 Executing VM operation: Cleanup done
Event: 70.888 Executing VM operation: Cleanup
Event: 70.888 Executing VM operation: Cleanup done
Event: 73.890 Executing VM operation: Cleanup
Event: 73.890 Executing VM operation: Cleanup done

Events (20 events):
Event: 61.101 Thread 0x0000022c086114b0 Thread exited: 0x0000022c086114b0
Event: 61.105 Thread 0x0000022c08612cc0 Thread exited: 0x0000022c08612cc0
Event: 61.127 Thread 0x0000022c050b00a0 Thread added: 0x0000022c050b00a0
Event: 61.146 Thread 0x0000022c08612cc0 Thread added: 0x0000022c08612cc0
Event: 61.146 Thread 0x0000022c08610fe0 Thread added: 0x0000022c08610fe0
Event: 61.487 Thread 0x0000022c086114b0 Thread added: 0x0000022c086114b0
Event: 62.033 Thread 0x0000022c08611980 Thread added: 0x0000022c08611980
Event: 62.060 Thread 0x0000022c05fb9740 Thread added: 0x0000022c05fb9740
Event: 66.096 Thread 0x0000022c050afbd0 Thread exited: 0x0000022c050afbd0
Event: 68.422 Thread 0x0000022c05fba5b0 Thread added: 0x0000022c05fba5b0
Event: 68.425 Thread 0x0000022c08610fe0 Thread exited: 0x0000022c08610fe0
Event: 68.425 Thread 0x0000022c08612cc0 Thread exited: 0x0000022c08612cc0
Event: 68.430 Thread 0x0000022c050b00a0 Thread exited: 0x0000022c050b00a0
Event: 68.451 Thread 0x0000022c05fbaa80 Thread added: 0x0000022c05fbaa80
Event: 68.462 Thread 0x0000022c05fbd100 Thread added: 0x0000022c05fbd100
Event: 68.462 Thread 0x0000022c05fb8da0 Thread added: 0x0000022c05fb8da0
Event: 68.775 Thread 0x0000022c05fbe910 Thread added: 0x0000022c05fbe910
Event: 69.332 Thread 0x0000022c05fbc290 Thread added: 0x0000022c05fbc290
Event: 69.341 Thread 0x0000022c05fbdaa0 Thread added: 0x0000022c05fbdaa0
Event: 73.422 Thread 0x0000022c05fba5b0 Thread exited: 0x0000022c05fba5b0


Dynamic libraries:
0x00007ff727390000 - 0x00007ff72739e000 	C:\Users\Admin\.jdks\openjdk-18.0.1.1\bin\java.exe
0x00007ffe105e0000 - 0x00007ffe107e9000 	C:\WINDOWS\SYSTEM32\ntdll.dll
0x00007ffe0f2a0000 - 0x00007ffe0f35d000 	C:\WINDOWS\System32\KERNEL32.DLL
0x00007ffe0dcb0000 - 0x00007ffe0e029000 	C:\WINDOWS\System32\KERNELBASE.dll
0x00007ffe0e0a0000 - 0x00007ffe0e1b1000 	C:\WINDOWS\System32\ucrtbase.dll
0x00007ffdf5d80000 - 0x00007ffdf5d9a000 	C:\Users\Admin\.jdks\openjdk-18.0.1.1\bin\VCRUNTIME140.dll
0x00007ffdf8830000 - 0x00007ffdf8847000 	C:\Users\Admin\.jdks\openjdk-18.0.1.1\bin\jli.dll
0x00007ffe0ec60000 - 0x00007ffe0ee0c000 	C:\WINDOWS\System32\USER32.dll
0x00007ffdfb350000 - 0x00007ffdfb5f5000 	C:\WINDOWS\WinSxS\amd64_microsoft.windows.common-controls_6595b64144ccf1df_6.0.22000.120_none_9d947278b86cc467\COMCTL32.dll
0x00007ffe0dac0000 - 0x00007ffe0dae6000 	C:\WINDOWS\System32\win32u.dll
0x00007ffe10200000 - 0x00007ffe102a3000 	C:\WINDOWS\System32\msvcrt.dll
0x00007ffe0e470000 - 0x00007ffe0e499000 	C:\WINDOWS\System32\GDI32.dll
0x00007ffe0db90000 - 0x00007ffe0dca2000 	C:\WINDOWS\System32\gdi32full.dll
0x00007ffe0daf0000 - 0x00007ffe0db8d000 	C:\WINDOWS\System32\msvcp_win.dll
0x00007ffe100a0000 - 0x00007ffe100d1000 	C:\WINDOWS\System32\IMM32.DLL
0x00007ffdfa820000 - 0x00007ffdfa82c000 	C:\Users\Admin\.jdks\openjdk-18.0.1.1\bin\vcruntime140_1.dll
0x00007ffdeceb0000 - 0x00007ffdecf3d000 	C:\Users\Admin\.jdks\openjdk-18.0.1.1\bin\msvcp140.dll
0x00007ffdd3b50000 - 0x00007ffdd4760000 	C:\Users\Admin\.jdks\openjdk-18.0.1.1\bin\server\jvm.dll
0x00007ffe0f7d0000 - 0x00007ffe0f87e000 	C:\WINDOWS\System32\ADVAPI32.dll
0x00007ffe0fdf0000 - 0x00007ffe0fe8e000 	C:\WINDOWS\System32\sechost.dll
0x00007ffe100e0000 - 0x00007ffe10200000 	C:\WINDOWS\System32\RPCRT4.dll
0x00007ffe10380000 - 0x00007ffe10388000 	C:\WINDOWS\System32\PSAPI.DLL
0x00007ffe0a480000 - 0x00007ffe0a489000 	C:\WINDOWS\SYSTEM32\WSOCK32.dll
0x00007ffe05480000 - 0x00007ffe054b3000 	C:\WINDOWS\SYSTEM32\WINMM.dll
0x00007ffe10390000 - 0x00007ffe103ff000 	C:\WINDOWS\System32\WS2_32.dll
0x00007ffe03930000 - 0x00007ffe0393a000 	C:\WINDOWS\SYSTEM32\VERSION.dll
0x00007ffe0cbc0000 - 0x00007ffe0cbd8000 	C:\WINDOWS\SYSTEM32\kernel.appcore.dll
0x00007ffdfa5e0000 - 0x00007ffdfa5ea000 	C:\Users\Admin\.jdks\openjdk-18.0.1.1\bin\jimage.dll
0x00007ffe0b5f0000 - 0x00007ffe0b811000 	C:\WINDOWS\SYSTEM32\DBGHELP.DLL
0x00007ffdf42f0000 - 0x00007ffdf4321000 	C:\WINDOWS\SYSTEM32\dbgcore.DLL
0x00007ffe0e330000 - 0x00007ffe0e3af000 	C:\WINDOWS\System32\bcryptPrimitives.dll
0x00007ffe05290000 - 0x00007ffe0529e000 	C:\Users\Admin\.jdks\openjdk-18.0.1.1\bin\instrument.dll
0x00007ffdf35f0000 - 0x00007ffdf3615000 	C:\Users\Admin\.jdks\openjdk-18.0.1.1\bin\java.dll
0x00007ffdd5480000 - 0x00007ffdd5556000 	C:\Users\Admin\.jdks\openjdk-18.0.1.1\bin\jsvml.dll
0x00007ffe0e4a0000 - 0x00007ffe0ec58000 	C:\WINDOWS\System32\SHELL32.dll
0x00007ffe0bad0000 - 0x00007ffe0c338000 	C:\WINDOWS\SYSTEM32\windows.storage.dll
0x00007ffe0ee30000 - 0x00007ffe0f1a9000 	C:\WINDOWS\System32\combase.dll
0x00007ffe0b960000 - 0x00007ffe0bac6000 	C:\WINDOWS\SYSTEM32\wintypes.dll
0x00007ffe0fb90000 - 0x00007ffe0fc7a000 	C:\WINDOWS\System32\SHCORE.dll
0x00007ffe0fd70000 - 0x00007ffe0fdcd000 	C:\WINDOWS\System32\shlwapi.dll
0x00007ffe0d9f0000 - 0x00007ffe0da11000 	C:\WINDOWS\SYSTEM32\profapi.dll
0x00007ffdf35d0000 - 0x00007ffdf35e8000 	C:\Users\Admin\.jdks\openjdk-18.0.1.1\bin\zip.dll
0x00007ffdf5d40000 - 0x00007ffdf5d53000 	C:\Users\Admin\.jdks\openjdk-18.0.1.1\bin\net.dll
0x00007ffe03050000 - 0x00007ffe0315c000 	C:\WINDOWS\SYSTEM32\WINHTTP.dll
0x00007ffe0d060000 - 0x00007ffe0d0c7000 	C:\WINDOWS\system32\mswsock.dll
0x00007ffdf4d80000 - 0x00007ffdf4d96000 	C:\Users\Admin\.jdks\openjdk-18.0.1.1\bin\nio.dll
0x00007ffdf9c20000 - 0x00007ffdf9c3a000 	C:\Program Files\JetBrains\IntelliJ IDEA Community Edition 2022.1\bin\breakgen64.dll
0x00007ffe0d2a0000 - 0x00007ffe0d2b8000 	C:\WINDOWS\SYSTEM32\CRYPTSP.dll
0x00007ffe0cb20000 - 0x00007ffe0cb55000 	C:\WINDOWS\system32\rsaenh.dll
0x00007ffe0d150000 - 0x00007ffe0d179000 	C:\WINDOWS\SYSTEM32\USERENV.dll
0x00007ffe0d420000 - 0x00007ffe0d447000 	C:\WINDOWS\SYSTEM32\bcrypt.dll
0x00007ffe0d2c0000 - 0x00007ffe0d2cc000 	C:\WINDOWS\SYSTEM32\CRYPTBASE.dll
0x00007ffe0c730000 - 0x00007ffe0c75d000 	C:\WINDOWS\SYSTEM32\IPHLPAPI.DLL
0x00007ffe0fc80000 - 0x00007ffe0fc89000 	C:\WINDOWS\System32\NSI.dll
0x00007ffe03940000 - 0x00007ffe03959000 	C:\WINDOWS\SYSTEM32\dhcpcsvc6.DLL
0x00007ffe03ce0000 - 0x00007ffe03cfe000 	C:\WINDOWS\SYSTEM32\dhcpcsvc.DLL
0x00007ffe0c760000 - 0x00007ffe0c848000 	C:\WINDOWS\SYSTEM32\DNSAPI.dll
0x00007ffdf9e90000 - 0x00007ffdf9ea0000 	C:\Users\Admin\.jdks\openjdk-18.0.1.1\bin\verify.dll
0x00007ffdfb340000 - 0x00007ffdfb34a000 	C:\Windows\System32\rasadhlp.dll
0x00007ffe015e0000 - 0x00007ffe01661000 	C:\WINDOWS\System32\fwpuclnt.dll
0x00007ffdf9cc0000 - 0x00007ffdf9cc9000 	C:\Users\Admin\.jdks\openjdk-18.0.1.1\bin\management.dll
0x00007ffdf9c40000 - 0x00007ffdf9c4b000 	C:\Users\Admin\.jdks\openjdk-18.0.1.1\bin\management_ext.dll
0x00007ffdf9c10000 - 0x00007ffdf9c1e000 	C:\Users\Admin\.jdks\openjdk-18.0.1.1\bin\sunmscapi.dll
0x00007ffe0e1c0000 - 0x00007ffe0e322000 	C:\WINDOWS\System32\CRYPT32.dll
0x00007ffe0d3f0000 - 0x00007ffe0d418000 	C:\WINDOWS\SYSTEM32\ncrypt.dll
0x00007ffe0d3b0000 - 0x00007ffe0d3e7000 	C:\WINDOWS\SYSTEM32\NTASN1.dll
0x00007ffdee6b0000 - 0x00007ffdee6c7000 	C:\WINDOWS\system32\napinsp.dll
0x00007ffdecba0000 - 0x00007ffdecbbb000 	C:\WINDOWS\system32\pnrpnsp.dll
0x00007ffdecb80000 - 0x00007ffdecb92000 	C:\WINDOWS\System32\winrnr.dll
0x00007ffe02370000 - 0x00007ffe02385000 	C:\WINDOWS\system32\wshbth.dll
0x00007ffdecb60000 - 0x00007ffdecb7f000 	C:\WINDOWS\system32\nlansp_c.dll

dbghelp: loaded successfully - version: 4.0.5 - missing functions: none
symbol engine: initialized successfully - sym options: 0x614 - pdb path: .;C:\Users\Admin\.jdks\openjdk-18.0.1.1\bin;C:\WINDOWS\SYSTEM32;C:\WINDOWS\WinSxS\amd64_microsoft.windows.common-controls_6595b64144ccf1df_6.0.22000.120_none_9d947278b86cc467;C:\Users\Admin\.jdks\openjdk-18.0.1.1\bin\server;C:\Program Files\JetBrains\IntelliJ IDEA Community Edition 2022.1\bin

VM Arguments:
jvm_args: -ea -javaagent:C:\Users\Admin\.m2\repository/org/aspectj/aspectjweaver/1.9.6/aspectjweaver-1.9.6.jar -Didea.test.cyclic.buffer.size=1048576 -javaagent:C:\Program Files\JetBrains\IntelliJ IDEA Community Edition 2022.1\lib\idea_rt.jar=63869:C:\Program Files\JetBrains\IntelliJ IDEA Community Edition 2022.1\bin -Dfile.encoding=UTF-8 
java_command: com.intellij.rt.testng.RemoteTestNGStarter -usedefaultlisteners false -socket63868 @w@C:\Users\Admin\AppData\Local\Temp\idea_working_dirs_testng.tmp -temp C:\Users\Admin\AppData\Local\Temp\idea_testng.tmp
java_class_path (initial): C:\Program Files\JetBrains\IntelliJ IDEA Community Edition 2022.1\lib\idea_rt.jar;C:\Program Files\JetBrains\IntelliJ IDEA Community Edition 2022.1\plugins\testng\lib\testng-rt.jar;D:\DATN\FinalProject\FinalProject\target\test-classes;D:\DATN\FinalProject\FinalProject\target\classes;C:\Users\Admin\.m2\repository\org\seleniumhq\selenium\selenium-java\4.0.0-beta-3\selenium-java-4.0.0-beta-3.jar;C:\Users\Admin\.m2\repository\org\seleniumhq\selenium\selenium-api\4.0.0-beta-3\selenium-api-4.0.0-beta-3.jar;C:\Users\Admin\.m2\repository\org\seleniumhq\selenium\selenium-chrome-driver\4.0.0-beta-3\selenium-chrome-driver-4.0.0-beta-3.jar;C:\Users\Admin\.m2\repository\com\google\auto\service\auto-service-annotations\1.0-rc7\auto-service-annotations-1.0-rc7.jar;C:\Users\Admin\.m2\repository\com\google\auto\service\auto-service\1.0-rc7\auto-service-1.0-rc7.jar;C:\Users\Admin\.m2\repository\com\google\auto\auto-common\0.10\auto-common-0.10.jar;C:\Users\Admin\.m2\repository\com\google\guava\guava\30.1-jre\guava-30.1-jre.jar;C:\Users\Admin\.m2\repository\com\google\guava\failureaccess\1.0.1\failureaccess-1.0.1.jar;C:\Users\Admin\.m2\repository\com\google\guava\listenablefuture\9999.0-empty-to-avoid-conflict-with-guava\listenablefuture-9999.0-empty-to-avoid-conflict-with-guava.jar;C:\Users\Admin\.m2\repository\com\google\code\findbugs\jsr305\3.0.2\jsr305-3.0.2.jar;C:\Users\Admin\.m2\repository\org\checkerframework\checker-qual\3.5.0\checker-qual-3.5.0.jar;C:\Users\Admin\.m2\repository\com\google\errorprone\error_prone_annotations\2.3.4\error_prone_annotations-2.3.4.jar;C:\Users\Admin\.m2\repository\com\google\j2objc\j2objc-annotations\1.3\j2objc-annotations-1.3.jar;C:\Users\Admin\.m2\repository\org\seleniumhq\selenium\selenium-chromium-driver\4.0.0-beta-3\selenium-chromium-driver-4.0.0-beta-3.jar;C:\Users\Admin\.m2\repository\org\seleniumhq\selenium\selenium-devtools\4.0.0-beta-3\selenium-devtools-4.0.0-beta-3.jar;C:\Users\Admin\.m2\repository\org\seleniumhq\selenium\selenium-http\4.0.0-beta-3\selenium-http-4.0.0-beta-3.jar;C:\Users\Admin\.m2\repository\org\seleniumhq\selenium\selenium-json\4.0.0-beta-3\selenium-json-4.0.0-beta-3.jar;C:\Users\Admin\.m2\repository\org\seleniumhq\selenium\selenium-devtools-v85\4.0.0-beta-3\selenium-devtools-v85-4.0.0-beta-3.jar;C:\Users\Admin\.m2\repository\org\seleniumhq\selenium\selenium-devtools-v88\4.0.0-beta-3\selenium-devtools-v88-4.0.0-beta-3.jar;C:\Users\Admin\.m2\repository\org\seleniumhq\selenium\selenium-devtools-v89\4.0.0-beta-3\selenium-devtools-v89-4.0.0-beta-3.jar;C:\Users\Admin\.m2\repository\org\seleniumhq\selenium\selenium-devtools-v90\4.0.0-beta-3\selenium-devtools-v90-4.0.0-beta-3.jar;C:\Users\Admin\.m2\repository\org\seleniumhq\selenium\selenium-devtools-v91\4.0.0-beta-3\selenium-devtools-v91-4.0.0-beta-3.jar;C:\Users\Admin\.m2\repository\org\seleniumhq\selenium\selenium-edge-driver\4.0.0-beta-3\selenium-edge-driver-4.0.0-beta-3.jar;C:\Users\Admin\.m2\repository\org\seleniumhq\selenium\selenium-firefox-driver\4.0.0-beta-3\selenium-firefox-driver-4.0.0-beta-3.jar;C:\Users\Admin\.m2\repository\org\seleniumhq\selenium\selenium-firefox-xpi-driver\4.0.0-beta-3\selenium-firefox-xpi-driver-4.0.0-beta-3.jar;C:\Users\Admin\.m2\repository\org\seleniumhq\selenium\selenium-ie-driver\4.0.0-beta-3\selenium-ie-driver-4.0.0-beta-3.jar;C:\Users\Admin\.m2\repository\org\seleniumhq\selenium\selenium-opera-driver\4.0.0-beta-3\selenium-opera-driver-4.0.0-beta-3.jar;C:\Users\Admin\.m2\repository\org\seleniumhq\selenium\selenium-remote-driver\4.0.0-beta-3\selenium-remote-driver-4.0.0-beta-3.jar;C:\Users\Admin\.m2\repository\io\netty\netty-buffer\4.1.58.Final\netty-buffer-4.1.58.Final.jar;C:\Users\Admin\.m2\repository\io\netty\netty-codec-http\4.1.58.Final\netty-codec-http-4.1.58.Final.jar;C:\Users\Admin\.m2\repository\io\netty\netty-codec\4.1.58.Final\netty-codec-4.1.58.Final.jar;C:\Users\Admin\.m2\repository\io\netty\netty-handler\4.1.58.Final\netty-handler-4.1.58.Final.jar;C:\Users\Admin\.m2\repository\io\netty\netty-common\4.1.58.Final\netty-common-4.1.58.Final.jar;C:\Users\Admin\.m2\repository\io\netty\netty-transport-native-epoll\4.1.58.Final\netty-transport-native-epoll-4.1.58.Final.jar;C:\Users\Admin\.m2\repository\io\netty\netty-transport-native-kqueue\4.1.58.Final\netty-transport-native-kqueue-4.1.58.Final.jar;C:\Users\Admin\.m2\repository\io\netty\netty-transport-native-unix-common\4.1.58.Final\netty-transport-native-unix-common-4.1.58.Final.jar;C:\Users\Admin\.m2\repository\io\netty\netty-transport\4.1.58.Final\netty-transport-4.1.58.Final.jar;C:\Users\Admin\.m2\repository\io\netty\netty-resolver\4.1.58.Final\netty-resolver-4.1.58.Final.jar;C:\Users\Admin\.m2\repository\io\opentelemetry\opentelemetry-api\1.0.0\opentelemetry-api-1.0.0.jar;C:\Users\Admin\.m2\repository\io\opentelemetry\opentelemetry-context\1.0.0\opentelemetry-context-1.0.0.jar;C:\Users\Admin\.m2\repository\io\opentelemetry\opentelemetry-exporter-logging\1.0.0\opentelemetry-exporter-logging-1.0.0.jar;C:\Users\Admin\.m2\repository\io\opentelemetry\opentelemetry-sdk-metrics\1.0.0-alpha\opentelemetry-sdk-metrics-1.0.0-alpha.jar;C:\Users\Admin\.m2\repository\io\opentelemetry\opentelemetry-sdk-common\1.0.0\opentelemetry-sdk-common-1.0.0.jar;C:\Users\Admin\.m2\repository\io\opentelemetry\opentelemetry-sdk-extension-autoconfigure\1.0.0-alpha\opentelemetry-sdk-extension-autoconfigure-1.0.0-alpha.jar;C:\Users\Admin\.m2\repository\io\opentelemetry\opentelemetry-sdk-trace\1.0.0\opentelemetry-sdk-trace-1.0.0.jar;C:\Users\Admin\.m2\repository\io\opentelemetry\opentelemetry-api-metrics\1.0.0-alpha\opentelemetry-api-metrics-1.0.0-alpha.jar;C:\Users\Admin\.m2\repository\io\opentelemetry\opentelemetry-sdk\1.0.0\opentelemetry-sdk-1.0.0.jar;C:\Users\Admin\.m2\repository\io\opentelemetry\opentelemetry-semconv\1.0.0-alpha\opentelemetry-semconv-1.0.0-alpha.jar;C:\Users\Admin\.m2\repository\net\bytebuddy\byte-buddy\1.10.19\byte-buddy-1.10.19.jar;C:\Users\Admin\.m2\repository\org\apache\commons\commons-exec\1.3\commons-exec-1.3.jar;C:\Users\Admin\.m2\repository\org\asynchttpclient\async-http-client\2.12.2\async-http-client-2.12.2.jar;C:\Users\Admin\.m2\repository\org\asynchttpclient\async-http-client-netty-utils\2.12.2\async-http-client-netty-utils-2.12.2.jar;C:\Users\Admin\.m2\repository\io\netty\netty-codec-socks\4.1.53.Final\netty-codec-socks-4.1.53.Final.jar;C:\Users\Admin\.m2\repository\io\netty\netty-handler-proxy\4.1.53.Final\netty-handler-proxy-4.1.53.Final.jar;C:\Users\Admin\.m2\repository\io\netty\netty-transport-native-epoll\4.1.53.Final\netty-transport-native-epoll-4.1.53.Final-linux-x86_64.jar;C:\Users\Admin\.m2\repository\io\netty\netty-transport-native-kqueue\4.1.53.Final\netty-transport-native-kqueue-4.1.53.Final-osx-x86_64.jar;C:\Users\Admin\.m2\repository\com\typesafe\netty\netty-reactive-streams\2.0.4\netty-reactive-streams-2.0.4.jar;C:\Users\Admin\.m2\repository\com\sun\activation\jakarta.activation\1.2.2\jakarta.activation-1.2.2.jar;C:\Users\Admin\.m2\repository\org\seleniumhq\selenium\selenium-safari-driver\4.0.0-beta-3\selenium-safari-driver-4.0.0-beta-3.jar;C:\Users\Admin\.m2\repository\org\seleniumhq\selenium\selenium-support\4.0.0-beta-3\selenium-support-4.0.0-beta-3.jar;C:\Users\Admin\.m2\repository\org\testng\testng\7.4.0\testng-7.4.0.jar;C:\Users\Admin\.m2\repository\com\beust\jcommander\1.78\jcommander-1.78.jar;C:\Users\Admin\.m2\repository\org\webjars\jquery\3.5.1\jquery-3.5.1.jar;C:\Users\Admin\.m2\repository\ru\yandex\qatools\ashot\ashot\1.5.4\ashot-1.5.4.jar;C:\Users\Admin\.m2\repository\commons-io\commons-io\2.5\commons-io-2.5.jar;C:\Users\Admin\.m2\repository\com\google\code\gson\gson\2.6.2\gson-2.6.2.jar;C:\Users\Admin\.m2\repository\org\hamcrest\hamcrest-core\1.3\hamcrest-core-1.3.jar;C:\Users\Admin\.m2\repository\io\qameta\allure\allure-testng\2.13.9\allure-testng-2.13.9.jar;C:\Users\Admin\.m2\repository\io\qameta\allure\allure-java-commons\2.13.9\allure-java-commons-2.13.9.jar;C:\Users\Admin\.m2\repository\io\qameta\allure\allure-model\2.13.9\allure-model-2.13.9.jar;C:\Users\Admin\.m2\repository\com\fasterxml\jackson\core\jackson-databind\2.12.2\jackson-databind-2.12.2.jar;C:\Users\Admin\.m2\repository\com\fasterxml\jackson\core\jackson-annotations\2.12.2\jackson-annotations-2.12.2.jar;C:\Users\Admin\.m2\repository\com\fasterxml\jackson\core\jackson-core\2.12.2\jackson-core-2.12.2.jar;C:\Users\Admin\.m2\repository\org\apache\tika\tika-core\1.25\tika-core-1.25.jar;C:\Users\Admin\.m2\repository\org\jooq\joor-java-8\0.9.13\joor-java-8-0.9.13.jar;C:\Users\Admin\.m2\repository\io\qameta\allure\allure-test-filter\2.13.9\allure-test-filter-2.13.9.jar;C:\Users\Admin\.m2\repository\org\apache\logging\log4j\log4j-core\2.14.1\log4j-core-2.14.1.jar;C:\Users\Admin\.m2\repository\com\aventstack\extentreports\5.0.8\extentreports-5.0.8.jar;C:\Users\Admin\.m2\repository\io\reactivex\rxjava3\rxjava\3.0.4\rxjava-3.0.4.jar;C:\Users\Admin\.m2\repository\org\reactivestreams\reactive-streams\1.0.3\reactive-streams-1.0.3.jar;C:\Users\Admin\.m2\repository\org\freemarker\freemarker\2.3.30\freemarker-2.3.30.jar;C:\Users\Admin\.m2\repository\org\projectlombok\lombok\1.18.12\lombok-1.18.12.jar;C:\Users\Admin\.m2\repository\org\apache\logging\log4j\log4j-api\2.17.2\log4j-api-2.17.2.jar;C:\Users\Admin\.m2\repository\io\github\bonigarcia\webdrivermanager\4.4.3\webdrivermanager-4.4.3.jar;C:\Users\Admin\.m2\repository\org\slf4j\slf4j-api\1.7.30\slf4j-api-1.7.30.jar;C:\Users\Admin\.m2\repository\org\apache\commons\commons-lang3\3.12.0\commons-lang3-3.12.0.jar;C:\Users\Admin\.m2\repository\org\apache\httpcomponents\client5\httpclient5\5.0.3\httpclient5-5.0.3.jar;C:\Users\Admin\.m2\repository\org\apache\httpcomponents\core5\httpcore5\5.0.2\httpcore5-5.0.2.jar;C:\Users\Admin\.m2\repository\org\apache\httpcomponents\core5\httpcore5-h2\5.0.2\httpcore5-h2-5.0.2.jar;C:\Users\Admin\.m2\repository\org\rauschig\jarchivelib\1.1.0\jarchivelib-1.1.0.jar;C:\Users\Admin\.m2\repository\org\jsoup\jsoup\1.13.1\jsoup-1.13.1.jar;C:\Users\Admin\.m2\repository\org\slf4j\slf4j-simple\1.7.31\slf4j-simple-1.7.31.jar;C:\Users\Admin\.m2\repository\org\apache\poi\poi\5.0.0\poi-5.0.0.jar;C:\Users\Admin\.m2\repository\org\slf4j\jcl-over-slf4j\1.7.30\jcl-over-slf4j-1.7.30.jar;C:\Users\Admin\.m2\repository\commons-codec\commons-codec\1.15\commons-codec-1.15.jar;C:\Users\Admin\.m2\repository\org\apache\commons\commons-collections4\4.4\commons-collections4-4.4.jar;C:\Users\Admin\.m2\repository\org\apache\commons\commons-math3\3.6.1\commons-math3-3.6.1.jar;C:\Users\Admin\.m2\repository\com\zaxxer\SparseBitSet\1.2\SparseBitSet-1.2.jar;C:\Users\Admin\.m2\repository\org\apache\poi\poi-ooxml\5.0.0\poi-ooxml-5.0.0.jar;C:\Users\Admin\.m2\repository\org\apache\poi\poi-ooxml-lite\5.0.0\poi-ooxml-lite-5.0.0.jar;C:\Users\Admin\.m2\repository\org\apache\xmlbeans\xmlbeans\4.0.0\xmlbeans-4.0.0.jar;C:\Users\Admin\.m2\repository\org\apache\commons\commons-compress\1.20\commons-compress-1.20.jar;C:\Users\Admin\.m2\repository\com\github\virtuald\curvesapi\1.06\curvesapi-1.06.jar;C:\Users\Admin\.m2\repository\org\bouncycastle\bcpkix-jdk15on\1.68\bcpkix-jdk15on-1.68.jar;C:\Users\Admin\.m2\repository\org\bouncycastle\bcprov-jdk15on\1.68\bcprov-jdk15on-1.68.jar;C:\Users\Admin\.m2\repository\org\apache\santuario\xmlsec\2.2.1\xmlsec-2.2.1.jar;C:\Users\Admin\.m2\repository\com\fasterxml\woodstox\woodstox-core\5.2.1\woodstox-core-5.2.1.jar;C:\Users\Admin\.m2\repository\org\codehaus\woodstox\stax2-api\4.2\stax2-api-4.2.jar;C:\Users\Admin\.m2\repository\jakarta\xml\bind\jakarta.xml.bind-api\2.3.2\jakarta.xml.bind-api-2.3.2.jar;C:\Users\Admin\.m2\repository\jakarta\activation\jakarta.activation-api\1.2.1\jakarta.activation-api-1.2.1.jar;C:\Users\Admin\.m2\repository\org\apache\xmlgraphics\batik-all\1.13\batik-all-1.13.jar;C:\Users\Admin\.m2\repository\org\apache\xmlgraphics\batik-anim\1.13\batik-anim-1.13.jar;C:\Users\Admin\.m2\repository\org\apache\xmlgraphics\batik-shared-resources\1.13\batik-shared-resources-1.13.jar;C:\Users\Admin\.m2\repository\xml-apis\xml-apis-ext\1.3.04\xml-apis-ext-1.3.04.jar;C:\Users\Admin\.m2\repository\org\apache\xmlgraphics\batik-awt-util\1.13\batik-awt-util-1.13.jar;C:\Users\Admin\.m2\repository\org\apache\xmlgraphics\xmlgraphics-commons\2.4\xmlgraphics-commons-2.4.jar;C:\Users\Admin\.m2\repository\org\apache\xmlgraphics\batik-bridge\1.13\batik-bridge-1.13.jar;C:\Users\Admin\.m2\repository\org\apache\xmlgraphics\batik-codec\1.13\batik-codec-1.13.jar;C:\Users\Admin\.m2\repository\org\apache\xmlgraphics\batik-constants\1.13\batik-constants-1.13.jar;C:\Users\Admin\.m2\repository\org\apache\xmlgraphics\batik-css\1.13\batik-css-1.13.jar;C:\Users\Admin\.m2\repository\org\apache\xmlgraphics\batik-dom\1.13\batik-dom-1.13.jar;C:\Users\Admin\.m2\repository\xalan\xalan\2.7.2\xalan-2.7.2.jar;C:\Users\Admin\.m2\repository\xalan\serializer\2.7.2\serializer-2.7.2.jar;C:\Users\Admin\.m2\repository\xml-apis\xml-apis\1.4.01\xml-apis-1.4.01.jar;C:\Users\Admin\.m2\repository\org\apache\xmlgraphics\batik-ext\1.13\batik-ext-1.13.jar;C:\Users\Admin\.m2\repository\org\apache\xmlgraphics\batik-extension\1.13\batik-extension-1.13.jar;C:\Users\Admin\.m2\repository\org\apache\xmlgraphics\batik-gui-util\1.13\batik-gui-util-1.13.jar;C:\Users\Admin\.m2\repository\org\apache\xmlgraphics\batik-gvt\1.13\batik-gvt-1.13.jar;C:\Users\Admin\.m2\repository\org\apache\xmlgraphics\batik-i18n\1.13\batik-i18n-1.13.jar;C:\Users\Admin\.m2\repository\org\apache\xmlgraphics\batik-parser\1.13\batik-parser-1.13.jar;C:\Users\Admin\.m2\repository\org\apache\xmlgraphics\batik-rasterizer-ext\1.13\batik-rasterizer-ext-1.13.jar;C:\Users\Admin\.m2\repository\org\apache\xmlgraphics\batik-rasterizer\1.13\batik-rasterizer-1.13.jar;C:\Users\Admin\.m2\repository\org\apache\xmlgraphics\batik-script\1.13\batik-script-1.13.jar;C:\Users\Admin\.m2\repository\org\apache\xmlgraphics\batik-slideshow\1.13\batik-slideshow-1.13.jar;C:\Users\Admin\.m2\repository\org\apache\xmlgraphics\batik-squiggle-ext\1.13\batik-squiggle-ext-1.13.jar;C:\Users\Admin\.m2\repository\org\apache\xmlgraphics\batik-squiggle\1.13\batik-squiggle-1.13.jar;C:\Users\Admin\.m2\repository\org\apache\xmlgraphics\batik-svg-dom\1.13\batik-svg-dom-1.13.jar;C:\Users\Admin\.m2\repository\org\apache\xmlgraphics\batik-svgbrowser\1.13\batik-svgbrowser-1.13.jar;C:\Users\Admin\.m2\repository\org\apache\xmlgraphics\batik-svggen\1.13\batik-svggen-1.13.jar;C:\Users\Admin\.m2\repository\org\apache\xmlgraphics\batik-svgpp\1.13\batik-svgpp-1.13.jar;C:\Users\Admin\.m2\repository\org\apache\xmlgraphics\batik-svgrasterizer\1.13\batik-svgrasterizer-1.13.jar;C:\Users\Admin\.m2\repository\org\apache\xmlgraphics\batik-swing\1.13\batik-swing-1.13.jar;C:\Users\Admin\.m2\repository\org\apache\xmlgraphics\batik-transcoder\1.13\batik-transcoder-1.13.jar;C:\Users\Admin\.m2\repository\org\apache\xmlgraphics\batik-util\1.13\batik-util-1.13.jar;C:\Users\Admin\.m2\repository\org\apache\xmlgraphics\batik-ttf2svg\1.13\batik-ttf2svg-1.13.jar;C:\Users\Admin\.m2\repository\org\apache\xmlgraphics\batik-xml\1.13\batik-xml-1.13.jar;C:\Users\Admin\.m2\repository\de\rototor\pdfbox\graphics2d\0.30\graphics2d-0.30.jar;C:\Users\Admin\.m2\repository\org\apache\pdfbox\pdfbox\2.0.22\pdfbox-2.0.22.jar;C:\Users\Admin\.m2\repository\org\apache\pdfbox\fontbox\2.0.22\fontbox-2.0.22.jar;C:\Users\Admin\.m2\repository\com\github\stephenc\monte\monte-screen-recorder\0.7.7.0\monte-screen-recorder-0.7.7.0.jar;C:\Users\Admin\.m2\repository\com\sun\mail\javax.mail\1.6.2\javax.mail-1.6.2.jar;C:\Users\Admin\.m2\repository\javax\activation\activation\1.1\activation-1.1.jar
Launcher Type: SUN_STANDARD

[Global flags]
     intx CICompilerCount                          = 4                                         {product} {ergonomic}
     uint ConcGCThreads                            = 2                                         {product} {ergonomic}
     uint G1ConcRefinementThreads                  = 8                                         {product} {ergonomic}
   size_t G1HeapRegionSize                         = 1048576                                   {product} {ergonomic}
    uintx GCDrainStackTargetSize                   = 64                                        {product} {ergonomic}
   size_t InitialHeapSize                          = 132120576                                 {product} {ergonomic}
   size_t MarkStackSize                            = 4194304                                   {product} {ergonomic}
   size_t MaxHeapSize                              = 2107637760                                {product} {ergonomic}
   size_t MaxNewSize                               = 1264582656                                {product} {ergonomic}
   size_t MinHeapDeltaBytes                        = 1048576                                   {product} {ergonomic}
   size_t MinHeapSize                              = 8388608                                   {product} {ergonomic}
    uintx NonNMethodCodeHeapSize                   = 5839372                                {pd product} {ergonomic}
    uintx NonProfiledCodeHeapSize                  = 122909434                              {pd product} {ergonomic}
    uintx ProfiledCodeHeapSize                     = 122909434                              {pd product} {ergonomic}
    uintx ReservedCodeCacheSize                    = 251658240                              {pd product} {ergonomic}
     bool SegmentedCodeCache                       = true                                      {product} {ergonomic}
   size_t SoftMaxHeapSize                          = 2107637760                             {manageable} {ergonomic}
     bool UseCompressedClassPointers               = true                           {product lp64_product} {ergonomic}
     bool UseCompressedOops                        = true                           {product lp64_product} {ergonomic}
     bool UseG1GC                                  = true                                      {product} {ergonomic}
     bool UseLargePagesIndividualAllocation        = false                                  {pd product} {ergonomic}

Logging:
Log output configuration:
 #0: stdout all=warning uptime,level,tags foldmultilines=false
 #1: stderr all=off uptime,level,tags foldmultilines=false

Environment Variables:
JAVA_HOME=C:\Program Files\Java\jdk-17
PATH=C:\Program Files\Common Files\Oracle\Java\javapath;C:\WINDOWS\system32;C:\WINDOWS;C:\WINDOWS\System32\Wbem;C:\WINDOWS\System32\WindowsPowerShell\v1.0\;C:\WINDOWS\System32\OpenSSH\;%JAVA_HOME%\bin;%M2_HOME%\bin;C:\install\apache-maven-3.8.5\bin;C:\Users\Admin\scoop\shims;C:\Users\Admin\AppData\Local\Microsoft\WindowsApps;;%USERPROFILE%\AppData\Local\Microsoft\WindowsApps
USERNAME=Admin
OS=Windows_NT
PROCESSOR_IDENTIFIER=Intel64 Family 6 Model 142 Stepping 12, GenuineIntel



---------------  S Y S T E M  ---------------

OS:
 Windows 11 , 64 bit Build 22000 (10.0.22000.708)
OS uptime: 3 days 5:15 hours

CPU: total 8 (initial active 8) (4 cores per cpu, 2 threads per core) family 6 model 142 stepping 12 microcode 0xde, cx8, cmov, fxsr, ht, mmx, 3dnowpref, sse, sse2, sse3, ssse3, sse4.1, sse4.2, popcnt, lzcnt, tsc, tscinvbit, avx, avx2, aes, erms, clmul, bmi1, bmi2, adx, fma, vzeroupper, clflush, clflushopt

Memory: 4k page, system-wide physical 8032M (651M free)
TotalPageFile size 20320M (AvailPageFile size 4M)
current process WorkingSet (physical memory assigned to process): 566M, peak: 570M
current process commit charge ("private bytes"): 609M, peak: 612M

vm_info: OpenJDK 64-Bit Server VM (18.0.1.1+2-6) for windows-amd64 JRE (18.0.1.1+2-6), built on Apr 25 2022 21:50:56 by "mach5one" with MS VC++ 16.8 / 16.9 (VS2019)

END.
